2025-04-13T17:51:09: Database connected
2025-04-13T17:51:09: WebSocket server initialized
2025-04-13T17:51:09: Server error: Error: bind EADDRINUSE null:5000
    at listenOnPrimaryHandle (node:net:1993:18)
    at shared (node:internal/cluster/child:157:3)
    at Worker.<anonymous> (node:internal/cluster/child:110:7)
    at process.onInternalMessage (node:internal/cluster/utils:49:5)
    at process.emit (node:events:536:35)
    at emit (node:internal/child_process:949:14)
    at process.processTicksAndRejections (node:internal/process/task_queues:91:21) {
  errno: -4091,
  code: 'EADDRINUSE',
  syscall: 'bind',
  address: null,
  port: 5000
}
Error: bind EADDRINUSE null:5000
    at listenOnPrimaryHandle (node:net:1993:18)
    at shared (node:internal/cluster/child:157:3)
    at Worker.<anonymous> (node:internal/cluster/child:110:7)
    at process.onInternalMessage (node:internal/cluster/utils:49:5)
    at process.emit (node:events:536:35)
    at emit (node:internal/child_process:949:14)
    at process.processTicksAndRejections (node:internal/process/task_queues:91:21)
2025-04-13T17:51:09: Uncaught Exception: Error: bind EADDRINUSE null:5000
    at listenOnPrimaryHandle (node:net:1993:18)
    at shared (node:internal/cluster/child:157:3)
    at Worker.<anonymous> (node:internal/cluster/child:110:7)
    at process.onInternalMessage (node:internal/cluster/utils:49:5)
    at process.emit (node:events:536:35)
    at emit (node:internal/child_process:949:14)
    at process.processTicksAndRejections (node:internal/process/task_queues:91:21) {
  errno: -4091,
  code: 'EADDRINUSE',
  syscall: 'bind',
  address: null,
  port: 5000
}
2025-04-13T17:51:10: Server is shutting down with code 1
2025-04-13T17:51:13: Database connected
2025-04-13T17:51:13: WebSocket server initialized
2025-04-13T17:51:13: Server error: Error: bind EADDRINUSE null:5000
    at listenOnPrimaryHandle (node:net:1993:18)
    at shared (node:internal/cluster/child:157:3)
    at Worker.<anonymous> (node:internal/cluster/child:110:7)
    at process.onInternalMessage (node:internal/cluster/utils:49:5)
    at process.emit (node:events:536:35)
    at emit (node:internal/child_process:949:14)
    at process.processTicksAndRejections (node:internal/process/task_queues:91:21) {
  errno: -4091,
  code: 'EADDRINUSE',
  syscall: 'bind',
  address: null,
  port: 5000
}
Error: bind EADDRINUSE null:5000
    at listenOnPrimaryHandle (node:net:1993:18)
    at shared (node:internal/cluster/child:157:3)
    at Worker.<anonymous> (node:internal/cluster/child:110:7)
    at process.onInternalMessage (node:internal/cluster/utils:49:5)
    at process.emit (node:events:536:35)
    at emit (node:internal/child_process:949:14)
    at process.processTicksAndRejections (node:internal/process/task_queues:91:21)
2025-04-13T17:51:13: Uncaught Exception: Error: bind EADDRINUSE null:5000
    at listenOnPrimaryHandle (node:net:1993:18)
    at shared (node:internal/cluster/child:157:3)
    at Worker.<anonymous> (node:internal/cluster/child:110:7)
    at process.onInternalMessage (node:internal/cluster/utils:49:5)
    at process.emit (node:events:536:35)
    at emit (node:internal/child_process:949:14)
    at process.processTicksAndRejections (node:internal/process/task_queues:91:21) {
  errno: -4091,
  code: 'EADDRINUSE',
  syscall: 'bind',
  address: null,
  port: 5000
}
2025-04-13T17:51:14: Server is shutting down with code 1
2025-04-13T17:51:16: Database connected
2025-04-13T17:51:16: WebSocket server initialized
2025-04-13T17:51:16: Server error: Error: bind EADDRINUSE null:5000
    at listenOnPrimaryHandle (node:net:1993:18)
    at shared (node:internal/cluster/child:157:3)
    at Worker.<anonymous> (node:internal/cluster/child:110:7)
    at process.onInternalMessage (node:internal/cluster/utils:49:5)
    at process.emit (node:events:536:35)
    at emit (node:internal/child_process:949:14)
    at process.processTicksAndRejections (node:internal/process/task_queues:91:21) {
  errno: -4091,
  code: 'EADDRINUSE',
  syscall: 'bind',
  address: null,
  port: 5000
}
Error: bind EADDRINUSE null:5000
    at listenOnPrimaryHandle (node:net:1993:18)
    at shared (node:internal/cluster/child:157:3)
    at Worker.<anonymous> (node:internal/cluster/child:110:7)
    at process.onInternalMessage (node:internal/cluster/utils:49:5)
    at process.emit (node:events:536:35)
    at emit (node:internal/child_process:949:14)
    at process.processTicksAndRejections (node:internal/process/task_queues:91:21)
2025-04-13T17:51:16: Uncaught Exception: Error: bind EADDRINUSE null:5000
    at listenOnPrimaryHandle (node:net:1993:18)
    at shared (node:internal/cluster/child:157:3)
    at Worker.<anonymous> (node:internal/cluster/child:110:7)
    at process.onInternalMessage (node:internal/cluster/utils:49:5)
    at process.emit (node:events:536:35)
    at emit (node:internal/child_process:949:14)
    at process.processTicksAndRejections (node:internal/process/task_queues:91:21) {
  errno: -4091,
  code: 'EADDRINUSE',
  syscall: 'bind',
  address: null,
  port: 5000
}
2025-04-13T17:51:17: Server is shutting down with code 1
2025-04-13T17:51:20: Database connected
2025-04-13T17:51:20: WebSocket server initialized
2025-04-13T17:51:20: Server error: Error: bind EADDRINUSE null:5000
    at listenOnPrimaryHandle (node:net:1993:18)
    at shared (node:internal/cluster/child:157:3)
    at Worker.<anonymous> (node:internal/cluster/child:110:7)
    at process.onInternalMessage (node:internal/cluster/utils:49:5)
    at process.emit (node:events:536:35)
    at emit (node:internal/child_process:949:14)
    at process.processTicksAndRejections (node:internal/process/task_queues:91:21) {
  errno: -4091,
  code: 'EADDRINUSE',
  syscall: 'bind',
  address: null,
  port: 5000
}
Error: bind EADDRINUSE null:5000
    at listenOnPrimaryHandle (node:net:1993:18)
    at shared (node:internal/cluster/child:157:3)
    at Worker.<anonymous> (node:internal/cluster/child:110:7)
    at process.onInternalMessage (node:internal/cluster/utils:49:5)
    at process.emit (node:events:536:35)
    at emit (node:internal/child_process:949:14)
    at process.processTicksAndRejections (node:internal/process/task_queues:91:21)
2025-04-13T17:51:20: Uncaught Exception: Error: bind EADDRINUSE null:5000
    at listenOnPrimaryHandle (node:net:1993:18)
    at shared (node:internal/cluster/child:157:3)
    at Worker.<anonymous> (node:internal/cluster/child:110:7)
    at process.onInternalMessage (node:internal/cluster/utils:49:5)
    at process.emit (node:events:536:35)
    at emit (node:internal/child_process:949:14)
    at process.processTicksAndRejections (node:internal/process/task_queues:91:21) {
  errno: -4091,
  code: 'EADDRINUSE',
  syscall: 'bind',
  address: null,
  port: 5000
}
2025-04-13T17:51:21: Server is shutting down with code 1
2025-04-13T17:51:23: Database connected
2025-04-13T17:51:23: WebSocket server initialized
2025-04-13T17:51:23: Server error: Error: bind EADDRINUSE null:5000
    at listenOnPrimaryHandle (node:net:1993:18)
    at shared (node:internal/cluster/child:157:3)
    at Worker.<anonymous> (node:internal/cluster/child:110:7)
    at process.onInternalMessage (node:internal/cluster/utils:49:5)
    at process.emit (node:events:536:35)
    at emit (node:internal/child_process:949:14)
    at process.processTicksAndRejections (node:internal/process/task_queues:91:21) {
  errno: -4091,
  code: 'EADDRINUSE',
  syscall: 'bind',
  address: null,
  port: 5000
}
Error: bind EADDRINUSE null:5000
    at listenOnPrimaryHandle (node:net:1993:18)
    at shared (node:internal/cluster/child:157:3)
    at Worker.<anonymous> (node:internal/cluster/child:110:7)
    at process.onInternalMessage (node:internal/cluster/utils:49:5)
    at process.emit (node:events:536:35)
    at emit (node:internal/child_process:949:14)
    at process.processTicksAndRejections (node:internal/process/task_queues:91:21)
2025-04-13T17:51:23: Uncaught Exception: Error: bind EADDRINUSE null:5000
    at listenOnPrimaryHandle (node:net:1993:18)
    at shared (node:internal/cluster/child:157:3)
    at Worker.<anonymous> (node:internal/cluster/child:110:7)
    at process.onInternalMessage (node:internal/cluster/utils:49:5)
    at process.emit (node:events:536:35)
    at emit (node:internal/child_process:949:14)
    at process.processTicksAndRejections (node:internal/process/task_queues:91:21) {
  errno: -4091,
  code: 'EADDRINUSE',
  syscall: 'bind',
  address: null,
  port: 5000
}
2025-04-13T17:51:24: Server is shutting down with code 1
2025-04-13T17:51:27: Database connected
2025-04-13T17:51:27: WebSocket server initialized
2025-04-13T17:51:27: Server error: Error: bind EADDRINUSE null:5000
    at listenOnPrimaryHandle (node:net:1993:18)
    at shared (node:internal/cluster/child:157:3)
    at Worker.<anonymous> (node:internal/cluster/child:110:7)
    at process.onInternalMessage (node:internal/cluster/utils:49:5)
    at process.emit (node:events:536:35)
    at emit (node:internal/child_process:949:14)
    at process.processTicksAndRejections (node:internal/process/task_queues:91:21) {
  errno: -4091,
  code: 'EADDRINUSE',
  syscall: 'bind',
  address: null,
  port: 5000
}
Error: bind EADDRINUSE null:5000
    at listenOnPrimaryHandle (node:net:1993:18)
    at shared (node:internal/cluster/child:157:3)
    at Worker.<anonymous> (node:internal/cluster/child:110:7)
    at process.onInternalMessage (node:internal/cluster/utils:49:5)
    at process.emit (node:events:536:35)
    at emit (node:internal/child_process:949:14)
    at process.processTicksAndRejections (node:internal/process/task_queues:91:21)
2025-04-13T17:51:27: Uncaught Exception: Error: bind EADDRINUSE null:5000
    at listenOnPrimaryHandle (node:net:1993:18)
    at shared (node:internal/cluster/child:157:3)
    at Worker.<anonymous> (node:internal/cluster/child:110:7)
    at process.onInternalMessage (node:internal/cluster/utils:49:5)
    at process.emit (node:events:536:35)
    at emit (node:internal/child_process:949:14)
    at process.processTicksAndRejections (node:internal/process/task_queues:91:21) {
  errno: -4091,
  code: 'EADDRINUSE',
  syscall: 'bind',
  address: null,
  port: 5000
}
2025-04-13T17:51:28: Server is shutting down with code 1
2025-04-13T17:51:30: Database connected
2025-04-13T17:51:30: WebSocket server initialized
2025-04-13T17:51:30: Server error: Error: bind EADDRINUSE null:5000
    at listenOnPrimaryHandle (node:net:1993:18)
    at shared (node:internal/cluster/child:157:3)
    at Worker.<anonymous> (node:internal/cluster/child:110:7)
    at process.onInternalMessage (node:internal/cluster/utils:49:5)
    at process.emit (node:events:536:35)
    at emit (node:internal/child_process:949:14)
    at process.processTicksAndRejections (node:internal/process/task_queues:91:21) {
  errno: -4091,
  code: 'EADDRINUSE',
  syscall: 'bind',
  address: null,
  port: 5000
}
Error: bind EADDRINUSE null:5000
    at listenOnPrimaryHandle (node:net:1993:18)
    at shared (node:internal/cluster/child:157:3)
    at Worker.<anonymous> (node:internal/cluster/child:110:7)
    at process.onInternalMessage (node:internal/cluster/utils:49:5)
    at process.emit (node:events:536:35)
    at emit (node:internal/child_process:949:14)
    at process.processTicksAndRejections (node:internal/process/task_queues:91:21)
2025-04-13T17:51:30: Uncaught Exception: Error: bind EADDRINUSE null:5000
    at listenOnPrimaryHandle (node:net:1993:18)
    at shared (node:internal/cluster/child:157:3)
    at Worker.<anonymous> (node:internal/cluster/child:110:7)
    at process.onInternalMessage (node:internal/cluster/utils:49:5)
    at process.emit (node:events:536:35)
    at emit (node:internal/child_process:949:14)
    at process.processTicksAndRejections (node:internal/process/task_queues:91:21) {
  errno: -4091,
  code: 'EADDRINUSE',
  syscall: 'bind',
  address: null,
  port: 5000
}
2025-04-13T17:51:31: Server is shutting down with code 1
2025-04-13T17:51:34: Database connected
2025-04-13T17:51:34: WebSocket server initialized
2025-04-13T17:51:34: Server error: Error: bind EADDRINUSE null:5000
    at listenOnPrimaryHandle (node:net:1993:18)
    at shared (node:internal/cluster/child:157:3)
    at Worker.<anonymous> (node:internal/cluster/child:110:7)
    at process.onInternalMessage (node:internal/cluster/utils:49:5)
    at process.emit (node:events:536:35)
    at emit (node:internal/child_process:949:14)
    at process.processTicksAndRejections (node:internal/process/task_queues:91:21) {
  errno: -4091,
  code: 'EADDRINUSE',
  syscall: 'bind',
  address: null,
  port: 5000
}
Error: bind EADDRINUSE null:5000
    at listenOnPrimaryHandle (node:net:1993:18)
    at shared (node:internal/cluster/child:157:3)
    at Worker.<anonymous> (node:internal/cluster/child:110:7)
    at process.onInternalMessage (node:internal/cluster/utils:49:5)
    at process.emit (node:events:536:35)
    at emit (node:internal/child_process:949:14)
    at process.processTicksAndRejections (node:internal/process/task_queues:91:21)
2025-04-13T17:51:34: Uncaught Exception: Error: bind EADDRINUSE null:5000
    at listenOnPrimaryHandle (node:net:1993:18)
    at shared (node:internal/cluster/child:157:3)
    at Worker.<anonymous> (node:internal/cluster/child:110:7)
    at process.onInternalMessage (node:internal/cluster/utils:49:5)
    at process.emit (node:events:536:35)
    at emit (node:internal/child_process:949:14)
    at process.processTicksAndRejections (node:internal/process/task_queues:91:21) {
  errno: -4091,
  code: 'EADDRINUSE',
  syscall: 'bind',
  address: null,
  port: 5000
}
2025-04-13T17:51:35: Server is shutting down with code 1
2025-04-13T17:51:37: Database connected
2025-04-13T17:51:37: WebSocket server initialized
2025-04-13T17:51:37: Server error: Error: bind EADDRINUSE null:5000
    at listenOnPrimaryHandle (node:net:1993:18)
    at shared (node:internal/cluster/child:157:3)
    at Worker.<anonymous> (node:internal/cluster/child:110:7)
    at process.onInternalMessage (node:internal/cluster/utils:49:5)
    at process.emit (node:events:536:35)
    at emit (node:internal/child_process:949:14)
    at process.processTicksAndRejections (node:internal/process/task_queues:91:21) {
  errno: -4091,
  code: 'EADDRINUSE',
  syscall: 'bind',
  address: null,
  port: 5000
}
Error: bind EADDRINUSE null:5000
    at listenOnPrimaryHandle (node:net:1993:18)
    at shared (node:internal/cluster/child:157:3)
    at Worker.<anonymous> (node:internal/cluster/child:110:7)
    at process.onInternalMessage (node:internal/cluster/utils:49:5)
    at process.emit (node:events:536:35)
    at emit (node:internal/child_process:949:14)
    at process.processTicksAndRejections (node:internal/process/task_queues:91:21)
2025-04-13T17:51:37: Uncaught Exception: Error: bind EADDRINUSE null:5000
    at listenOnPrimaryHandle (node:net:1993:18)
    at shared (node:internal/cluster/child:157:3)
    at Worker.<anonymous> (node:internal/cluster/child:110:7)
    at process.onInternalMessage (node:internal/cluster/utils:49:5)
    at process.emit (node:events:536:35)
    at emit (node:internal/child_process:949:14)
    at process.processTicksAndRejections (node:internal/process/task_queues:91:21) {
  errno: -4091,
  code: 'EADDRINUSE',
  syscall: 'bind',
  address: null,
  port: 5000
}
2025-04-13T17:51:39: Server is shutting down with code 1
2025-04-13T17:51:41: Database connected
2025-04-13T17:51:41: WebSocket server initialized
2025-04-13T17:51:41: Server error: Error: bind EADDRINUSE null:5000
    at listenOnPrimaryHandle (node:net:1993:18)
    at shared (node:internal/cluster/child:157:3)
    at Worker.<anonymous> (node:internal/cluster/child:110:7)
    at process.onInternalMessage (node:internal/cluster/utils:49:5)
    at process.emit (node:events:536:35)
    at emit (node:internal/child_process:949:14)
    at process.processTicksAndRejections (node:internal/process/task_queues:91:21) {
  errno: -4091,
  code: 'EADDRINUSE',
  syscall: 'bind',
  address: null,
  port: 5000
}
Error: bind EADDRINUSE null:5000
    at listenOnPrimaryHandle (node:net:1993:18)
    at shared (node:internal/cluster/child:157:3)
    at Worker.<anonymous> (node:internal/cluster/child:110:7)
    at process.onInternalMessage (node:internal/cluster/utils:49:5)
    at process.emit (node:events:536:35)
    at emit (node:internal/child_process:949:14)
    at process.processTicksAndRejections (node:internal/process/task_queues:91:21)
2025-04-13T17:51:41: Uncaught Exception: Error: bind EADDRINUSE null:5000
    at listenOnPrimaryHandle (node:net:1993:18)
    at shared (node:internal/cluster/child:157:3)
    at Worker.<anonymous> (node:internal/cluster/child:110:7)
    at process.onInternalMessage (node:internal/cluster/utils:49:5)
    at process.emit (node:events:536:35)
    at emit (node:internal/child_process:949:14)
    at process.processTicksAndRejections (node:internal/process/task_queues:91:21) {
  errno: -4091,
  code: 'EADDRINUSE',
  syscall: 'bind',
  address: null,
  port: 5000
}
2025-04-13T17:51:42: Server is shutting down with code 1
2025-04-13T17:51:44: Database connected
2025-04-13T17:51:44: WebSocket server initialized
2025-04-13T17:51:44: Server error: Error: bind EADDRINUSE null:5000
    at listenOnPrimaryHandle (node:net:1993:18)
    at shared (node:internal/cluster/child:157:3)
    at Worker.<anonymous> (node:internal/cluster/child:110:7)
    at process.onInternalMessage (node:internal/cluster/utils:49:5)
    at process.emit (node:events:536:35)
    at emit (node:internal/child_process:949:14)
    at process.processTicksAndRejections (node:internal/process/task_queues:91:21) {
  errno: -4091,
  code: 'EADDRINUSE',
  syscall: 'bind',
  address: null,
  port: 5000
}
Error: bind EADDRINUSE null:5000
    at listenOnPrimaryHandle (node:net:1993:18)
    at shared (node:internal/cluster/child:157:3)
    at Worker.<anonymous> (node:internal/cluster/child:110:7)
    at process.onInternalMessage (node:internal/cluster/utils:49:5)
    at process.emit (node:events:536:35)
    at emit (node:internal/child_process:949:14)
    at process.processTicksAndRejections (node:internal/process/task_queues:91:21)
2025-04-13T17:51:44: Uncaught Exception: Error: bind EADDRINUSE null:5000
    at listenOnPrimaryHandle (node:net:1993:18)
    at shared (node:internal/cluster/child:157:3)
    at Worker.<anonymous> (node:internal/cluster/child:110:7)
    at process.onInternalMessage (node:internal/cluster/utils:49:5)
    at process.emit (node:events:536:35)
    at emit (node:internal/child_process:949:14)
    at process.processTicksAndRejections (node:internal/process/task_queues:91:21) {
  errno: -4091,
  code: 'EADDRINUSE',
  syscall: 'bind',
  address: null,
  port: 5000
}
2025-04-13T17:51:45: Server is shutting down with code 1
2025-04-13T17:51:48: Database connected
2025-04-13T17:51:48: WebSocket server initialized
2025-04-13T17:51:48: Server error: Error: bind EADDRINUSE null:5000
    at listenOnPrimaryHandle (node:net:1993:18)
    at shared (node:internal/cluster/child:157:3)
    at Worker.<anonymous> (node:internal/cluster/child:110:7)
    at process.onInternalMessage (node:internal/cluster/utils:49:5)
    at process.emit (node:events:536:35)
    at emit (node:internal/child_process:949:14)
    at process.processTicksAndRejections (node:internal/process/task_queues:91:21) {
  errno: -4091,
  code: 'EADDRINUSE',
  syscall: 'bind',
  address: null,
  port: 5000
}
Error: bind EADDRINUSE null:5000
    at listenOnPrimaryHandle (node:net:1993:18)
    at shared (node:internal/cluster/child:157:3)
    at Worker.<anonymous> (node:internal/cluster/child:110:7)
    at process.onInternalMessage (node:internal/cluster/utils:49:5)
    at process.emit (node:events:536:35)
    at emit (node:internal/child_process:949:14)
    at process.processTicksAndRejections (node:internal/process/task_queues:91:21)
2025-04-13T17:51:48: Uncaught Exception: Error: bind EADDRINUSE null:5000
    at listenOnPrimaryHandle (node:net:1993:18)
    at shared (node:internal/cluster/child:157:3)
    at Worker.<anonymous> (node:internal/cluster/child:110:7)
    at process.onInternalMessage (node:internal/cluster/utils:49:5)
    at process.emit (node:events:536:35)
    at emit (node:internal/child_process:949:14)
    at process.processTicksAndRejections (node:internal/process/task_queues:91:21) {
  errno: -4091,
  code: 'EADDRINUSE',
  syscall: 'bind',
  address: null,
  port: 5000
}
2025-04-13T17:51:49: Server is shutting down with code 1
2025-04-13T17:51:51: Database connected
2025-04-13T17:51:51: WebSocket server initialized
2025-04-13T17:51:51: Server error: Error: bind EADDRINUSE null:5000
    at listenOnPrimaryHandle (node:net:1993:18)
    at shared (node:internal/cluster/child:157:3)
    at Worker.<anonymous> (node:internal/cluster/child:110:7)
    at process.onInternalMessage (node:internal/cluster/utils:49:5)
    at process.emit (node:events:536:35)
    at emit (node:internal/child_process:949:14)
    at process.processTicksAndRejections (node:internal/process/task_queues:91:21) {
  errno: -4091,
  code: 'EADDRINUSE',
  syscall: 'bind',
  address: null,
  port: 5000
}
Error: bind EADDRINUSE null:5000
    at listenOnPrimaryHandle (node:net:1993:18)
    at shared (node:internal/cluster/child:157:3)
    at Worker.<anonymous> (node:internal/cluster/child:110:7)
    at process.onInternalMessage (node:internal/cluster/utils:49:5)
    at process.emit (node:events:536:35)
    at emit (node:internal/child_process:949:14)
    at process.processTicksAndRejections (node:internal/process/task_queues:91:21)
2025-04-13T17:51:51: Uncaught Exception: Error: bind EADDRINUSE null:5000
    at listenOnPrimaryHandle (node:net:1993:18)
    at shared (node:internal/cluster/child:157:3)
    at Worker.<anonymous> (node:internal/cluster/child:110:7)
    at process.onInternalMessage (node:internal/cluster/utils:49:5)
    at process.emit (node:events:536:35)
    at emit (node:internal/child_process:949:14)
    at process.processTicksAndRejections (node:internal/process/task_queues:91:21) {
  errno: -4091,
  code: 'EADDRINUSE',
  syscall: 'bind',
  address: null,
  port: 5000
}
2025-04-13T17:51:52: Server is shutting down with code 1
2025-04-13T17:51:55: Database connected
2025-04-13T17:51:55: WebSocket server initialized
2025-04-13T17:51:55: Server error: Error: bind EADDRINUSE null:5000
    at listenOnPrimaryHandle (node:net:1993:18)
    at shared (node:internal/cluster/child:157:3)
    at Worker.<anonymous> (node:internal/cluster/child:110:7)
    at process.onInternalMessage (node:internal/cluster/utils:49:5)
    at process.emit (node:events:536:35)
    at emit (node:internal/child_process:949:14)
    at process.processTicksAndRejections (node:internal/process/task_queues:91:21) {
  errno: -4091,
  code: 'EADDRINUSE',
  syscall: 'bind',
  address: null,
  port: 5000
}
Error: bind EADDRINUSE null:5000
    at listenOnPrimaryHandle (node:net:1993:18)
    at shared (node:internal/cluster/child:157:3)
    at Worker.<anonymous> (node:internal/cluster/child:110:7)
    at process.onInternalMessage (node:internal/cluster/utils:49:5)
    at process.emit (node:events:536:35)
    at emit (node:internal/child_process:949:14)
    at process.processTicksAndRejections (node:internal/process/task_queues:91:21)
2025-04-13T17:51:55: Uncaught Exception: Error: bind EADDRINUSE null:5000
    at listenOnPrimaryHandle (node:net:1993:18)
    at shared (node:internal/cluster/child:157:3)
    at Worker.<anonymous> (node:internal/cluster/child:110:7)
    at process.onInternalMessage (node:internal/cluster/utils:49:5)
    at process.emit (node:events:536:35)
    at emit (node:internal/child_process:949:14)
    at process.processTicksAndRejections (node:internal/process/task_queues:91:21) {
  errno: -4091,
  code: 'EADDRINUSE',
  syscall: 'bind',
  address: null,
  port: 5000
}
2025-04-13T17:51:56: Server is shutting down with code 1
2025-04-13T17:51:58: Database connected
2025-04-13T17:51:58: WebSocket server initialized
2025-04-13T17:51:58: Server error: Error: bind EADDRINUSE null:5000
    at listenOnPrimaryHandle (node:net:1993:18)
    at shared (node:internal/cluster/child:157:3)
    at Worker.<anonymous> (node:internal/cluster/child:110:7)
    at process.onInternalMessage (node:internal/cluster/utils:49:5)
    at process.emit (node:events:536:35)
    at emit (node:internal/child_process:949:14)
    at process.processTicksAndRejections (node:internal/process/task_queues:91:21) {
  errno: -4091,
  code: 'EADDRINUSE',
  syscall: 'bind',
  address: null,
  port: 5000
}
Error: bind EADDRINUSE null:5000
    at listenOnPrimaryHandle (node:net:1993:18)
    at shared (node:internal/cluster/child:157:3)
    at Worker.<anonymous> (node:internal/cluster/child:110:7)
    at process.onInternalMessage (node:internal/cluster/utils:49:5)
    at process.emit (node:events:536:35)
    at emit (node:internal/child_process:949:14)
    at process.processTicksAndRejections (node:internal/process/task_queues:91:21)
2025-04-13T17:51:58: Uncaught Exception: Error: bind EADDRINUSE null:5000
    at listenOnPrimaryHandle (node:net:1993:18)
    at shared (node:internal/cluster/child:157:3)
    at Worker.<anonymous> (node:internal/cluster/child:110:7)
    at process.onInternalMessage (node:internal/cluster/utils:49:5)
    at process.emit (node:events:536:35)
    at emit (node:internal/child_process:949:14)
    at process.processTicksAndRejections (node:internal/process/task_queues:91:21) {
  errno: -4091,
  code: 'EADDRINUSE',
  syscall: 'bind',
  address: null,
  port: 5000
}
2025-04-13T17:51:59: Server is shutting down with code 1
2025-04-13T17:52:01: Database connected
2025-04-13T17:52:01: WebSocket server initialized
2025-04-13T17:52:01: Server error: Error: bind EADDRINUSE null:5000
    at listenOnPrimaryHandle (node:net:1993:18)
    at shared (node:internal/cluster/child:157:3)
    at Worker.<anonymous> (node:internal/cluster/child:110:7)
    at process.onInternalMessage (node:internal/cluster/utils:49:5)
    at process.emit (node:events:536:35)
    at emit (node:internal/child_process:949:14)
    at process.processTicksAndRejections (node:internal/process/task_queues:91:21) {
  errno: -4091,
  code: 'EADDRINUSE',
  syscall: 'bind',
  address: null,
  port: 5000
}
Error: bind EADDRINUSE null:5000
    at listenOnPrimaryHandle (node:net:1993:18)
    at shared (node:internal/cluster/child:157:3)
    at Worker.<anonymous> (node:internal/cluster/child:110:7)
    at process.onInternalMessage (node:internal/cluster/utils:49:5)
    at process.emit (node:events:536:35)
    at emit (node:internal/child_process:949:14)
    at process.processTicksAndRejections (node:internal/process/task_queues:91:21)
2025-04-13T17:52:01: Uncaught Exception: Error: bind EADDRINUSE null:5000
    at listenOnPrimaryHandle (node:net:1993:18)
    at shared (node:internal/cluster/child:157:3)
    at Worker.<anonymous> (node:internal/cluster/child:110:7)
    at process.onInternalMessage (node:internal/cluster/utils:49:5)
    at process.emit (node:events:536:35)
    at emit (node:internal/child_process:949:14)
    at process.processTicksAndRejections (node:internal/process/task_queues:91:21) {
  errno: -4091,
  code: 'EADDRINUSE',
  syscall: 'bind',
  address: null,
  port: 5000
}
2025-04-13T17:52:02: Server is shutting down with code 1
2025-04-13T17:52:05: Database connected
2025-04-13T17:52:05: WebSocket server initialized
2025-04-13T17:52:05: Server error: Error: bind EADDRINUSE null:5000
    at listenOnPrimaryHandle (node:net:1993:18)
    at shared (node:internal/cluster/child:157:3)
    at Worker.<anonymous> (node:internal/cluster/child:110:7)
    at process.onInternalMessage (node:internal/cluster/utils:49:5)
    at process.emit (node:events:536:35)
    at emit (node:internal/child_process:949:14)
    at process.processTicksAndRejections (node:internal/process/task_queues:91:21) {
  errno: -4091,
  code: 'EADDRINUSE',
  syscall: 'bind',
  address: null,
  port: 5000
}
Error: bind EADDRINUSE null:5000
    at listenOnPrimaryHandle (node:net:1993:18)
    at shared (node:internal/cluster/child:157:3)
    at Worker.<anonymous> (node:internal/cluster/child:110:7)
    at process.onInternalMessage (node:internal/cluster/utils:49:5)
    at process.emit (node:events:536:35)
    at emit (node:internal/child_process:949:14)
    at process.processTicksAndRejections (node:internal/process/task_queues:91:21)
2025-04-13T17:52:05: Uncaught Exception: Error: bind EADDRINUSE null:5000
    at listenOnPrimaryHandle (node:net:1993:18)
    at shared (node:internal/cluster/child:157:3)
    at Worker.<anonymous> (node:internal/cluster/child:110:7)
    at process.onInternalMessage (node:internal/cluster/utils:49:5)
    at process.emit (node:events:536:35)
    at emit (node:internal/child_process:949:14)
    at process.processTicksAndRejections (node:internal/process/task_queues:91:21) {
  errno: -4091,
  code: 'EADDRINUSE',
  syscall: 'bind',
  address: null,
  port: 5000
}
2025-04-13T17:52:06: Server is shutting down with code 1
2025-04-13T17:52:08: Database connected
2025-04-13T17:52:08: WebSocket server initialized
2025-04-13T17:52:08: Server error: Error: bind EADDRINUSE null:5000
    at listenOnPrimaryHandle (node:net:1993:18)
    at shared (node:internal/cluster/child:157:3)
    at Worker.<anonymous> (node:internal/cluster/child:110:7)
    at process.onInternalMessage (node:internal/cluster/utils:49:5)
    at process.emit (node:events:536:35)
    at emit (node:internal/child_process:949:14)
    at process.processTicksAndRejections (node:internal/process/task_queues:91:21) {
  errno: -4091,
  code: 'EADDRINUSE',
  syscall: 'bind',
  address: null,
  port: 5000
}
Error: bind EADDRINUSE null:5000
    at listenOnPrimaryHandle (node:net:1993:18)
    at shared (node:internal/cluster/child:157:3)
    at Worker.<anonymous> (node:internal/cluster/child:110:7)
    at process.onInternalMessage (node:internal/cluster/utils:49:5)
    at process.emit (node:events:536:35)
    at emit (node:internal/child_process:949:14)
    at process.processTicksAndRejections (node:internal/process/task_queues:91:21)
2025-04-13T17:52:08: Uncaught Exception: Error: bind EADDRINUSE null:5000
    at listenOnPrimaryHandle (node:net:1993:18)
    at shared (node:internal/cluster/child:157:3)
    at Worker.<anonymous> (node:internal/cluster/child:110:7)
    at process.onInternalMessage (node:internal/cluster/utils:49:5)
    at process.emit (node:events:536:35)
    at emit (node:internal/child_process:949:14)
    at process.processTicksAndRejections (node:internal/process/task_queues:91:21) {
  errno: -4091,
  code: 'EADDRINUSE',
  syscall: 'bind',
  address: null,
  port: 5000
}
2025-04-13T17:52:09: Server is shutting down with code 1
2025-04-13T17:52:11: Database connected
2025-04-13T17:52:11: WebSocket server initialized
2025-04-13T17:52:11: Server error: Error: bind EADDRINUSE null:5000
    at listenOnPrimaryHandle (node:net:1993:18)
    at shared (node:internal/cluster/child:157:3)
    at Worker.<anonymous> (node:internal/cluster/child:110:7)
    at process.onInternalMessage (node:internal/cluster/utils:49:5)
    at process.emit (node:events:536:35)
    at emit (node:internal/child_process:949:14)
    at process.processTicksAndRejections (node:internal/process/task_queues:91:21) {
  errno: -4091,
  code: 'EADDRINUSE',
  syscall: 'bind',
  address: null,
  port: 5000
}
Error: bind EADDRINUSE null:5000
    at listenOnPrimaryHandle (node:net:1993:18)
    at shared (node:internal/cluster/child:157:3)
    at Worker.<anonymous> (node:internal/cluster/child:110:7)
    at process.onInternalMessage (node:internal/cluster/utils:49:5)
    at process.emit (node:events:536:35)
    at emit (node:internal/child_process:949:14)
    at process.processTicksAndRejections (node:internal/process/task_queues:91:21)
2025-04-13T17:52:11: Uncaught Exception: Error: bind EADDRINUSE null:5000
    at listenOnPrimaryHandle (node:net:1993:18)
    at shared (node:internal/cluster/child:157:3)
    at Worker.<anonymous> (node:internal/cluster/child:110:7)
    at process.onInternalMessage (node:internal/cluster/utils:49:5)
    at process.emit (node:events:536:35)
    at emit (node:internal/child_process:949:14)
    at process.processTicksAndRejections (node:internal/process/task_queues:91:21) {
  errno: -4091,
  code: 'EADDRINUSE',
  syscall: 'bind',
  address: null,
  port: 5000
}
2025-04-13T17:52:12: Server is shutting down with code 1
2025-04-13T17:52:15: Database connected
2025-04-13T17:52:15: WebSocket server initialized
2025-04-13T17:52:15: Server error: Error: bind EADDRINUSE null:5000
    at listenOnPrimaryHandle (node:net:1993:18)
    at shared (node:internal/cluster/child:157:3)
    at Worker.<anonymous> (node:internal/cluster/child:110:7)
    at process.onInternalMessage (node:internal/cluster/utils:49:5)
    at process.emit (node:events:536:35)
    at emit (node:internal/child_process:949:14)
    at process.processTicksAndRejections (node:internal/process/task_queues:91:21) {
  errno: -4091,
  code: 'EADDRINUSE',
  syscall: 'bind',
  address: null,
  port: 5000
}
Error: bind EADDRINUSE null:5000
    at listenOnPrimaryHandle (node:net:1993:18)
    at shared (node:internal/cluster/child:157:3)
    at Worker.<anonymous> (node:internal/cluster/child:110:7)
    at process.onInternalMessage (node:internal/cluster/utils:49:5)
    at process.emit (node:events:536:35)
    at emit (node:internal/child_process:949:14)
    at process.processTicksAndRejections (node:internal/process/task_queues:91:21)
2025-04-13T17:52:15: Uncaught Exception: Error: bind EADDRINUSE null:5000
    at listenOnPrimaryHandle (node:net:1993:18)
    at shared (node:internal/cluster/child:157:3)
    at Worker.<anonymous> (node:internal/cluster/child:110:7)
    at process.onInternalMessage (node:internal/cluster/utils:49:5)
    at process.emit (node:events:536:35)
    at emit (node:internal/child_process:949:14)
    at process.processTicksAndRejections (node:internal/process/task_queues:91:21) {
  errno: -4091,
  code: 'EADDRINUSE',
  syscall: 'bind',
  address: null,
  port: 5000
}
2025-04-13T17:52:16: Server is shutting down with code 1
2025-04-13T17:52:18: Database connected
2025-04-13T17:52:18: WebSocket server initialized
2025-04-13T17:52:18: Server error: Error: bind EADDRINUSE null:5000
    at listenOnPrimaryHandle (node:net:1993:18)
    at shared (node:internal/cluster/child:157:3)
    at Worker.<anonymous> (node:internal/cluster/child:110:7)
    at process.onInternalMessage (node:internal/cluster/utils:49:5)
    at process.emit (node:events:536:35)
    at emit (node:internal/child_process:949:14)
    at process.processTicksAndRejections (node:internal/process/task_queues:91:21) {
  errno: -4091,
  code: 'EADDRINUSE',
  syscall: 'bind',
  address: null,
  port: 5000
}
Error: bind EADDRINUSE null:5000
    at listenOnPrimaryHandle (node:net:1993:18)
    at shared (node:internal/cluster/child:157:3)
    at Worker.<anonymous> (node:internal/cluster/child:110:7)
    at process.onInternalMessage (node:internal/cluster/utils:49:5)
    at process.emit (node:events:536:35)
    at emit (node:internal/child_process:949:14)
    at process.processTicksAndRejections (node:internal/process/task_queues:91:21)
2025-04-13T17:52:18: Uncaught Exception: Error: bind EADDRINUSE null:5000
    at listenOnPrimaryHandle (node:net:1993:18)
    at shared (node:internal/cluster/child:157:3)
    at Worker.<anonymous> (node:internal/cluster/child:110:7)
    at process.onInternalMessage (node:internal/cluster/utils:49:5)
    at process.emit (node:events:536:35)
    at emit (node:internal/child_process:949:14)
    at process.processTicksAndRejections (node:internal/process/task_queues:91:21) {
  errno: -4091,
  code: 'EADDRINUSE',
  syscall: 'bind',
  address: null,
  port: 5000
}
2025-04-13T17:54:42: Database connected
2025-04-13T17:54:42: WebSocket server initialized
2025-04-13T17:54:42: Server error: Error: bind EADDRINUSE null:5000
    at listenOnPrimaryHandle (node:net:1993:18)
    at shared (node:internal/cluster/child:157:3)
    at Worker.<anonymous> (node:internal/cluster/child:110:7)
    at process.onInternalMessage (node:internal/cluster/utils:49:5)
    at process.emit (node:events:536:35)
    at emit (node:internal/child_process:949:14)
    at process.processTicksAndRejections (node:internal/process/task_queues:91:21) {
  errno: -4091,
  code: 'EADDRINUSE',
  syscall: 'bind',
  address: null,
  port: 5000
}
Error: bind EADDRINUSE null:5000
    at listenOnPrimaryHandle (node:net:1993:18)
    at shared (node:internal/cluster/child:157:3)
    at Worker.<anonymous> (node:internal/cluster/child:110:7)
    at process.onInternalMessage (node:internal/cluster/utils:49:5)
    at process.emit (node:events:536:35)
    at emit (node:internal/child_process:949:14)
    at process.processTicksAndRejections (node:internal/process/task_queues:91:21)
2025-04-13T17:54:42: Uncaught Exception: Error: bind EADDRINUSE null:5000
    at listenOnPrimaryHandle (node:net:1993:18)
    at shared (node:internal/cluster/child:157:3)
    at Worker.<anonymous> (node:internal/cluster/child:110:7)
    at process.onInternalMessage (node:internal/cluster/utils:49:5)
    at process.emit (node:events:536:35)
    at emit (node:internal/child_process:949:14)
    at process.processTicksAndRejections (node:internal/process/task_queues:91:21) {
  errno: -4091,
  code: 'EADDRINUSE',
  syscall: 'bind',
  address: null,
  port: 5000
}
2025-04-13T17:54:43: Server is shutting down with code 1
2025-04-13T17:54:48: Database connected
2025-04-13T17:54:48: WebSocket server initialized
2025-04-13T17:54:48: Server error: Error: bind EADDRINUSE null:5000
    at listenOnPrimaryHandle (node:net:1993:18)
    at shared (node:internal/cluster/child:157:3)
    at Worker.<anonymous> (node:internal/cluster/child:110:7)
    at process.onInternalMessage (node:internal/cluster/utils:49:5)
    at process.emit (node:events:536:35)
    at emit (node:internal/child_process:949:14)
    at process.processTicksAndRejections (node:internal/process/task_queues:91:21) {
  errno: -4091,
  code: 'EADDRINUSE',
  syscall: 'bind',
  address: null,
  port: 5000
}
Error: bind EADDRINUSE null:5000
    at listenOnPrimaryHandle (node:net:1993:18)
    at shared (node:internal/cluster/child:157:3)
    at Worker.<anonymous> (node:internal/cluster/child:110:7)
    at process.onInternalMessage (node:internal/cluster/utils:49:5)
    at process.emit (node:events:536:35)
    at emit (node:internal/child_process:949:14)
    at process.processTicksAndRejections (node:internal/process/task_queues:91:21)
2025-04-13T17:54:48: Uncaught Exception: Error: bind EADDRINUSE null:5000
    at listenOnPrimaryHandle (node:net:1993:18)
    at shared (node:internal/cluster/child:157:3)
    at Worker.<anonymous> (node:internal/cluster/child:110:7)
    at process.onInternalMessage (node:internal/cluster/utils:49:5)
    at process.emit (node:events:536:35)
    at emit (node:internal/child_process:949:14)
    at process.processTicksAndRejections (node:internal/process/task_queues:91:21) {
  errno: -4091,
  code: 'EADDRINUSE',
  syscall: 'bind',
  address: null,
  port: 5000
}
2025-04-13T17:54:49: Server is shutting down with code 1
2025-04-13T17:54:57: Database connected
2025-04-13T17:54:57: WebSocket server initialized
2025-04-13T17:54:57: Server error: Error: bind EADDRINUSE null:5000
    at listenOnPrimaryHandle (node:net:1993:18)
    at shared (node:internal/cluster/child:157:3)
    at Worker.<anonymous> (node:internal/cluster/child:110:7)
    at process.onInternalMessage (node:internal/cluster/utils:49:5)
    at process.emit (node:events:536:35)
    at emit (node:internal/child_process:949:14)
    at process.processTicksAndRejections (node:internal/process/task_queues:91:21) {
  errno: -4091,
  code: 'EADDRINUSE',
  syscall: 'bind',
  address: null,
  port: 5000
}
Error: bind EADDRINUSE null:5000
    at listenOnPrimaryHandle (node:net:1993:18)
    at shared (node:internal/cluster/child:157:3)
    at Worker.<anonymous> (node:internal/cluster/child:110:7)
    at process.onInternalMessage (node:internal/cluster/utils:49:5)
    at process.emit (node:events:536:35)
    at emit (node:internal/child_process:949:14)
    at process.processTicksAndRejections (node:internal/process/task_queues:91:21)
2025-04-13T17:54:57: Uncaught Exception: Error: bind EADDRINUSE null:5000
    at listenOnPrimaryHandle (node:net:1993:18)
    at shared (node:internal/cluster/child:157:3)
    at Worker.<anonymous> (node:internal/cluster/child:110:7)
    at process.onInternalMessage (node:internal/cluster/utils:49:5)
    at process.emit (node:events:536:35)
    at emit (node:internal/child_process:949:14)
    at process.processTicksAndRejections (node:internal/process/task_queues:91:21) {
  errno: -4091,
  code: 'EADDRINUSE',
  syscall: 'bind',
  address: null,
  port: 5000
}
2025-04-13T17:54:58: Server is shutting down with code 1
2025-04-13T17:55:06: Database connected
2025-04-13T17:55:06: WebSocket server initialized
2025-04-13T17:55:06: Server error: Error: bind EADDRINUSE null:5000
    at listenOnPrimaryHandle (node:net:1993:18)
    at shared (node:internal/cluster/child:157:3)
    at Worker.<anonymous> (node:internal/cluster/child:110:7)
    at process.onInternalMessage (node:internal/cluster/utils:49:5)
    at process.emit (node:events:536:35)
    at emit (node:internal/child_process:949:14)
    at process.processTicksAndRejections (node:internal/process/task_queues:91:21) {
  errno: -4091,
  code: 'EADDRINUSE',
  syscall: 'bind',
  address: null,
  port: 5000
}
Error: bind EADDRINUSE null:5000
    at listenOnPrimaryHandle (node:net:1993:18)
    at shared (node:internal/cluster/child:157:3)
    at Worker.<anonymous> (node:internal/cluster/child:110:7)
    at process.onInternalMessage (node:internal/cluster/utils:49:5)
    at process.emit (node:events:536:35)
    at emit (node:internal/child_process:949:14)
    at process.processTicksAndRejections (node:internal/process/task_queues:91:21)
2025-04-13T17:55:06: Uncaught Exception: Error: bind EADDRINUSE null:5000
    at listenOnPrimaryHandle (node:net:1993:18)
    at shared (node:internal/cluster/child:157:3)
    at Worker.<anonymous> (node:internal/cluster/child:110:7)
    at process.onInternalMessage (node:internal/cluster/utils:49:5)
    at process.emit (node:events:536:35)
    at emit (node:internal/child_process:949:14)
    at process.processTicksAndRejections (node:internal/process/task_queues:91:21) {
  errno: -4091,
  code: 'EADDRINUSE',
  syscall: 'bind',
  address: null,
  port: 5000
}
2025-04-13T17:55:07: Server is shutting down with code 1
2025-04-13T17:55:11: Database connected
2025-04-13T17:55:11: WebSocket server initialized
2025-04-13T17:55:11: Server error: Error: bind EADDRINUSE null:5000
    at listenOnPrimaryHandle (node:net:1993:18)
    at shared (node:internal/cluster/child:157:3)
    at Worker.<anonymous> (node:internal/cluster/child:110:7)
    at process.onInternalMessage (node:internal/cluster/utils:49:5)
    at process.emit (node:events:536:35)
    at emit (node:internal/child_process:949:14)
    at process.processTicksAndRejections (node:internal/process/task_queues:91:21) {
  errno: -4091,
  code: 'EADDRINUSE',
  syscall: 'bind',
  address: null,
  port: 5000
}
Error: bind EADDRINUSE null:5000
    at listenOnPrimaryHandle (node:net:1993:18)
    at shared (node:internal/cluster/child:157:3)
    at Worker.<anonymous> (node:internal/cluster/child:110:7)
    at process.onInternalMessage (node:internal/cluster/utils:49:5)
    at process.emit (node:events:536:35)
    at emit (node:internal/child_process:949:14)
    at process.processTicksAndRejections (node:internal/process/task_queues:91:21)
2025-04-13T17:55:11: Uncaught Exception: Error: bind EADDRINUSE null:5000
    at listenOnPrimaryHandle (node:net:1993:18)
    at shared (node:internal/cluster/child:157:3)
    at Worker.<anonymous> (node:internal/cluster/child:110:7)
    at process.onInternalMessage (node:internal/cluster/utils:49:5)
    at process.emit (node:events:536:35)
    at emit (node:internal/child_process:949:14)
    at process.processTicksAndRejections (node:internal/process/task_queues:91:21) {
  errno: -4091,
  code: 'EADDRINUSE',
  syscall: 'bind',
  address: null,
  port: 5000
}
2025-04-13T17:55:12: Server is shutting down with code 1
2025-04-13T17:55:15: Database connected
2025-04-13T17:55:15: WebSocket server initialized
2025-04-13T17:55:15: Server error: Error: bind EADDRINUSE null:5000
    at listenOnPrimaryHandle (node:net:1993:18)
    at shared (node:internal/cluster/child:157:3)
    at Worker.<anonymous> (node:internal/cluster/child:110:7)
    at process.onInternalMessage (node:internal/cluster/utils:49:5)
    at process.emit (node:events:536:35)
    at emit (node:internal/child_process:949:14)
    at process.processTicksAndRejections (node:internal/process/task_queues:91:21) {
  errno: -4091,
  code: 'EADDRINUSE',
  syscall: 'bind',
  address: null,
  port: 5000
}
Error: bind EADDRINUSE null:5000
    at listenOnPrimaryHandle (node:net:1993:18)
    at shared (node:internal/cluster/child:157:3)
    at Worker.<anonymous> (node:internal/cluster/child:110:7)
    at process.onInternalMessage (node:internal/cluster/utils:49:5)
    at process.emit (node:events:536:35)
    at emit (node:internal/child_process:949:14)
    at process.processTicksAndRejections (node:internal/process/task_queues:91:21)
2025-04-13T17:55:15: Uncaught Exception: Error: bind EADDRINUSE null:5000
    at listenOnPrimaryHandle (node:net:1993:18)
    at shared (node:internal/cluster/child:157:3)
    at Worker.<anonymous> (node:internal/cluster/child:110:7)
    at process.onInternalMessage (node:internal/cluster/utils:49:5)
    at process.emit (node:events:536:35)
    at emit (node:internal/child_process:949:14)
    at process.processTicksAndRejections (node:internal/process/task_queues:91:21) {
  errno: -4091,
  code: 'EADDRINUSE',
  syscall: 'bind',
  address: null,
  port: 5000
}
2025-04-13T17:55:16: Server is shutting down with code 1
2025-04-13T17:55:19: Database connected
2025-04-13T17:55:19: WebSocket server initialized
2025-04-13T17:55:19: Server error: Error: bind EADDRINUSE null:5000
    at listenOnPrimaryHandle (node:net:1993:18)
    at shared (node:internal/cluster/child:157:3)
    at Worker.<anonymous> (node:internal/cluster/child:110:7)
    at process.onInternalMessage (node:internal/cluster/utils:49:5)
    at process.emit (node:events:536:35)
    at emit (node:internal/child_process:949:14)
    at process.processTicksAndRejections (node:internal/process/task_queues:91:21) {
  errno: -4091,
  code: 'EADDRINUSE',
  syscall: 'bind',
  address: null,
  port: 5000
}
Error: bind EADDRINUSE null:5000
    at listenOnPrimaryHandle (node:net:1993:18)
    at shared (node:internal/cluster/child:157:3)
    at Worker.<anonymous> (node:internal/cluster/child:110:7)
    at process.onInternalMessage (node:internal/cluster/utils:49:5)
    at process.emit (node:events:536:35)
    at emit (node:internal/child_process:949:14)
    at process.processTicksAndRejections (node:internal/process/task_queues:91:21)
2025-04-13T17:55:19: Uncaught Exception: Error: bind EADDRINUSE null:5000
    at listenOnPrimaryHandle (node:net:1993:18)
    at shared (node:internal/cluster/child:157:3)
    at Worker.<anonymous> (node:internal/cluster/child:110:7)
    at process.onInternalMessage (node:internal/cluster/utils:49:5)
    at process.emit (node:events:536:35)
    at emit (node:internal/child_process:949:14)
    at process.processTicksAndRejections (node:internal/process/task_queues:91:21) {
  errno: -4091,
  code: 'EADDRINUSE',
  syscall: 'bind',
  address: null,
  port: 5000
}
2025-04-13T17:55:20: Server is shutting down with code 1
2025-04-13T17:55:23: Database connected
2025-04-13T17:55:23: WebSocket server initialized
2025-04-13T17:55:23: Server error: Error: bind EADDRINUSE null:5000
    at listenOnPrimaryHandle (node:net:1993:18)
    at shared (node:internal/cluster/child:157:3)
    at Worker.<anonymous> (node:internal/cluster/child:110:7)
    at process.onInternalMessage (node:internal/cluster/utils:49:5)
    at process.emit (node:events:536:35)
    at emit (node:internal/child_process:949:14)
    at process.processTicksAndRejections (node:internal/process/task_queues:91:21) {
  errno: -4091,
  code: 'EADDRINUSE',
  syscall: 'bind',
  address: null,
  port: 5000
}
Error: bind EADDRINUSE null:5000
    at listenOnPrimaryHandle (node:net:1993:18)
    at shared (node:internal/cluster/child:157:3)
    at Worker.<anonymous> (node:internal/cluster/child:110:7)
    at process.onInternalMessage (node:internal/cluster/utils:49:5)
    at process.emit (node:events:536:35)
    at emit (node:internal/child_process:949:14)
    at process.processTicksAndRejections (node:internal/process/task_queues:91:21)
2025-04-13T17:55:23: Uncaught Exception: Error: bind EADDRINUSE null:5000
    at listenOnPrimaryHandle (node:net:1993:18)
    at shared (node:internal/cluster/child:157:3)
    at Worker.<anonymous> (node:internal/cluster/child:110:7)
    at process.onInternalMessage (node:internal/cluster/utils:49:5)
    at process.emit (node:events:536:35)
    at emit (node:internal/child_process:949:14)
    at process.processTicksAndRejections (node:internal/process/task_queues:91:21) {
  errno: -4091,
  code: 'EADDRINUSE',
  syscall: 'bind',
  address: null,
  port: 5000
}
2025-04-13T17:55:24: Server is shutting down with code 1
2025-04-13T17:55:26: Database connected
2025-04-13T17:55:26: WebSocket server initialized
2025-04-13T17:55:26: Server error: Error: bind EADDRINUSE null:5000
    at listenOnPrimaryHandle (node:net:1993:18)
    at shared (node:internal/cluster/child:157:3)
    at Worker.<anonymous> (node:internal/cluster/child:110:7)
    at process.onInternalMessage (node:internal/cluster/utils:49:5)
    at process.emit (node:events:536:35)
    at emit (node:internal/child_process:949:14)
    at process.processTicksAndRejections (node:internal/process/task_queues:91:21) {
  errno: -4091,
  code: 'EADDRINUSE',
  syscall: 'bind',
  address: null,
  port: 5000
}
Error: bind EADDRINUSE null:5000
    at listenOnPrimaryHandle (node:net:1993:18)
    at shared (node:internal/cluster/child:157:3)
    at Worker.<anonymous> (node:internal/cluster/child:110:7)
    at process.onInternalMessage (node:internal/cluster/utils:49:5)
    at process.emit (node:events:536:35)
    at emit (node:internal/child_process:949:14)
    at process.processTicksAndRejections (node:internal/process/task_queues:91:21)
2025-04-13T17:55:26: Uncaught Exception: Error: bind EADDRINUSE null:5000
    at listenOnPrimaryHandle (node:net:1993:18)
    at shared (node:internal/cluster/child:157:3)
    at Worker.<anonymous> (node:internal/cluster/child:110:7)
    at process.onInternalMessage (node:internal/cluster/utils:49:5)
    at process.emit (node:events:536:35)
    at emit (node:internal/child_process:949:14)
    at process.processTicksAndRejections (node:internal/process/task_queues:91:21) {
  errno: -4091,
  code: 'EADDRINUSE',
  syscall: 'bind',
  address: null,
  port: 5000
}
2025-04-13T17:55:27: Server is shutting down with code 1
2025-04-13T17:55:30: Database connected
2025-04-13T17:55:30: WebSocket server initialized
2025-04-13T17:55:30: Server error: Error: bind EADDRINUSE null:5000
    at listenOnPrimaryHandle (node:net:1993:18)
    at shared (node:internal/cluster/child:157:3)
    at Worker.<anonymous> (node:internal/cluster/child:110:7)
    at process.onInternalMessage (node:internal/cluster/utils:49:5)
    at process.emit (node:events:536:35)
    at emit (node:internal/child_process:949:14)
    at process.processTicksAndRejections (node:internal/process/task_queues:91:21) {
  errno: -4091,
  code: 'EADDRINUSE',
  syscall: 'bind',
  address: null,
  port: 5000
}
Error: bind EADDRINUSE null:5000
    at listenOnPrimaryHandle (node:net:1993:18)
    at shared (node:internal/cluster/child:157:3)
    at Worker.<anonymous> (node:internal/cluster/child:110:7)
    at process.onInternalMessage (node:internal/cluster/utils:49:5)
    at process.emit (node:events:536:35)
    at emit (node:internal/child_process:949:14)
    at process.processTicksAndRejections (node:internal/process/task_queues:91:21)
2025-04-13T17:55:30: Uncaught Exception: Error: bind EADDRINUSE null:5000
    at listenOnPrimaryHandle (node:net:1993:18)
    at shared (node:internal/cluster/child:157:3)
    at Worker.<anonymous> (node:internal/cluster/child:110:7)
    at process.onInternalMessage (node:internal/cluster/utils:49:5)
    at process.emit (node:events:536:35)
    at emit (node:internal/child_process:949:14)
    at process.processTicksAndRejections (node:internal/process/task_queues:91:21) {
  errno: -4091,
  code: 'EADDRINUSE',
  syscall: 'bind',
  address: null,
  port: 5000
}
2025-04-13T17:55:31: Server is shutting down with code 1
2025-04-13T17:55:34: Database connected
2025-04-13T17:55:34: WebSocket server initialized
2025-04-13T17:55:34: Server error: Error: bind EADDRINUSE null:5000
    at listenOnPrimaryHandle (node:net:1993:18)
    at shared (node:internal/cluster/child:157:3)
    at Worker.<anonymous> (node:internal/cluster/child:110:7)
    at process.onInternalMessage (node:internal/cluster/utils:49:5)
    at process.emit (node:events:536:35)
    at emit (node:internal/child_process:949:14)
    at process.processTicksAndRejections (node:internal/process/task_queues:91:21) {
  errno: -4091,
  code: 'EADDRINUSE',
  syscall: 'bind',
  address: null,
  port: 5000
}
Error: bind EADDRINUSE null:5000
    at listenOnPrimaryHandle (node:net:1993:18)
    at shared (node:internal/cluster/child:157:3)
    at Worker.<anonymous> (node:internal/cluster/child:110:7)
    at process.onInternalMessage (node:internal/cluster/utils:49:5)
    at process.emit (node:events:536:35)
    at emit (node:internal/child_process:949:14)
    at process.processTicksAndRejections (node:internal/process/task_queues:91:21)
2025-04-13T17:55:34: Uncaught Exception: Error: bind EADDRINUSE null:5000
    at listenOnPrimaryHandle (node:net:1993:18)
    at shared (node:internal/cluster/child:157:3)
    at Worker.<anonymous> (node:internal/cluster/child:110:7)
    at process.onInternalMessage (node:internal/cluster/utils:49:5)
    at process.emit (node:events:536:35)
    at emit (node:internal/child_process:949:14)
    at process.processTicksAndRejections (node:internal/process/task_queues:91:21) {
  errno: -4091,
  code: 'EADDRINUSE',
  syscall: 'bind',
  address: null,
  port: 5000
}
2025-04-13T17:55:35: Server is shutting down with code 1
2025-04-13T17:55:38: Database connected
2025-04-13T17:55:38: WebSocket server initialized
2025-04-13T17:55:38: Server error: Error: bind EADDRINUSE null:5000
    at listenOnPrimaryHandle (node:net:1993:18)
    at shared (node:internal/cluster/child:157:3)
    at Worker.<anonymous> (node:internal/cluster/child:110:7)
    at process.onInternalMessage (node:internal/cluster/utils:49:5)
    at process.emit (node:events:536:35)
    at emit (node:internal/child_process:949:14)
    at process.processTicksAndRejections (node:internal/process/task_queues:91:21) {
  errno: -4091,
  code: 'EADDRINUSE',
  syscall: 'bind',
  address: null,
  port: 5000
}
Error: bind EADDRINUSE null:5000
    at listenOnPrimaryHandle (node:net:1993:18)
    at shared (node:internal/cluster/child:157:3)
    at Worker.<anonymous> (node:internal/cluster/child:110:7)
    at process.onInternalMessage (node:internal/cluster/utils:49:5)
    at process.emit (node:events:536:35)
    at emit (node:internal/child_process:949:14)
    at process.processTicksAndRejections (node:internal/process/task_queues:91:21)
2025-04-13T17:55:38: Uncaught Exception: Error: bind EADDRINUSE null:5000
    at listenOnPrimaryHandle (node:net:1993:18)
    at shared (node:internal/cluster/child:157:3)
    at Worker.<anonymous> (node:internal/cluster/child:110:7)
    at process.onInternalMessage (node:internal/cluster/utils:49:5)
    at process.emit (node:events:536:35)
    at emit (node:internal/child_process:949:14)
    at process.processTicksAndRejections (node:internal/process/task_queues:91:21) {
  errno: -4091,
  code: 'EADDRINUSE',
  syscall: 'bind',
  address: null,
  port: 5000
}
2025-04-13T17:55:39: Server is shutting down with code 1
2025-04-13T17:55:43: Database connected
2025-04-13T17:55:43: WebSocket server initialized
2025-04-13T17:55:43: Server error: Error: bind EADDRINUSE null:5000
    at listenOnPrimaryHandle (node:net:1993:18)
    at shared (node:internal/cluster/child:157:3)
    at Worker.<anonymous> (node:internal/cluster/child:110:7)
    at process.onInternalMessage (node:internal/cluster/utils:49:5)
    at process.emit (node:events:536:35)
    at emit (node:internal/child_process:949:14)
    at process.processTicksAndRejections (node:internal/process/task_queues:91:21) {
  errno: -4091,
  code: 'EADDRINUSE',
  syscall: 'bind',
  address: null,
  port: 5000
}
Error: bind EADDRINUSE null:5000
    at listenOnPrimaryHandle (node:net:1993:18)
    at shared (node:internal/cluster/child:157:3)
    at Worker.<anonymous> (node:internal/cluster/child:110:7)
    at process.onInternalMessage (node:internal/cluster/utils:49:5)
    at process.emit (node:events:536:35)
    at emit (node:internal/child_process:949:14)
    at process.processTicksAndRejections (node:internal/process/task_queues:91:21)
2025-04-13T17:55:43: Uncaught Exception: Error: bind EADDRINUSE null:5000
    at listenOnPrimaryHandle (node:net:1993:18)
    at shared (node:internal/cluster/child:157:3)
    at Worker.<anonymous> (node:internal/cluster/child:110:7)
    at process.onInternalMessage (node:internal/cluster/utils:49:5)
    at process.emit (node:events:536:35)
    at emit (node:internal/child_process:949:14)
    at process.processTicksAndRejections (node:internal/process/task_queues:91:21) {
  errno: -4091,
  code: 'EADDRINUSE',
  syscall: 'bind',
  address: null,
  port: 5000
}
2025-04-13T17:55:44: Server is shutting down with code 1
2025-04-13T17:55:47: Database connected
2025-04-13T17:55:47: WebSocket server initialized
2025-04-13T17:55:47: Server error: Error: bind EADDRINUSE null:5000
    at listenOnPrimaryHandle (node:net:1993:18)
    at shared (node:internal/cluster/child:157:3)
    at Worker.<anonymous> (node:internal/cluster/child:110:7)
    at process.onInternalMessage (node:internal/cluster/utils:49:5)
    at process.emit (node:events:536:35)
    at emit (node:internal/child_process:949:14)
    at process.processTicksAndRejections (node:internal/process/task_queues:91:21) {
  errno: -4091,
  code: 'EADDRINUSE',
  syscall: 'bind',
  address: null,
  port: 5000
}
Error: bind EADDRINUSE null:5000
    at listenOnPrimaryHandle (node:net:1993:18)
    at shared (node:internal/cluster/child:157:3)
    at Worker.<anonymous> (node:internal/cluster/child:110:7)
    at process.onInternalMessage (node:internal/cluster/utils:49:5)
    at process.emit (node:events:536:35)
    at emit (node:internal/child_process:949:14)
    at process.processTicksAndRejections (node:internal/process/task_queues:91:21)
2025-04-13T17:55:47: Uncaught Exception: Error: bind EADDRINUSE null:5000
    at listenOnPrimaryHandle (node:net:1993:18)
    at shared (node:internal/cluster/child:157:3)
    at Worker.<anonymous> (node:internal/cluster/child:110:7)
    at process.onInternalMessage (node:internal/cluster/utils:49:5)
    at process.emit (node:events:536:35)
    at emit (node:internal/child_process:949:14)
    at process.processTicksAndRejections (node:internal/process/task_queues:91:21) {
  errno: -4091,
  code: 'EADDRINUSE',
  syscall: 'bind',
  address: null,
  port: 5000
}
2025-04-13T17:55:48: Server is shutting down with code 1
2025-04-13T17:55:50: Database connected
2025-04-13T17:55:50: WebSocket server initialized
2025-04-13T17:55:50: Server error: Error: bind EADDRINUSE null:5000
    at listenOnPrimaryHandle (node:net:1993:18)
    at shared (node:internal/cluster/child:157:3)
    at Worker.<anonymous> (node:internal/cluster/child:110:7)
    at process.onInternalMessage (node:internal/cluster/utils:49:5)
    at process.emit (node:events:536:35)
    at emit (node:internal/child_process:949:14)
    at process.processTicksAndRejections (node:internal/process/task_queues:91:21) {
  errno: -4091,
  code: 'EADDRINUSE',
  syscall: 'bind',
  address: null,
  port: 5000
}
Error: bind EADDRINUSE null:5000
    at listenOnPrimaryHandle (node:net:1993:18)
    at shared (node:internal/cluster/child:157:3)
    at Worker.<anonymous> (node:internal/cluster/child:110:7)
    at process.onInternalMessage (node:internal/cluster/utils:49:5)
    at process.emit (node:events:536:35)
    at emit (node:internal/child_process:949:14)
    at process.processTicksAndRejections (node:internal/process/task_queues:91:21)
2025-04-13T17:55:50: Uncaught Exception: Error: bind EADDRINUSE null:5000
    at listenOnPrimaryHandle (node:net:1993:18)
    at shared (node:internal/cluster/child:157:3)
    at Worker.<anonymous> (node:internal/cluster/child:110:7)
    at process.onInternalMessage (node:internal/cluster/utils:49:5)
    at process.emit (node:events:536:35)
    at emit (node:internal/child_process:949:14)
    at process.processTicksAndRejections (node:internal/process/task_queues:91:21) {
  errno: -4091,
  code: 'EADDRINUSE',
  syscall: 'bind',
  address: null,
  port: 5000
}
2025-04-13T17:55:51: Server is shutting down with code 1
2025-04-13T17:55:54: Database connected
2025-04-13T17:55:54: WebSocket server initialized
2025-04-13T17:55:54: Server error: Error: bind EADDRINUSE null:5000
    at listenOnPrimaryHandle (node:net:1993:18)
    at shared (node:internal/cluster/child:157:3)
    at Worker.<anonymous> (node:internal/cluster/child:110:7)
    at process.onInternalMessage (node:internal/cluster/utils:49:5)
    at process.emit (node:events:536:35)
    at emit (node:internal/child_process:949:14)
    at process.processTicksAndRejections (node:internal/process/task_queues:91:21) {
  errno: -4091,
  code: 'EADDRINUSE',
  syscall: 'bind',
  address: null,
  port: 5000
}
Error: bind EADDRINUSE null:5000
    at listenOnPrimaryHandle (node:net:1993:18)
    at shared (node:internal/cluster/child:157:3)
    at Worker.<anonymous> (node:internal/cluster/child:110:7)
    at process.onInternalMessage (node:internal/cluster/utils:49:5)
    at process.emit (node:events:536:35)
    at emit (node:internal/child_process:949:14)
    at process.processTicksAndRejections (node:internal/process/task_queues:91:21)
2025-04-13T17:55:54: Uncaught Exception: Error: bind EADDRINUSE null:5000
    at listenOnPrimaryHandle (node:net:1993:18)
    at shared (node:internal/cluster/child:157:3)
    at Worker.<anonymous> (node:internal/cluster/child:110:7)
    at process.onInternalMessage (node:internal/cluster/utils:49:5)
    at process.emit (node:events:536:35)
    at emit (node:internal/child_process:949:14)
    at process.processTicksAndRejections (node:internal/process/task_queues:91:21) {
  errno: -4091,
  code: 'EADDRINUSE',
  syscall: 'bind',
  address: null,
  port: 5000
}
2025-04-13T17:55:55: Server is shutting down with code 1
2025-04-13T17:55:57: Database connected
2025-04-13T17:55:57: WebSocket server initialized
2025-04-13T17:55:57: Server error: Error: bind EADDRINUSE null:5000
    at listenOnPrimaryHandle (node:net:1993:18)
    at shared (node:internal/cluster/child:157:3)
    at Worker.<anonymous> (node:internal/cluster/child:110:7)
    at process.onInternalMessage (node:internal/cluster/utils:49:5)
    at process.emit (node:events:536:35)
    at emit (node:internal/child_process:949:14)
    at process.processTicksAndRejections (node:internal/process/task_queues:91:21) {
  errno: -4091,
  code: 'EADDRINUSE',
  syscall: 'bind',
  address: null,
  port: 5000
}
Error: bind EADDRINUSE null:5000
    at listenOnPrimaryHandle (node:net:1993:18)
    at shared (node:internal/cluster/child:157:3)
    at Worker.<anonymous> (node:internal/cluster/child:110:7)
    at process.onInternalMessage (node:internal/cluster/utils:49:5)
    at process.emit (node:events:536:35)
    at emit (node:internal/child_process:949:14)
    at process.processTicksAndRejections (node:internal/process/task_queues:91:21)
2025-04-13T17:55:57: Uncaught Exception: Error: bind EADDRINUSE null:5000
    at listenOnPrimaryHandle (node:net:1993:18)
    at shared (node:internal/cluster/child:157:3)
    at Worker.<anonymous> (node:internal/cluster/child:110:7)
    at process.onInternalMessage (node:internal/cluster/utils:49:5)
    at process.emit (node:events:536:35)
    at emit (node:internal/child_process:949:14)
    at process.processTicksAndRejections (node:internal/process/task_queues:91:21) {
  errno: -4091,
  code: 'EADDRINUSE',
  syscall: 'bind',
  address: null,
  port: 5000
}
2025-04-13T17:55:58: Server is shutting down with code 1
2025-04-13T17:56:00: Database connected
2025-04-13T17:56:00: WebSocket server initialized
2025-04-13T17:56:00: Server error: Error: bind EADDRINUSE null:5000
    at listenOnPrimaryHandle (node:net:1993:18)
    at shared (node:internal/cluster/child:157:3)
    at Worker.<anonymous> (node:internal/cluster/child:110:7)
    at process.onInternalMessage (node:internal/cluster/utils:49:5)
    at process.emit (node:events:536:35)
    at emit (node:internal/child_process:949:14)
    at process.processTicksAndRejections (node:internal/process/task_queues:91:21) {
  errno: -4091,
  code: 'EADDRINUSE',
  syscall: 'bind',
  address: null,
  port: 5000
}
Error: bind EADDRINUSE null:5000
    at listenOnPrimaryHandle (node:net:1993:18)
    at shared (node:internal/cluster/child:157:3)
    at Worker.<anonymous> (node:internal/cluster/child:110:7)
    at process.onInternalMessage (node:internal/cluster/utils:49:5)
    at process.emit (node:events:536:35)
    at emit (node:internal/child_process:949:14)
    at process.processTicksAndRejections (node:internal/process/task_queues:91:21)
2025-04-13T17:56:00: Uncaught Exception: Error: bind EADDRINUSE null:5000
    at listenOnPrimaryHandle (node:net:1993:18)
    at shared (node:internal/cluster/child:157:3)
    at Worker.<anonymous> (node:internal/cluster/child:110:7)
    at process.onInternalMessage (node:internal/cluster/utils:49:5)
    at process.emit (node:events:536:35)
    at emit (node:internal/child_process:949:14)
    at process.processTicksAndRejections (node:internal/process/task_queues:91:21) {
  errno: -4091,
  code: 'EADDRINUSE',
  syscall: 'bind',
  address: null,
  port: 5000
}
2025-04-13T17:56:01: Server is shutting down with code 1
2025-04-13T17:56:04: Database connected
2025-04-13T17:56:04: WebSocket server initialized
2025-04-13T17:56:04: Server error: Error: bind EADDRINUSE null:5000
    at listenOnPrimaryHandle (node:net:1993:18)
    at shared (node:internal/cluster/child:157:3)
    at Worker.<anonymous> (node:internal/cluster/child:110:7)
    at process.onInternalMessage (node:internal/cluster/utils:49:5)
    at process.emit (node:events:536:35)
    at emit (node:internal/child_process:949:14)
    at process.processTicksAndRejections (node:internal/process/task_queues:91:21) {
  errno: -4091,
  code: 'EADDRINUSE',
  syscall: 'bind',
  address: null,
  port: 5000
}
Error: bind EADDRINUSE null:5000
    at listenOnPrimaryHandle (node:net:1993:18)
    at shared (node:internal/cluster/child:157:3)
    at Worker.<anonymous> (node:internal/cluster/child:110:7)
    at process.onInternalMessage (node:internal/cluster/utils:49:5)
    at process.emit (node:events:536:35)
    at emit (node:internal/child_process:949:14)
    at process.processTicksAndRejections (node:internal/process/task_queues:91:21)
2025-04-13T17:56:04: Uncaught Exception: Error: bind EADDRINUSE null:5000
    at listenOnPrimaryHandle (node:net:1993:18)
    at shared (node:internal/cluster/child:157:3)
    at Worker.<anonymous> (node:internal/cluster/child:110:7)
    at process.onInternalMessage (node:internal/cluster/utils:49:5)
    at process.emit (node:events:536:35)
    at emit (node:internal/child_process:949:14)
    at process.processTicksAndRejections (node:internal/process/task_queues:91:21) {
  errno: -4091,
  code: 'EADDRINUSE',
  syscall: 'bind',
  address: null,
  port: 5000
}
2025-04-13T17:56:05: Server is shutting down with code 1
2025-04-13T17:56:07: Database connected
2025-04-13T17:56:07: WebSocket server initialized
2025-04-13T17:56:07: Server error: Error: bind EADDRINUSE null:5000
    at listenOnPrimaryHandle (node:net:1993:18)
    at shared (node:internal/cluster/child:157:3)
    at Worker.<anonymous> (node:internal/cluster/child:110:7)
    at process.onInternalMessage (node:internal/cluster/utils:49:5)
    at process.emit (node:events:536:35)
    at emit (node:internal/child_process:949:14)
    at process.processTicksAndRejections (node:internal/process/task_queues:91:21) {
  errno: -4091,
  code: 'EADDRINUSE',
  syscall: 'bind',
  address: null,
  port: 5000
}
Error: bind EADDRINUSE null:5000
    at listenOnPrimaryHandle (node:net:1993:18)
    at shared (node:internal/cluster/child:157:3)
    at Worker.<anonymous> (node:internal/cluster/child:110:7)
    at process.onInternalMessage (node:internal/cluster/utils:49:5)
    at process.emit (node:events:536:35)
    at emit (node:internal/child_process:949:14)
    at process.processTicksAndRejections (node:internal/process/task_queues:91:21)
2025-04-13T17:56:07: Uncaught Exception: Error: bind EADDRINUSE null:5000
    at listenOnPrimaryHandle (node:net:1993:18)
    at shared (node:internal/cluster/child:157:3)
    at Worker.<anonymous> (node:internal/cluster/child:110:7)
    at process.onInternalMessage (node:internal/cluster/utils:49:5)
    at process.emit (node:events:536:35)
    at emit (node:internal/child_process:949:14)
    at process.processTicksAndRejections (node:internal/process/task_queues:91:21) {
  errno: -4091,
  code: 'EADDRINUSE',
  syscall: 'bind',
  address: null,
  port: 5000
}
2025-04-13T17:56:08: Server is shutting down with code 1
2025-04-13T17:56:11: Database connected
2025-04-13T17:56:11: WebSocket server initialized
2025-04-13T17:56:11: Server error: Error: bind EADDRINUSE null:5000
    at listenOnPrimaryHandle (node:net:1993:18)
    at shared (node:internal/cluster/child:157:3)
    at Worker.<anonymous> (node:internal/cluster/child:110:7)
    at process.onInternalMessage (node:internal/cluster/utils:49:5)
    at process.emit (node:events:536:35)
    at emit (node:internal/child_process:949:14)
    at process.processTicksAndRejections (node:internal/process/task_queues:91:21) {
  errno: -4091,
  code: 'EADDRINUSE',
  syscall: 'bind',
  address: null,
  port: 5000
}
Error: bind EADDRINUSE null:5000
    at listenOnPrimaryHandle (node:net:1993:18)
    at shared (node:internal/cluster/child:157:3)
    at Worker.<anonymous> (node:internal/cluster/child:110:7)
    at process.onInternalMessage (node:internal/cluster/utils:49:5)
    at process.emit (node:events:536:35)
    at emit (node:internal/child_process:949:14)
    at process.processTicksAndRejections (node:internal/process/task_queues:91:21)
2025-04-13T17:56:11: Uncaught Exception: Error: bind EADDRINUSE null:5000
    at listenOnPrimaryHandle (node:net:1993:18)
    at shared (node:internal/cluster/child:157:3)
    at Worker.<anonymous> (node:internal/cluster/child:110:7)
    at process.onInternalMessage (node:internal/cluster/utils:49:5)
    at process.emit (node:events:536:35)
    at emit (node:internal/child_process:949:14)
    at process.processTicksAndRejections (node:internal/process/task_queues:91:21) {
  errno: -4091,
  code: 'EADDRINUSE',
  syscall: 'bind',
  address: null,
  port: 5000
}
2025-04-13T17:56:12: Server is shutting down with code 1
2025-04-13T17:56:14: Database connected
2025-04-13T17:56:14: WebSocket server initialized
2025-04-13T17:56:14: Server error: Error: bind EADDRINUSE null:5000
    at listenOnPrimaryHandle (node:net:1993:18)
    at shared (node:internal/cluster/child:157:3)
    at Worker.<anonymous> (node:internal/cluster/child:110:7)
    at process.onInternalMessage (node:internal/cluster/utils:49:5)
    at process.emit (node:events:536:35)
    at emit (node:internal/child_process:949:14)
    at process.processTicksAndRejections (node:internal/process/task_queues:91:21) {
  errno: -4091,
  code: 'EADDRINUSE',
  syscall: 'bind',
  address: null,
  port: 5000
}
Error: bind EADDRINUSE null:5000
    at listenOnPrimaryHandle (node:net:1993:18)
    at shared (node:internal/cluster/child:157:3)
    at Worker.<anonymous> (node:internal/cluster/child:110:7)
    at process.onInternalMessage (node:internal/cluster/utils:49:5)
    at process.emit (node:events:536:35)
    at emit (node:internal/child_process:949:14)
    at process.processTicksAndRejections (node:internal/process/task_queues:91:21)
2025-04-13T17:56:14: Uncaught Exception: Error: bind EADDRINUSE null:5000
    at listenOnPrimaryHandle (node:net:1993:18)
    at shared (node:internal/cluster/child:157:3)
    at Worker.<anonymous> (node:internal/cluster/child:110:7)
    at process.onInternalMessage (node:internal/cluster/utils:49:5)
    at process.emit (node:events:536:35)
    at emit (node:internal/child_process:949:14)
    at process.processTicksAndRejections (node:internal/process/task_queues:91:21) {
  errno: -4091,
  code: 'EADDRINUSE',
  syscall: 'bind',
  address: null,
  port: 5000
}
2025-04-13T17:56:15: Server is shutting down with code 1
2025-04-13T17:56:18: Database connected
2025-04-13T17:56:18: WebSocket server initialized
2025-04-13T17:56:18: Server error: Error: bind EADDRINUSE null:5000
    at listenOnPrimaryHandle (node:net:1993:18)
    at shared (node:internal/cluster/child:157:3)
    at Worker.<anonymous> (node:internal/cluster/child:110:7)
    at process.onInternalMessage (node:internal/cluster/utils:49:5)
    at process.emit (node:events:536:35)
    at emit (node:internal/child_process:949:14)
    at process.processTicksAndRejections (node:internal/process/task_queues:91:21) {
  errno: -4091,
  code: 'EADDRINUSE',
  syscall: 'bind',
  address: null,
  port: 5000
}
Error: bind EADDRINUSE null:5000
    at listenOnPrimaryHandle (node:net:1993:18)
    at shared (node:internal/cluster/child:157:3)
    at Worker.<anonymous> (node:internal/cluster/child:110:7)
    at process.onInternalMessage (node:internal/cluster/utils:49:5)
    at process.emit (node:events:536:35)
    at emit (node:internal/child_process:949:14)
    at process.processTicksAndRejections (node:internal/process/task_queues:91:21)
2025-04-13T17:56:18: Uncaught Exception: Error: bind EADDRINUSE null:5000
    at listenOnPrimaryHandle (node:net:1993:18)
    at shared (node:internal/cluster/child:157:3)
    at Worker.<anonymous> (node:internal/cluster/child:110:7)
    at process.onInternalMessage (node:internal/cluster/utils:49:5)
    at process.emit (node:events:536:35)
    at emit (node:internal/child_process:949:14)
    at process.processTicksAndRejections (node:internal/process/task_queues:91:21) {
  errno: -4091,
  code: 'EADDRINUSE',
  syscall: 'bind',
  address: null,
  port: 5000
}
2025-04-13T17:56:19: Server is shutting down with code 1
2025-04-13T17:56:21: Database connected
2025-04-13T17:56:21: WebSocket server initialized
2025-04-13T17:56:21: Server error: Error: bind EADDRINUSE null:5000
    at listenOnPrimaryHandle (node:net:1993:18)
    at shared (node:internal/cluster/child:157:3)
    at Worker.<anonymous> (node:internal/cluster/child:110:7)
    at process.onInternalMessage (node:internal/cluster/utils:49:5)
    at process.emit (node:events:536:35)
    at emit (node:internal/child_process:949:14)
    at process.processTicksAndRejections (node:internal/process/task_queues:91:21) {
  errno: -4091,
  code: 'EADDRINUSE',
  syscall: 'bind',
  address: null,
  port: 5000
}
Error: bind EADDRINUSE null:5000
    at listenOnPrimaryHandle (node:net:1993:18)
    at shared (node:internal/cluster/child:157:3)
    at Worker.<anonymous> (node:internal/cluster/child:110:7)
    at process.onInternalMessage (node:internal/cluster/utils:49:5)
    at process.emit (node:events:536:35)
    at emit (node:internal/child_process:949:14)
    at process.processTicksAndRejections (node:internal/process/task_queues:91:21)
2025-04-13T17:56:21: Uncaught Exception: Error: bind EADDRINUSE null:5000
    at listenOnPrimaryHandle (node:net:1993:18)
    at shared (node:internal/cluster/child:157:3)
    at Worker.<anonymous> (node:internal/cluster/child:110:7)
    at process.onInternalMessage (node:internal/cluster/utils:49:5)
    at process.emit (node:events:536:35)
    at emit (node:internal/child_process:949:14)
    at process.processTicksAndRejections (node:internal/process/task_queues:91:21) {
  errno: -4091,
  code: 'EADDRINUSE',
  syscall: 'bind',
  address: null,
  port: 5000
}
2025-04-13T17:56:22: Server is shutting down with code 1
2025-04-13T17:56:24: Database connected
2025-04-13T17:56:24: WebSocket server initialized
2025-04-13T17:56:24: Server error: Error: bind EADDRINUSE null:5000
    at listenOnPrimaryHandle (node:net:1993:18)
    at shared (node:internal/cluster/child:157:3)
    at Worker.<anonymous> (node:internal/cluster/child:110:7)
    at process.onInternalMessage (node:internal/cluster/utils:49:5)
    at process.emit (node:events:536:35)
    at emit (node:internal/child_process:949:14)
    at process.processTicksAndRejections (node:internal/process/task_queues:91:21) {
  errno: -4091,
  code: 'EADDRINUSE',
  syscall: 'bind',
  address: null,
  port: 5000
}
Error: bind EADDRINUSE null:5000
    at listenOnPrimaryHandle (node:net:1993:18)
    at shared (node:internal/cluster/child:157:3)
    at Worker.<anonymous> (node:internal/cluster/child:110:7)
    at process.onInternalMessage (node:internal/cluster/utils:49:5)
    at process.emit (node:events:536:35)
    at emit (node:internal/child_process:949:14)
    at process.processTicksAndRejections (node:internal/process/task_queues:91:21)
2025-04-13T17:56:24: Uncaught Exception: Error: bind EADDRINUSE null:5000
    at listenOnPrimaryHandle (node:net:1993:18)
    at shared (node:internal/cluster/child:157:3)
    at Worker.<anonymous> (node:internal/cluster/child:110:7)
    at process.onInternalMessage (node:internal/cluster/utils:49:5)
    at process.emit (node:events:536:35)
    at emit (node:internal/child_process:949:14)
    at process.processTicksAndRejections (node:internal/process/task_queues:91:21) {
  errno: -4091,
  code: 'EADDRINUSE',
  syscall: 'bind',
  address: null,
  port: 5000
}
2025-04-13T17:56:25: Server is shutting down with code 1
2025-04-13T17:56:28: Database connected
2025-04-13T17:56:28: WebSocket server initialized
2025-04-13T17:56:28: Server error: Error: bind EADDRINUSE null:5000
    at listenOnPrimaryHandle (node:net:1993:18)
    at shared (node:internal/cluster/child:157:3)
    at Worker.<anonymous> (node:internal/cluster/child:110:7)
    at process.onInternalMessage (node:internal/cluster/utils:49:5)
    at process.emit (node:events:536:35)
    at emit (node:internal/child_process:949:14)
    at process.processTicksAndRejections (node:internal/process/task_queues:91:21) {
  errno: -4091,
  code: 'EADDRINUSE',
  syscall: 'bind',
  address: null,
  port: 5000
}
Error: bind EADDRINUSE null:5000
    at listenOnPrimaryHandle (node:net:1993:18)
    at shared (node:internal/cluster/child:157:3)
    at Worker.<anonymous> (node:internal/cluster/child:110:7)
    at process.onInternalMessage (node:internal/cluster/utils:49:5)
    at process.emit (node:events:536:35)
    at emit (node:internal/child_process:949:14)
    at process.processTicksAndRejections (node:internal/process/task_queues:91:21)
2025-04-13T17:56:28: Uncaught Exception: Error: bind EADDRINUSE null:5000
    at listenOnPrimaryHandle (node:net:1993:18)
    at shared (node:internal/cluster/child:157:3)
    at Worker.<anonymous> (node:internal/cluster/child:110:7)
    at process.onInternalMessage (node:internal/cluster/utils:49:5)
    at process.emit (node:events:536:35)
    at emit (node:internal/child_process:949:14)
    at process.processTicksAndRejections (node:internal/process/task_queues:91:21) {
  errno: -4091,
  code: 'EADDRINUSE',
  syscall: 'bind',
  address: null,
  port: 5000
}
2025-04-13T17:56:29: Server is shutting down with code 1
2025-04-13T17:56:31: Database connected
2025-04-13T17:56:31: WebSocket server initialized
2025-04-13T17:56:31: Server error: Error: bind EADDRINUSE null:5000
    at listenOnPrimaryHandle (node:net:1993:18)
    at shared (node:internal/cluster/child:157:3)
    at Worker.<anonymous> (node:internal/cluster/child:110:7)
    at process.onInternalMessage (node:internal/cluster/utils:49:5)
    at process.emit (node:events:536:35)
    at emit (node:internal/child_process:949:14)
    at process.processTicksAndRejections (node:internal/process/task_queues:91:21) {
  errno: -4091,
  code: 'EADDRINUSE',
  syscall: 'bind',
  address: null,
  port: 5000
}
Error: bind EADDRINUSE null:5000
    at listenOnPrimaryHandle (node:net:1993:18)
    at shared (node:internal/cluster/child:157:3)
    at Worker.<anonymous> (node:internal/cluster/child:110:7)
    at process.onInternalMessage (node:internal/cluster/utils:49:5)
    at process.emit (node:events:536:35)
    at emit (node:internal/child_process:949:14)
    at process.processTicksAndRejections (node:internal/process/task_queues:91:21)
2025-04-13T17:56:31: Uncaught Exception: Error: bind EADDRINUSE null:5000
    at listenOnPrimaryHandle (node:net:1993:18)
    at shared (node:internal/cluster/child:157:3)
    at Worker.<anonymous> (node:internal/cluster/child:110:7)
    at process.onInternalMessage (node:internal/cluster/utils:49:5)
    at process.emit (node:events:536:35)
    at emit (node:internal/child_process:949:14)
    at process.processTicksAndRejections (node:internal/process/task_queues:91:21) {
  errno: -4091,
  code: 'EADDRINUSE',
  syscall: 'bind',
  address: null,
  port: 5000
}
2025-04-13T17:56:32: Server is shutting down with code 1
2025-04-13T17:56:35: Database connected
2025-04-13T17:56:35: WebSocket server initialized
2025-04-13T17:56:35: Server error: Error: bind EADDRINUSE null:5000
    at listenOnPrimaryHandle (node:net:1993:18)
    at shared (node:internal/cluster/child:157:3)
    at Worker.<anonymous> (node:internal/cluster/child:110:7)
    at process.onInternalMessage (node:internal/cluster/utils:49:5)
    at process.emit (node:events:536:35)
    at emit (node:internal/child_process:949:14)
    at process.processTicksAndRejections (node:internal/process/task_queues:91:21) {
  errno: -4091,
  code: 'EADDRINUSE',
  syscall: 'bind',
  address: null,
  port: 5000
}
Error: bind EADDRINUSE null:5000
    at listenOnPrimaryHandle (node:net:1993:18)
    at shared (node:internal/cluster/child:157:3)
    at Worker.<anonymous> (node:internal/cluster/child:110:7)
    at process.onInternalMessage (node:internal/cluster/utils:49:5)
    at process.emit (node:events:536:35)
    at emit (node:internal/child_process:949:14)
    at process.processTicksAndRejections (node:internal/process/task_queues:91:21)
2025-04-13T17:56:35: Uncaught Exception: Error: bind EADDRINUSE null:5000
    at listenOnPrimaryHandle (node:net:1993:18)
    at shared (node:internal/cluster/child:157:3)
    at Worker.<anonymous> (node:internal/cluster/child:110:7)
    at process.onInternalMessage (node:internal/cluster/utils:49:5)
    at process.emit (node:events:536:35)
    at emit (node:internal/child_process:949:14)
    at process.processTicksAndRejections (node:internal/process/task_queues:91:21) {
  errno: -4091,
  code: 'EADDRINUSE',
  syscall: 'bind',
  address: null,
  port: 5000
}
2025-04-13T17:56:36: Server is shutting down with code 1
2025-04-13T17:56:39: Database connected
2025-04-13T17:56:39: WebSocket server initialized
2025-04-13T17:56:39: Server error: Error: bind EADDRINUSE null:5000
    at listenOnPrimaryHandle (node:net:1993:18)
    at shared (node:internal/cluster/child:157:3)
    at Worker.<anonymous> (node:internal/cluster/child:110:7)
    at process.onInternalMessage (node:internal/cluster/utils:49:5)
    at process.emit (node:events:536:35)
    at emit (node:internal/child_process:949:14)
    at process.processTicksAndRejections (node:internal/process/task_queues:91:21) {
  errno: -4091,
  code: 'EADDRINUSE',
  syscall: 'bind',
  address: null,
  port: 5000
}
Error: bind EADDRINUSE null:5000
    at listenOnPrimaryHandle (node:net:1993:18)
    at shared (node:internal/cluster/child:157:3)
    at Worker.<anonymous> (node:internal/cluster/child:110:7)
    at process.onInternalMessage (node:internal/cluster/utils:49:5)
    at process.emit (node:events:536:35)
    at emit (node:internal/child_process:949:14)
    at process.processTicksAndRejections (node:internal/process/task_queues:91:21)
2025-04-13T17:56:39: Uncaught Exception: Error: bind EADDRINUSE null:5000
    at listenOnPrimaryHandle (node:net:1993:18)
    at shared (node:internal/cluster/child:157:3)
    at Worker.<anonymous> (node:internal/cluster/child:110:7)
    at process.onInternalMessage (node:internal/cluster/utils:49:5)
    at process.emit (node:events:536:35)
    at emit (node:internal/child_process:949:14)
    at process.processTicksAndRejections (node:internal/process/task_queues:91:21) {
  errno: -4091,
  code: 'EADDRINUSE',
  syscall: 'bind',
  address: null,
  port: 5000
}
2025-04-13T17:56:40: Server is shutting down with code 1
2025-04-13T17:56:42: Database connected
2025-04-13T17:56:42: WebSocket server initialized
2025-04-13T17:56:42: Server error: Error: bind EADDRINUSE null:5000
    at listenOnPrimaryHandle (node:net:1993:18)
    at shared (node:internal/cluster/child:157:3)
    at Worker.<anonymous> (node:internal/cluster/child:110:7)
    at process.onInternalMessage (node:internal/cluster/utils:49:5)
    at process.emit (node:events:536:35)
    at emit (node:internal/child_process:949:14)
    at process.processTicksAndRejections (node:internal/process/task_queues:91:21) {
  errno: -4091,
  code: 'EADDRINUSE',
  syscall: 'bind',
  address: null,
  port: 5000
}
Error: bind EADDRINUSE null:5000
    at listenOnPrimaryHandle (node:net:1993:18)
    at shared (node:internal/cluster/child:157:3)
    at Worker.<anonymous> (node:internal/cluster/child:110:7)
    at process.onInternalMessage (node:internal/cluster/utils:49:5)
    at process.emit (node:events:536:35)
    at emit (node:internal/child_process:949:14)
    at process.processTicksAndRejections (node:internal/process/task_queues:91:21)
2025-04-13T17:56:42: Uncaught Exception: Error: bind EADDRINUSE null:5000
    at listenOnPrimaryHandle (node:net:1993:18)
    at shared (node:internal/cluster/child:157:3)
    at Worker.<anonymous> (node:internal/cluster/child:110:7)
    at process.onInternalMessage (node:internal/cluster/utils:49:5)
    at process.emit (node:events:536:35)
    at emit (node:internal/child_process:949:14)
    at process.processTicksAndRejections (node:internal/process/task_queues:91:21) {
  errno: -4091,
  code: 'EADDRINUSE',
  syscall: 'bind',
  address: null,
  port: 5000
}
2025-04-13T17:56:43: Server is shutting down with code 1
2025-04-13T17:56:46: Database connected
2025-04-13T17:56:46: WebSocket server initialized
2025-04-13T17:56:46: Server error: Error: bind EADDRINUSE null:5000
    at listenOnPrimaryHandle (node:net:1993:18)
    at shared (node:internal/cluster/child:157:3)
    at Worker.<anonymous> (node:internal/cluster/child:110:7)
    at process.onInternalMessage (node:internal/cluster/utils:49:5)
    at process.emit (node:events:536:35)
    at emit (node:internal/child_process:949:14)
    at process.processTicksAndRejections (node:internal/process/task_queues:91:21) {
  errno: -4091,
  code: 'EADDRINUSE',
  syscall: 'bind',
  address: null,
  port: 5000
}
Error: bind EADDRINUSE null:5000
    at listenOnPrimaryHandle (node:net:1993:18)
    at shared (node:internal/cluster/child:157:3)
    at Worker.<anonymous> (node:internal/cluster/child:110:7)
    at process.onInternalMessage (node:internal/cluster/utils:49:5)
    at process.emit (node:events:536:35)
    at emit (node:internal/child_process:949:14)
    at process.processTicksAndRejections (node:internal/process/task_queues:91:21)
2025-04-13T17:56:46: Uncaught Exception: Error: bind EADDRINUSE null:5000
    at listenOnPrimaryHandle (node:net:1993:18)
    at shared (node:internal/cluster/child:157:3)
    at Worker.<anonymous> (node:internal/cluster/child:110:7)
    at process.onInternalMessage (node:internal/cluster/utils:49:5)
    at process.emit (node:events:536:35)
    at emit (node:internal/child_process:949:14)
    at process.processTicksAndRejections (node:internal/process/task_queues:91:21) {
  errno: -4091,
  code: 'EADDRINUSE',
  syscall: 'bind',
  address: null,
  port: 5000
}
2025-04-13T17:56:47: Server is shutting down with code 1
2025-04-13T17:56:50: Database connected
2025-04-13T17:56:50: WebSocket server initialized
2025-04-13T17:56:53: Database connected
2025-04-13T17:56:53: WebSocket server initialized
2025-04-13T17:56:55: Database connected
2025-04-13T17:56:55: WebSocket server initialized
2025-04-13T17:56:58: Database connected
2025-04-13T17:56:58: WebSocket server initialized
2025-04-13T17:57:08: Database connected
2025-04-13T17:57:08: WebSocket server initialized
2025-04-13T17:57:10: Database connected
2025-04-13T17:57:10: WebSocket server initialized
2025-04-13T17:57:13: Database connected
2025-04-13T17:57:13: WebSocket server initialized
2025-04-13T17:57:15: Database connected
2025-04-13T17:57:15: WebSocket server initialized
2025-04-13T17:57:18: Database connected
2025-04-13T17:57:18: WebSocket server initialized
2025-04-13T17:57:20: Database connected
2025-04-13T17:57:20: WebSocket server initialized
2025-04-13T17:57:23: Database connected
2025-04-13T17:57:23: WebSocket server initialized
2025-04-13T17:57:25: Database connected
2025-04-13T17:57:25: WebSocket server initialized
2025-04-13T17:57:28: Database connected
2025-04-13T17:57:28: WebSocket server initialized
2025-04-13T17:57:30: Database connected
2025-04-13T17:57:30: WebSocket server initialized
2025-04-13T17:57:33: Database connected
2025-04-13T17:57:33: WebSocket server initialized
2025-04-13T17:57:35: Database connected
2025-04-13T17:57:35: WebSocket server initialized
2025-04-13T17:57:38: Database connected
2025-04-13T17:57:38: WebSocket server initialized
2025-04-13T17:57:40: Database connected
2025-04-13T17:57:40: WebSocket server initialized
2025-04-13T17:57:43: Database connected
2025-04-13T17:57:43: WebSocket server initialized
2025-04-13T17:57:45: Database connected
2025-04-13T17:57:45: WebSocket server initialized
2025-04-13T17:57:48: Database connected
2025-04-13T17:57:48: WebSocket server initialized
2025-04-13T17:57:50: Database connected
2025-04-13T17:57:50: WebSocket server initialized
2025-04-13T17:57:53: Database connected
2025-04-13T17:57:53: WebSocket server initialized
2025-04-13T17:57:55: Database connected
2025-04-13T17:57:55: WebSocket server initialized
2025-04-13T17:57:57: Database connected
2025-04-13T17:57:57: WebSocket server initialized
2025-04-13T17:58:00: Database connected
2025-04-13T17:58:00: WebSocket server initialized
2025-04-13T17:58:00: Server Error: bind EADDRINUSE null:5000
2025-04-13T17:58:03: Database connected
2025-04-13T17:58:03: WebSocket server initialized
2025-04-13T17:58:05: Database connected
2025-04-13T17:58:05: WebSocket server initialized
2025-04-13T17:58:08: Database connected
2025-04-13T17:58:08: WebSocket server initialized
2025-04-13T17:58:10: Database connected
2025-04-13T17:58:10: WebSocket server initialized
2025-04-13T17:58:13: Database connected
2025-04-13T17:58:13: WebSocket server initialized
2025-04-13T17:58:15: Database connected
2025-04-13T17:58:15: WebSocket server initialized
2025-04-13T17:58:18: Database connected
2025-04-13T17:58:18: WebSocket server initialized
2025-04-13T17:58:20: Database connected
2025-04-13T17:58:20: WebSocket server initialized
2025-04-13T17:58:23: Database connected
2025-04-13T17:58:23: WebSocket server initialized
2025-04-13T17:58:25: Database connected
2025-04-13T17:58:25: WebSocket server initialized
2025-04-13T17:58:25: Server started on port 5000 (production)
