2025-04-13T17:51:10: Database connected
2025-04-13T17:51:10: WebSocket server initialized
2025-04-13T17:51:10: Server error: Error: bind EADDRINUSE null:5000
    at listenOnPrimaryHandle (node:net:1993:18)
    at shared (node:internal/cluster/child:157:3)
    at Worker.<anonymous> (node:internal/cluster/child:110:7)
    at process.onInternalMessage (node:internal/cluster/utils:49:5)
    at process.emit (node:events:536:35)
    at emit (node:internal/child_process:949:14)
    at process.processTicksAndRejections (node:internal/process/task_queues:91:21) {
  errno: -4091,
  code: 'EADDRINUSE',
  syscall: 'bind',
  address: null,
  port: 5000
}
Error: bind EADDRINUSE null:5000
    at listenOnPrimaryHandle (node:net:1993:18)
    at shared (node:internal/cluster/child:157:3)
    at Worker.<anonymous> (node:internal/cluster/child:110:7)
    at process.onInternalMessage (node:internal/cluster/utils:49:5)
    at process.emit (node:events:536:35)
    at emit (node:internal/child_process:949:14)
    at process.processTicksAndRejections (node:internal/process/task_queues:91:21)
2025-04-13T17:51:10: Uncaught Exception: Error: bind EADDRINUSE null:5000
    at listenOnPrimaryHandle (node:net:1993:18)
    at shared (node:internal/cluster/child:157:3)
    at Worker.<anonymous> (node:internal/cluster/child:110:7)
    at process.onInternalMessage (node:internal/cluster/utils:49:5)
    at process.emit (node:events:536:35)
    at emit (node:internal/child_process:949:14)
    at process.processTicksAndRejections (node:internal/process/task_queues:91:21) {
  errno: -4091,
  code: 'EADDRINUSE',
  syscall: 'bind',
  address: null,
  port: 5000
}
2025-04-13T17:51:11: Server is shutting down with code 1
2025-04-13T17:51:14: Database connected
2025-04-13T17:51:14: WebSocket server initialized
2025-04-13T17:51:14: Server error: Error: bind EADDRINUSE null:5000
    at listenOnPrimaryHandle (node:net:1993:18)
    at shared (node:internal/cluster/child:157:3)
    at Worker.<anonymous> (node:internal/cluster/child:110:7)
    at process.onInternalMessage (node:internal/cluster/utils:49:5)
    at process.emit (node:events:536:35)
    at emit (node:internal/child_process:949:14)
    at process.processTicksAndRejections (node:internal/process/task_queues:91:21) {
  errno: -4091,
  code: 'EADDRINUSE',
  syscall: 'bind',
  address: null,
  port: 5000
}
Error: bind EADDRINUSE null:5000
    at listenOnPrimaryHandle (node:net:1993:18)
    at shared (node:internal/cluster/child:157:3)
    at Worker.<anonymous> (node:internal/cluster/child:110:7)
    at process.onInternalMessage (node:internal/cluster/utils:49:5)
    at process.emit (node:events:536:35)
    at emit (node:internal/child_process:949:14)
    at process.processTicksAndRejections (node:internal/process/task_queues:91:21)
2025-04-13T17:51:14: Uncaught Exception: Error: bind EADDRINUSE null:5000
    at listenOnPrimaryHandle (node:net:1993:18)
    at shared (node:internal/cluster/child:157:3)
    at Worker.<anonymous> (node:internal/cluster/child:110:7)
    at process.onInternalMessage (node:internal/cluster/utils:49:5)
    at process.emit (node:events:536:35)
    at emit (node:internal/child_process:949:14)
    at process.processTicksAndRejections (node:internal/process/task_queues:91:21) {
  errno: -4091,
  code: 'EADDRINUSE',
  syscall: 'bind',
  address: null,
  port: 5000
}
2025-04-13T17:51:15: Server is shutting down with code 1
2025-04-13T17:51:17: Database connected
2025-04-13T17:51:17: WebSocket server initialized
2025-04-13T17:51:17: Server error: Error: bind EADDRINUSE null:5000
    at listenOnPrimaryHandle (node:net:1993:18)
    at shared (node:internal/cluster/child:157:3)
    at Worker.<anonymous> (node:internal/cluster/child:110:7)
    at process.onInternalMessage (node:internal/cluster/utils:49:5)
    at process.emit (node:events:536:35)
    at emit (node:internal/child_process:949:14)
    at process.processTicksAndRejections (node:internal/process/task_queues:91:21) {
  errno: -4091,
  code: 'EADDRINUSE',
  syscall: 'bind',
  address: null,
  port: 5000
}
Error: bind EADDRINUSE null:5000
    at listenOnPrimaryHandle (node:net:1993:18)
    at shared (node:internal/cluster/child:157:3)
    at Worker.<anonymous> (node:internal/cluster/child:110:7)
    at process.onInternalMessage (node:internal/cluster/utils:49:5)
    at process.emit (node:events:536:35)
    at emit (node:internal/child_process:949:14)
    at process.processTicksAndRejections (node:internal/process/task_queues:91:21)
2025-04-13T17:51:17: Uncaught Exception: Error: bind EADDRINUSE null:5000
    at listenOnPrimaryHandle (node:net:1993:18)
    at shared (node:internal/cluster/child:157:3)
    at Worker.<anonymous> (node:internal/cluster/child:110:7)
    at process.onInternalMessage (node:internal/cluster/utils:49:5)
    at process.emit (node:events:536:35)
    at emit (node:internal/child_process:949:14)
    at process.processTicksAndRejections (node:internal/process/task_queues:91:21) {
  errno: -4091,
  code: 'EADDRINUSE',
  syscall: 'bind',
  address: null,
  port: 5000
}
2025-04-13T17:51:18: Server is shutting down with code 1
2025-04-13T17:51:21: Database connected
2025-04-13T17:51:21: WebSocket server initialized
2025-04-13T17:51:21: Server error: Error: bind EADDRINUSE null:5000
    at listenOnPrimaryHandle (node:net:1993:18)
    at shared (node:internal/cluster/child:157:3)
    at Worker.<anonymous> (node:internal/cluster/child:110:7)
    at process.onInternalMessage (node:internal/cluster/utils:49:5)
    at process.emit (node:events:536:35)
    at emit (node:internal/child_process:949:14)
    at process.processTicksAndRejections (node:internal/process/task_queues:91:21) {
  errno: -4091,
  code: 'EADDRINUSE',
  syscall: 'bind',
  address: null,
  port: 5000
}
Error: bind EADDRINUSE null:5000
    at listenOnPrimaryHandle (node:net:1993:18)
    at shared (node:internal/cluster/child:157:3)
    at Worker.<anonymous> (node:internal/cluster/child:110:7)
    at process.onInternalMessage (node:internal/cluster/utils:49:5)
    at process.emit (node:events:536:35)
    at emit (node:internal/child_process:949:14)
    at process.processTicksAndRejections (node:internal/process/task_queues:91:21)
2025-04-13T17:51:21: Uncaught Exception: Error: bind EADDRINUSE null:5000
    at listenOnPrimaryHandle (node:net:1993:18)
    at shared (node:internal/cluster/child:157:3)
    at Worker.<anonymous> (node:internal/cluster/child:110:7)
    at process.onInternalMessage (node:internal/cluster/utils:49:5)
    at process.emit (node:events:536:35)
    at emit (node:internal/child_process:949:14)
    at process.processTicksAndRejections (node:internal/process/task_queues:91:21) {
  errno: -4091,
  code: 'EADDRINUSE',
  syscall: 'bind',
  address: null,
  port: 5000
}
2025-04-13T17:51:22: Server is shutting down with code 1
2025-04-13T17:51:25: Database connected
2025-04-13T17:51:25: WebSocket server initialized
2025-04-13T17:51:25: Server error: Error: bind EADDRINUSE null:5000
    at listenOnPrimaryHandle (node:net:1993:18)
    at shared (node:internal/cluster/child:157:3)
    at Worker.<anonymous> (node:internal/cluster/child:110:7)
    at process.onInternalMessage (node:internal/cluster/utils:49:5)
    at process.emit (node:events:536:35)
    at emit (node:internal/child_process:949:14)
    at process.processTicksAndRejections (node:internal/process/task_queues:91:21) {
  errno: -4091,
  code: 'EADDRINUSE',
  syscall: 'bind',
  address: null,
  port: 5000
}
Error: bind EADDRINUSE null:5000
    at listenOnPrimaryHandle (node:net:1993:18)
    at shared (node:internal/cluster/child:157:3)
    at Worker.<anonymous> (node:internal/cluster/child:110:7)
    at process.onInternalMessage (node:internal/cluster/utils:49:5)
    at process.emit (node:events:536:35)
    at emit (node:internal/child_process:949:14)
    at process.processTicksAndRejections (node:internal/process/task_queues:91:21)
2025-04-13T17:51:25: Uncaught Exception: Error: bind EADDRINUSE null:5000
    at listenOnPrimaryHandle (node:net:1993:18)
    at shared (node:internal/cluster/child:157:3)
    at Worker.<anonymous> (node:internal/cluster/child:110:7)
    at process.onInternalMessage (node:internal/cluster/utils:49:5)
    at process.emit (node:events:536:35)
    at emit (node:internal/child_process:949:14)
    at process.processTicksAndRejections (node:internal/process/task_queues:91:21) {
  errno: -4091,
  code: 'EADDRINUSE',
  syscall: 'bind',
  address: null,
  port: 5000
}
2025-04-13T17:51:26: Server is shutting down with code 1
2025-04-13T17:51:29: Database connected
2025-04-13T17:51:29: WebSocket server initialized
2025-04-13T17:51:29: Server error: Error: bind EADDRINUSE null:5000
    at listenOnPrimaryHandle (node:net:1993:18)
    at shared (node:internal/cluster/child:157:3)
    at Worker.<anonymous> (node:internal/cluster/child:110:7)
    at process.onInternalMessage (node:internal/cluster/utils:49:5)
    at process.emit (node:events:536:35)
    at emit (node:internal/child_process:949:14)
    at process.processTicksAndRejections (node:internal/process/task_queues:91:21) {
  errno: -4091,
  code: 'EADDRINUSE',
  syscall: 'bind',
  address: null,
  port: 5000
}
Error: bind EADDRINUSE null:5000
    at listenOnPrimaryHandle (node:net:1993:18)
    at shared (node:internal/cluster/child:157:3)
    at Worker.<anonymous> (node:internal/cluster/child:110:7)
    at process.onInternalMessage (node:internal/cluster/utils:49:5)
    at process.emit (node:events:536:35)
    at emit (node:internal/child_process:949:14)
    at process.processTicksAndRejections (node:internal/process/task_queues:91:21)
2025-04-13T17:51:29: Uncaught Exception: Error: bind EADDRINUSE null:5000
    at listenOnPrimaryHandle (node:net:1993:18)
    at shared (node:internal/cluster/child:157:3)
    at Worker.<anonymous> (node:internal/cluster/child:110:7)
    at process.onInternalMessage (node:internal/cluster/utils:49:5)
    at process.emit (node:events:536:35)
    at emit (node:internal/child_process:949:14)
    at process.processTicksAndRejections (node:internal/process/task_queues:91:21) {
  errno: -4091,
  code: 'EADDRINUSE',
  syscall: 'bind',
  address: null,
  port: 5000
}
2025-04-13T17:51:30: Server is shutting down with code 1
2025-04-13T17:51:32: Database connected
2025-04-13T17:51:32: WebSocket server initialized
2025-04-13T17:51:32: Server error: Error: bind EADDRINUSE null:5000
    at listenOnPrimaryHandle (node:net:1993:18)
    at shared (node:internal/cluster/child:157:3)
    at Worker.<anonymous> (node:internal/cluster/child:110:7)
    at process.onInternalMessage (node:internal/cluster/utils:49:5)
    at process.emit (node:events:536:35)
    at emit (node:internal/child_process:949:14)
    at process.processTicksAndRejections (node:internal/process/task_queues:91:21) {
  errno: -4091,
  code: 'EADDRINUSE',
  syscall: 'bind',
  address: null,
  port: 5000
}
Error: bind EADDRINUSE null:5000
    at listenOnPrimaryHandle (node:net:1993:18)
    at shared (node:internal/cluster/child:157:3)
    at Worker.<anonymous> (node:internal/cluster/child:110:7)
    at process.onInternalMessage (node:internal/cluster/utils:49:5)
    at process.emit (node:events:536:35)
    at emit (node:internal/child_process:949:14)
    at process.processTicksAndRejections (node:internal/process/task_queues:91:21)
2025-04-13T17:51:32: Uncaught Exception: Error: bind EADDRINUSE null:5000
    at listenOnPrimaryHandle (node:net:1993:18)
    at shared (node:internal/cluster/child:157:3)
    at Worker.<anonymous> (node:internal/cluster/child:110:7)
    at process.onInternalMessage (node:internal/cluster/utils:49:5)
    at process.emit (node:events:536:35)
    at emit (node:internal/child_process:949:14)
    at process.processTicksAndRejections (node:internal/process/task_queues:91:21) {
  errno: -4091,
  code: 'EADDRINUSE',
  syscall: 'bind',
  address: null,
  port: 5000
}
2025-04-13T17:51:33: Server is shutting down with code 1
2025-04-13T17:51:36: Database connected
2025-04-13T17:51:36: WebSocket server initialized
2025-04-13T17:51:36: Server error: Error: bind EADDRINUSE null:5000
    at listenOnPrimaryHandle (node:net:1993:18)
    at shared (node:internal/cluster/child:157:3)
    at Worker.<anonymous> (node:internal/cluster/child:110:7)
    at process.onInternalMessage (node:internal/cluster/utils:49:5)
    at process.emit (node:events:536:35)
    at emit (node:internal/child_process:949:14)
    at process.processTicksAndRejections (node:internal/process/task_queues:91:21) {
  errno: -4091,
  code: 'EADDRINUSE',
  syscall: 'bind',
  address: null,
  port: 5000
}
Error: bind EADDRINUSE null:5000
    at listenOnPrimaryHandle (node:net:1993:18)
    at shared (node:internal/cluster/child:157:3)
    at Worker.<anonymous> (node:internal/cluster/child:110:7)
    at process.onInternalMessage (node:internal/cluster/utils:49:5)
    at process.emit (node:events:536:35)
    at emit (node:internal/child_process:949:14)
    at process.processTicksAndRejections (node:internal/process/task_queues:91:21)
2025-04-13T17:51:36: Uncaught Exception: Error: bind EADDRINUSE null:5000
    at listenOnPrimaryHandle (node:net:1993:18)
    at shared (node:internal/cluster/child:157:3)
    at Worker.<anonymous> (node:internal/cluster/child:110:7)
    at process.onInternalMessage (node:internal/cluster/utils:49:5)
    at process.emit (node:events:536:35)
    at emit (node:internal/child_process:949:14)
    at process.processTicksAndRejections (node:internal/process/task_queues:91:21) {
  errno: -4091,
  code: 'EADDRINUSE',
  syscall: 'bind',
  address: null,
  port: 5000
}
2025-04-13T17:51:37: Server is shutting down with code 1
2025-04-13T17:51:39: Database connected
2025-04-13T17:51:39: WebSocket server initialized
2025-04-13T17:51:39: Server error: Error: bind EADDRINUSE null:5000
    at listenOnPrimaryHandle (node:net:1993:18)
    at shared (node:internal/cluster/child:157:3)
    at Worker.<anonymous> (node:internal/cluster/child:110:7)
    at process.onInternalMessage (node:internal/cluster/utils:49:5)
    at process.emit (node:events:536:35)
    at emit (node:internal/child_process:949:14)
    at process.processTicksAndRejections (node:internal/process/task_queues:91:21) {
  errno: -4091,
  code: 'EADDRINUSE',
  syscall: 'bind',
  address: null,
  port: 5000
}
Error: bind EADDRINUSE null:5000
    at listenOnPrimaryHandle (node:net:1993:18)
    at shared (node:internal/cluster/child:157:3)
    at Worker.<anonymous> (node:internal/cluster/child:110:7)
    at process.onInternalMessage (node:internal/cluster/utils:49:5)
    at process.emit (node:events:536:35)
    at emit (node:internal/child_process:949:14)
    at process.processTicksAndRejections (node:internal/process/task_queues:91:21)
2025-04-13T17:51:39: Uncaught Exception: Error: bind EADDRINUSE null:5000
    at listenOnPrimaryHandle (node:net:1993:18)
    at shared (node:internal/cluster/child:157:3)
    at Worker.<anonymous> (node:internal/cluster/child:110:7)
    at process.onInternalMessage (node:internal/cluster/utils:49:5)
    at process.emit (node:events:536:35)
    at emit (node:internal/child_process:949:14)
    at process.processTicksAndRejections (node:internal/process/task_queues:91:21) {
  errno: -4091,
  code: 'EADDRINUSE',
  syscall: 'bind',
  address: null,
  port: 5000
}
2025-04-13T17:51:40: Server is shutting down with code 1
2025-04-13T17:51:43: Database connected
2025-04-13T17:51:43: WebSocket server initialized
2025-04-13T17:51:43: Server error: Error: bind EADDRINUSE null:5000
    at listenOnPrimaryHandle (node:net:1993:18)
    at shared (node:internal/cluster/child:157:3)
    at Worker.<anonymous> (node:internal/cluster/child:110:7)
    at process.onInternalMessage (node:internal/cluster/utils:49:5)
    at process.emit (node:events:536:35)
    at emit (node:internal/child_process:949:14)
    at process.processTicksAndRejections (node:internal/process/task_queues:91:21) {
  errno: -4091,
  code: 'EADDRINUSE',
  syscall: 'bind',
  address: null,
  port: 5000
}
Error: bind EADDRINUSE null:5000
    at listenOnPrimaryHandle (node:net:1993:18)
    at shared (node:internal/cluster/child:157:3)
    at Worker.<anonymous> (node:internal/cluster/child:110:7)
    at process.onInternalMessage (node:internal/cluster/utils:49:5)
    at process.emit (node:events:536:35)
    at emit (node:internal/child_process:949:14)
    at process.processTicksAndRejections (node:internal/process/task_queues:91:21)
2025-04-13T17:51:43: Uncaught Exception: Error: bind EADDRINUSE null:5000
    at listenOnPrimaryHandle (node:net:1993:18)
    at shared (node:internal/cluster/child:157:3)
    at Worker.<anonymous> (node:internal/cluster/child:110:7)
    at process.onInternalMessage (node:internal/cluster/utils:49:5)
    at process.emit (node:events:536:35)
    at emit (node:internal/child_process:949:14)
    at process.processTicksAndRejections (node:internal/process/task_queues:91:21) {
  errno: -4091,
  code: 'EADDRINUSE',
  syscall: 'bind',
  address: null,
  port: 5000
}
2025-04-13T17:51:44: Server is shutting down with code 1
2025-04-13T17:51:46: Database connected
2025-04-13T17:51:46: WebSocket server initialized
2025-04-13T17:51:46: Server error: Error: bind EADDRINUSE null:5000
    at listenOnPrimaryHandle (node:net:1993:18)
    at shared (node:internal/cluster/child:157:3)
    at Worker.<anonymous> (node:internal/cluster/child:110:7)
    at process.onInternalMessage (node:internal/cluster/utils:49:5)
    at process.emit (node:events:536:35)
    at emit (node:internal/child_process:949:14)
    at process.processTicksAndRejections (node:internal/process/task_queues:91:21) {
  errno: -4091,
  code: 'EADDRINUSE',
  syscall: 'bind',
  address: null,
  port: 5000
}
Error: bind EADDRINUSE null:5000
    at listenOnPrimaryHandle (node:net:1993:18)
    at shared (node:internal/cluster/child:157:3)
    at Worker.<anonymous> (node:internal/cluster/child:110:7)
    at process.onInternalMessage (node:internal/cluster/utils:49:5)
    at process.emit (node:events:536:35)
    at emit (node:internal/child_process:949:14)
    at process.processTicksAndRejections (node:internal/process/task_queues:91:21)
2025-04-13T17:51:46: Uncaught Exception: Error: bind EADDRINUSE null:5000
    at listenOnPrimaryHandle (node:net:1993:18)
    at shared (node:internal/cluster/child:157:3)
    at Worker.<anonymous> (node:internal/cluster/child:110:7)
    at process.onInternalMessage (node:internal/cluster/utils:49:5)
    at process.emit (node:events:536:35)
    at emit (node:internal/child_process:949:14)
    at process.processTicksAndRejections (node:internal/process/task_queues:91:21) {
  errno: -4091,
  code: 'EADDRINUSE',
  syscall: 'bind',
  address: null,
  port: 5000
}
2025-04-13T17:51:47: Server is shutting down with code 1
2025-04-13T17:51:49: Database connected
2025-04-13T17:51:49: WebSocket server initialized
2025-04-13T17:51:49: Server error: Error: bind EADDRINUSE null:5000
    at listenOnPrimaryHandle (node:net:1993:18)
    at shared (node:internal/cluster/child:157:3)
    at Worker.<anonymous> (node:internal/cluster/child:110:7)
    at process.onInternalMessage (node:internal/cluster/utils:49:5)
    at process.emit (node:events:536:35)
    at emit (node:internal/child_process:949:14)
    at process.processTicksAndRejections (node:internal/process/task_queues:91:21) {
  errno: -4091,
  code: 'EADDRINUSE',
  syscall: 'bind',
  address: null,
  port: 5000
}
Error: bind EADDRINUSE null:5000
    at listenOnPrimaryHandle (node:net:1993:18)
    at shared (node:internal/cluster/child:157:3)
    at Worker.<anonymous> (node:internal/cluster/child:110:7)
    at process.onInternalMessage (node:internal/cluster/utils:49:5)
    at process.emit (node:events:536:35)
    at emit (node:internal/child_process:949:14)
    at process.processTicksAndRejections (node:internal/process/task_queues:91:21)
2025-04-13T17:51:49: Uncaught Exception: Error: bind EADDRINUSE null:5000
    at listenOnPrimaryHandle (node:net:1993:18)
    at shared (node:internal/cluster/child:157:3)
    at Worker.<anonymous> (node:internal/cluster/child:110:7)
    at process.onInternalMessage (node:internal/cluster/utils:49:5)
    at process.emit (node:events:536:35)
    at emit (node:internal/child_process:949:14)
    at process.processTicksAndRejections (node:internal/process/task_queues:91:21) {
  errno: -4091,
  code: 'EADDRINUSE',
  syscall: 'bind',
  address: null,
  port: 5000
}
2025-04-13T17:51:50: Server is shutting down with code 1
2025-04-13T17:51:53: Database connected
2025-04-13T17:51:53: WebSocket server initialized
2025-04-13T17:51:53: Server error: Error: bind EADDRINUSE null:5000
    at listenOnPrimaryHandle (node:net:1993:18)
    at shared (node:internal/cluster/child:157:3)
    at Worker.<anonymous> (node:internal/cluster/child:110:7)
    at process.onInternalMessage (node:internal/cluster/utils:49:5)
    at process.emit (node:events:536:35)
    at emit (node:internal/child_process:949:14)
    at process.processTicksAndRejections (node:internal/process/task_queues:91:21) {
  errno: -4091,
  code: 'EADDRINUSE',
  syscall: 'bind',
  address: null,
  port: 5000
}
Error: bind EADDRINUSE null:5000
    at listenOnPrimaryHandle (node:net:1993:18)
    at shared (node:internal/cluster/child:157:3)
    at Worker.<anonymous> (node:internal/cluster/child:110:7)
    at process.onInternalMessage (node:internal/cluster/utils:49:5)
    at process.emit (node:events:536:35)
    at emit (node:internal/child_process:949:14)
    at process.processTicksAndRejections (node:internal/process/task_queues:91:21)
2025-04-13T17:51:53: Uncaught Exception: Error: bind EADDRINUSE null:5000
    at listenOnPrimaryHandle (node:net:1993:18)
    at shared (node:internal/cluster/child:157:3)
    at Worker.<anonymous> (node:internal/cluster/child:110:7)
    at process.onInternalMessage (node:internal/cluster/utils:49:5)
    at process.emit (node:events:536:35)
    at emit (node:internal/child_process:949:14)
    at process.processTicksAndRejections (node:internal/process/task_queues:91:21) {
  errno: -4091,
  code: 'EADDRINUSE',
  syscall: 'bind',
  address: null,
  port: 5000
}
2025-04-13T17:51:54: Server is shutting down with code 1
2025-04-13T17:51:56: Database connected
2025-04-13T17:51:56: WebSocket server initialized
2025-04-13T17:51:56: Server error: Error: bind EADDRINUSE null:5000
    at listenOnPrimaryHandle (node:net:1993:18)
    at shared (node:internal/cluster/child:157:3)
    at Worker.<anonymous> (node:internal/cluster/child:110:7)
    at process.onInternalMessage (node:internal/cluster/utils:49:5)
    at process.emit (node:events:536:35)
    at emit (node:internal/child_process:949:14)
    at process.processTicksAndRejections (node:internal/process/task_queues:91:21) {
  errno: -4091,
  code: 'EADDRINUSE',
  syscall: 'bind',
  address: null,
  port: 5000
}
Error: bind EADDRINUSE null:5000
    at listenOnPrimaryHandle (node:net:1993:18)
    at shared (node:internal/cluster/child:157:3)
    at Worker.<anonymous> (node:internal/cluster/child:110:7)
    at process.onInternalMessage (node:internal/cluster/utils:49:5)
    at process.emit (node:events:536:35)
    at emit (node:internal/child_process:949:14)
    at process.processTicksAndRejections (node:internal/process/task_queues:91:21)
2025-04-13T17:51:56: Uncaught Exception: Error: bind EADDRINUSE null:5000
    at listenOnPrimaryHandle (node:net:1993:18)
    at shared (node:internal/cluster/child:157:3)
    at Worker.<anonymous> (node:internal/cluster/child:110:7)
    at process.onInternalMessage (node:internal/cluster/utils:49:5)
    at process.emit (node:events:536:35)
    at emit (node:internal/child_process:949:14)
    at process.processTicksAndRejections (node:internal/process/task_queues:91:21) {
  errno: -4091,
  code: 'EADDRINUSE',
  syscall: 'bind',
  address: null,
  port: 5000
}
2025-04-13T17:51:57: Server is shutting down with code 1
2025-04-13T17:52:00: Database connected
2025-04-13T17:52:00: WebSocket server initialized
2025-04-13T17:52:00: Server error: Error: bind EADDRINUSE null:5000
    at listenOnPrimaryHandle (node:net:1993:18)
    at shared (node:internal/cluster/child:157:3)
    at Worker.<anonymous> (node:internal/cluster/child:110:7)
    at process.onInternalMessage (node:internal/cluster/utils:49:5)
    at process.emit (node:events:536:35)
    at emit (node:internal/child_process:949:14)
    at process.processTicksAndRejections (node:internal/process/task_queues:91:21) {
  errno: -4091,
  code: 'EADDRINUSE',
  syscall: 'bind',
  address: null,
  port: 5000
}
Error: bind EADDRINUSE null:5000
    at listenOnPrimaryHandle (node:net:1993:18)
    at shared (node:internal/cluster/child:157:3)
    at Worker.<anonymous> (node:internal/cluster/child:110:7)
    at process.onInternalMessage (node:internal/cluster/utils:49:5)
    at process.emit (node:events:536:35)
    at emit (node:internal/child_process:949:14)
    at process.processTicksAndRejections (node:internal/process/task_queues:91:21)
2025-04-13T17:52:00: Uncaught Exception: Error: bind EADDRINUSE null:5000
    at listenOnPrimaryHandle (node:net:1993:18)
    at shared (node:internal/cluster/child:157:3)
    at Worker.<anonymous> (node:internal/cluster/child:110:7)
    at process.onInternalMessage (node:internal/cluster/utils:49:5)
    at process.emit (node:events:536:35)
    at emit (node:internal/child_process:949:14)
    at process.processTicksAndRejections (node:internal/process/task_queues:91:21) {
  errno: -4091,
  code: 'EADDRINUSE',
  syscall: 'bind',
  address: null,
  port: 5000
}
2025-04-13T17:52:01: Server is shutting down with code 1
2025-04-13T17:52:03: Database connected
2025-04-13T17:52:03: WebSocket server initialized
2025-04-13T17:52:03: Server error: Error: bind EADDRINUSE null:5000
    at listenOnPrimaryHandle (node:net:1993:18)
    at shared (node:internal/cluster/child:157:3)
    at Worker.<anonymous> (node:internal/cluster/child:110:7)
    at process.onInternalMessage (node:internal/cluster/utils:49:5)
    at process.emit (node:events:536:35)
    at emit (node:internal/child_process:949:14)
    at process.processTicksAndRejections (node:internal/process/task_queues:91:21) {
  errno: -4091,
  code: 'EADDRINUSE',
  syscall: 'bind',
  address: null,
  port: 5000
}
Error: bind EADDRINUSE null:5000
    at listenOnPrimaryHandle (node:net:1993:18)
    at shared (node:internal/cluster/child:157:3)
    at Worker.<anonymous> (node:internal/cluster/child:110:7)
    at process.onInternalMessage (node:internal/cluster/utils:49:5)
    at process.emit (node:events:536:35)
    at emit (node:internal/child_process:949:14)
    at process.processTicksAndRejections (node:internal/process/task_queues:91:21)
2025-04-13T17:52:03: Uncaught Exception: Error: bind EADDRINUSE null:5000
    at listenOnPrimaryHandle (node:net:1993:18)
    at shared (node:internal/cluster/child:157:3)
    at Worker.<anonymous> (node:internal/cluster/child:110:7)
    at process.onInternalMessage (node:internal/cluster/utils:49:5)
    at process.emit (node:events:536:35)
    at emit (node:internal/child_process:949:14)
    at process.processTicksAndRejections (node:internal/process/task_queues:91:21) {
  errno: -4091,
  code: 'EADDRINUSE',
  syscall: 'bind',
  address: null,
  port: 5000
}
2025-04-13T17:52:04: Server is shutting down with code 1
2025-04-13T17:52:07: Database connected
2025-04-13T17:52:07: WebSocket server initialized
2025-04-13T17:52:07: Server error: Error: bind EADDRINUSE null:5000
    at listenOnPrimaryHandle (node:net:1993:18)
    at shared (node:internal/cluster/child:157:3)
    at Worker.<anonymous> (node:internal/cluster/child:110:7)
    at process.onInternalMessage (node:internal/cluster/utils:49:5)
    at process.emit (node:events:536:35)
    at emit (node:internal/child_process:949:14)
    at process.processTicksAndRejections (node:internal/process/task_queues:91:21) {
  errno: -4091,
  code: 'EADDRINUSE',
  syscall: 'bind',
  address: null,
  port: 5000
}
Error: bind EADDRINUSE null:5000
    at listenOnPrimaryHandle (node:net:1993:18)
    at shared (node:internal/cluster/child:157:3)
    at Worker.<anonymous> (node:internal/cluster/child:110:7)
    at process.onInternalMessage (node:internal/cluster/utils:49:5)
    at process.emit (node:events:536:35)
    at emit (node:internal/child_process:949:14)
    at process.processTicksAndRejections (node:internal/process/task_queues:91:21)
2025-04-13T17:52:07: Uncaught Exception: Error: bind EADDRINUSE null:5000
    at listenOnPrimaryHandle (node:net:1993:18)
    at shared (node:internal/cluster/child:157:3)
    at Worker.<anonymous> (node:internal/cluster/child:110:7)
    at process.onInternalMessage (node:internal/cluster/utils:49:5)
    at process.emit (node:events:536:35)
    at emit (node:internal/child_process:949:14)
    at process.processTicksAndRejections (node:internal/process/task_queues:91:21) {
  errno: -4091,
  code: 'EADDRINUSE',
  syscall: 'bind',
  address: null,
  port: 5000
}
2025-04-13T17:52:08: Server is shutting down with code 1
2025-04-13T17:52:10: Database connected
2025-04-13T17:52:10: WebSocket server initialized
2025-04-13T17:52:10: Server error: Error: bind EADDRINUSE null:5000
    at listenOnPrimaryHandle (node:net:1993:18)
    at shared (node:internal/cluster/child:157:3)
    at Worker.<anonymous> (node:internal/cluster/child:110:7)
    at process.onInternalMessage (node:internal/cluster/utils:49:5)
    at process.emit (node:events:536:35)
    at emit (node:internal/child_process:949:14)
    at process.processTicksAndRejections (node:internal/process/task_queues:91:21) {
  errno: -4091,
  code: 'EADDRINUSE',
  syscall: 'bind',
  address: null,
  port: 5000
}
Error: bind EADDRINUSE null:5000
    at listenOnPrimaryHandle (node:net:1993:18)
    at shared (node:internal/cluster/child:157:3)
    at Worker.<anonymous> (node:internal/cluster/child:110:7)
    at process.onInternalMessage (node:internal/cluster/utils:49:5)
    at process.emit (node:events:536:35)
    at emit (node:internal/child_process:949:14)
    at process.processTicksAndRejections (node:internal/process/task_queues:91:21)
2025-04-13T17:52:10: Uncaught Exception: Error: bind EADDRINUSE null:5000
    at listenOnPrimaryHandle (node:net:1993:18)
    at shared (node:internal/cluster/child:157:3)
    at Worker.<anonymous> (node:internal/cluster/child:110:7)
    at process.onInternalMessage (node:internal/cluster/utils:49:5)
    at process.emit (node:events:536:35)
    at emit (node:internal/child_process:949:14)
    at process.processTicksAndRejections (node:internal/process/task_queues:91:21) {
  errno: -4091,
  code: 'EADDRINUSE',
  syscall: 'bind',
  address: null,
  port: 5000
}
2025-04-13T17:52:11: Server is shutting down with code 1
2025-04-13T17:52:13: Database connected
2025-04-13T17:52:13: WebSocket server initialized
2025-04-13T17:52:13: Server error: Error: bind EADDRINUSE null:5000
    at listenOnPrimaryHandle (node:net:1993:18)
    at shared (node:internal/cluster/child:157:3)
    at Worker.<anonymous> (node:internal/cluster/child:110:7)
    at process.onInternalMessage (node:internal/cluster/utils:49:5)
    at process.emit (node:events:536:35)
    at emit (node:internal/child_process:949:14)
    at process.processTicksAndRejections (node:internal/process/task_queues:91:21) {
  errno: -4091,
  code: 'EADDRINUSE',
  syscall: 'bind',
  address: null,
  port: 5000
}
Error: bind EADDRINUSE null:5000
    at listenOnPrimaryHandle (node:net:1993:18)
    at shared (node:internal/cluster/child:157:3)
    at Worker.<anonymous> (node:internal/cluster/child:110:7)
    at process.onInternalMessage (node:internal/cluster/utils:49:5)
    at process.emit (node:events:536:35)
    at emit (node:internal/child_process:949:14)
    at process.processTicksAndRejections (node:internal/process/task_queues:91:21)
2025-04-13T17:52:13: Uncaught Exception: Error: bind EADDRINUSE null:5000
    at listenOnPrimaryHandle (node:net:1993:18)
    at shared (node:internal/cluster/child:157:3)
    at Worker.<anonymous> (node:internal/cluster/child:110:7)
    at process.onInternalMessage (node:internal/cluster/utils:49:5)
    at process.emit (node:events:536:35)
    at emit (node:internal/child_process:949:14)
    at process.processTicksAndRejections (node:internal/process/task_queues:91:21) {
  errno: -4091,
  code: 'EADDRINUSE',
  syscall: 'bind',
  address: null,
  port: 5000
}
2025-04-13T17:52:14: Server is shutting down with code 1
2025-04-13T17:52:17: Database connected
2025-04-13T17:52:17: WebSocket server initialized
2025-04-13T17:52:17: Server error: Error: bind EADDRINUSE null:5000
    at listenOnPrimaryHandle (node:net:1993:18)
    at shared (node:internal/cluster/child:157:3)
    at Worker.<anonymous> (node:internal/cluster/child:110:7)
    at process.onInternalMessage (node:internal/cluster/utils:49:5)
    at process.emit (node:events:536:35)
    at emit (node:internal/child_process:949:14)
    at process.processTicksAndRejections (node:internal/process/task_queues:91:21) {
  errno: -4091,
  code: 'EADDRINUSE',
  syscall: 'bind',
  address: null,
  port: 5000
}
Error: bind EADDRINUSE null:5000
    at listenOnPrimaryHandle (node:net:1993:18)
    at shared (node:internal/cluster/child:157:3)
    at Worker.<anonymous> (node:internal/cluster/child:110:7)
    at process.onInternalMessage (node:internal/cluster/utils:49:5)
    at process.emit (node:events:536:35)
    at emit (node:internal/child_process:949:14)
    at process.processTicksAndRejections (node:internal/process/task_queues:91:21)
2025-04-13T17:52:17: Uncaught Exception: Error: bind EADDRINUSE null:5000
    at listenOnPrimaryHandle (node:net:1993:18)
    at shared (node:internal/cluster/child:157:3)
    at Worker.<anonymous> (node:internal/cluster/child:110:7)
    at process.onInternalMessage (node:internal/cluster/utils:49:5)
    at process.emit (node:events:536:35)
    at emit (node:internal/child_process:949:14)
    at process.processTicksAndRejections (node:internal/process/task_queues:91:21) {
  errno: -4091,
  code: 'EADDRINUSE',
  syscall: 'bind',
  address: null,
  port: 5000
}
2025-04-13T17:52:18: Server is shutting down with code 1
2025-04-13T17:54:43: Database connected
2025-04-13T17:54:43: WebSocket server initialized
2025-04-13T17:54:43: Server error: Error: bind EADDRINUSE null:5000
    at listenOnPrimaryHandle (node:net:1993:18)
    at shared (node:internal/cluster/child:157:3)
    at Worker.<anonymous> (node:internal/cluster/child:110:7)
    at process.onInternalMessage (node:internal/cluster/utils:49:5)
    at process.emit (node:events:536:35)
    at emit (node:internal/child_process:949:14)
    at process.processTicksAndRejections (node:internal/process/task_queues:91:21) {
  errno: -4091,
  code: 'EADDRINUSE',
  syscall: 'bind',
  address: null,
  port: 5000
}
Error: bind EADDRINUSE null:5000
    at listenOnPrimaryHandle (node:net:1993:18)
    at shared (node:internal/cluster/child:157:3)
    at Worker.<anonymous> (node:internal/cluster/child:110:7)
    at process.onInternalMessage (node:internal/cluster/utils:49:5)
    at process.emit (node:events:536:35)
    at emit (node:internal/child_process:949:14)
    at process.processTicksAndRejections (node:internal/process/task_queues:91:21)
2025-04-13T17:54:43: Uncaught Exception: Error: bind EADDRINUSE null:5000
    at listenOnPrimaryHandle (node:net:1993:18)
    at shared (node:internal/cluster/child:157:3)
    at Worker.<anonymous> (node:internal/cluster/child:110:7)
    at process.onInternalMessage (node:internal/cluster/utils:49:5)
    at process.emit (node:events:536:35)
    at emit (node:internal/child_process:949:14)
    at process.processTicksAndRejections (node:internal/process/task_queues:91:21) {
  errno: -4091,
  code: 'EADDRINUSE',
  syscall: 'bind',
  address: null,
  port: 5000
}
2025-04-13T17:54:44: Server is shutting down with code 1
2025-04-13T17:54:49: Database connected
2025-04-13T17:54:49: WebSocket server initialized
2025-04-13T17:54:49: Server error: Error: bind EADDRINUSE null:5000
    at listenOnPrimaryHandle (node:net:1993:18)
    at shared (node:internal/cluster/child:157:3)
    at Worker.<anonymous> (node:internal/cluster/child:110:7)
    at process.onInternalMessage (node:internal/cluster/utils:49:5)
    at process.emit (node:events:536:35)
    at emit (node:internal/child_process:949:14)
    at process.processTicksAndRejections (node:internal/process/task_queues:91:21) {
  errno: -4091,
  code: 'EADDRINUSE',
  syscall: 'bind',
  address: null,
  port: 5000
}
Error: bind EADDRINUSE null:5000
    at listenOnPrimaryHandle (node:net:1993:18)
    at shared (node:internal/cluster/child:157:3)
    at Worker.<anonymous> (node:internal/cluster/child:110:7)
    at process.onInternalMessage (node:internal/cluster/utils:49:5)
    at process.emit (node:events:536:35)
    at emit (node:internal/child_process:949:14)
    at process.processTicksAndRejections (node:internal/process/task_queues:91:21)
2025-04-13T17:54:49: Uncaught Exception: Error: bind EADDRINUSE null:5000
    at listenOnPrimaryHandle (node:net:1993:18)
    at shared (node:internal/cluster/child:157:3)
    at Worker.<anonymous> (node:internal/cluster/child:110:7)
    at process.onInternalMessage (node:internal/cluster/utils:49:5)
    at process.emit (node:events:536:35)
    at emit (node:internal/child_process:949:14)
    at process.processTicksAndRejections (node:internal/process/task_queues:91:21) {
  errno: -4091,
  code: 'EADDRINUSE',
  syscall: 'bind',
  address: null,
  port: 5000
}
2025-04-13T17:54:50: Server is shutting down with code 1
2025-04-13T17:54:57: Database connected
2025-04-13T17:54:57: WebSocket server initialized
2025-04-13T17:54:57: Server error: Error: bind EADDRINUSE null:5000
    at listenOnPrimaryHandle (node:net:1993:18)
    at shared (node:internal/cluster/child:157:3)
    at Worker.<anonymous> (node:internal/cluster/child:110:7)
    at process.onInternalMessage (node:internal/cluster/utils:49:5)
    at process.emit (node:events:536:35)
    at emit (node:internal/child_process:949:14)
    at process.processTicksAndRejections (node:internal/process/task_queues:91:21) {
  errno: -4091,
  code: 'EADDRINUSE',
  syscall: 'bind',
  address: null,
  port: 5000
}
Error: bind EADDRINUSE null:5000
    at listenOnPrimaryHandle (node:net:1993:18)
    at shared (node:internal/cluster/child:157:3)
    at Worker.<anonymous> (node:internal/cluster/child:110:7)
    at process.onInternalMessage (node:internal/cluster/utils:49:5)
    at process.emit (node:events:536:35)
    at emit (node:internal/child_process:949:14)
    at process.processTicksAndRejections (node:internal/process/task_queues:91:21)
2025-04-13T17:54:57: Uncaught Exception: Error: bind EADDRINUSE null:5000
    at listenOnPrimaryHandle (node:net:1993:18)
    at shared (node:internal/cluster/child:157:3)
    at Worker.<anonymous> (node:internal/cluster/child:110:7)
    at process.onInternalMessage (node:internal/cluster/utils:49:5)
    at process.emit (node:events:536:35)
    at emit (node:internal/child_process:949:14)
    at process.processTicksAndRejections (node:internal/process/task_queues:91:21) {
  errno: -4091,
  code: 'EADDRINUSE',
  syscall: 'bind',
  address: null,
  port: 5000
}
2025-04-13T17:54:58: Server is shutting down with code 1
2025-04-13T17:55:06: Database connected
2025-04-13T17:55:06: WebSocket server initialized
2025-04-13T17:55:06: Server error: Error: bind EADDRINUSE null:5000
    at listenOnPrimaryHandle (node:net:1993:18)
    at shared (node:internal/cluster/child:157:3)
    at Worker.<anonymous> (node:internal/cluster/child:110:7)
    at process.onInternalMessage (node:internal/cluster/utils:49:5)
    at process.emit (node:events:536:35)
    at emit (node:internal/child_process:949:14)
    at process.processTicksAndRejections (node:internal/process/task_queues:91:21) {
  errno: -4091,
  code: 'EADDRINUSE',
  syscall: 'bind',
  address: null,
  port: 5000
}
Error: bind EADDRINUSE null:5000
    at listenOnPrimaryHandle (node:net:1993:18)
    at shared (node:internal/cluster/child:157:3)
    at Worker.<anonymous> (node:internal/cluster/child:110:7)
    at process.onInternalMessage (node:internal/cluster/utils:49:5)
    at process.emit (node:events:536:35)
    at emit (node:internal/child_process:949:14)
    at process.processTicksAndRejections (node:internal/process/task_queues:91:21)
2025-04-13T17:55:06: Uncaught Exception: Error: bind EADDRINUSE null:5000
    at listenOnPrimaryHandle (node:net:1993:18)
    at shared (node:internal/cluster/child:157:3)
    at Worker.<anonymous> (node:internal/cluster/child:110:7)
    at process.onInternalMessage (node:internal/cluster/utils:49:5)
    at process.emit (node:events:536:35)
    at emit (node:internal/child_process:949:14)
    at process.processTicksAndRejections (node:internal/process/task_queues:91:21) {
  errno: -4091,
  code: 'EADDRINUSE',
  syscall: 'bind',
  address: null,
  port: 5000
}
2025-04-13T17:55:07: Server is shutting down with code 1
2025-04-13T17:55:12: Database connected
2025-04-13T17:55:12: WebSocket server initialized
2025-04-13T17:55:12: Server error: Error: bind EADDRINUSE null:5000
    at listenOnPrimaryHandle (node:net:1993:18)
    at shared (node:internal/cluster/child:157:3)
    at Worker.<anonymous> (node:internal/cluster/child:110:7)
    at process.onInternalMessage (node:internal/cluster/utils:49:5)
    at process.emit (node:events:536:35)
    at emit (node:internal/child_process:949:14)
    at process.processTicksAndRejections (node:internal/process/task_queues:91:21) {
  errno: -4091,
  code: 'EADDRINUSE',
  syscall: 'bind',
  address: null,
  port: 5000
}
Error: bind EADDRINUSE null:5000
    at listenOnPrimaryHandle (node:net:1993:18)
    at shared (node:internal/cluster/child:157:3)
    at Worker.<anonymous> (node:internal/cluster/child:110:7)
    at process.onInternalMessage (node:internal/cluster/utils:49:5)
    at process.emit (node:events:536:35)
    at emit (node:internal/child_process:949:14)
    at process.processTicksAndRejections (node:internal/process/task_queues:91:21)
2025-04-13T17:55:12: Uncaught Exception: Error: bind EADDRINUSE null:5000
    at listenOnPrimaryHandle (node:net:1993:18)
    at shared (node:internal/cluster/child:157:3)
    at Worker.<anonymous> (node:internal/cluster/child:110:7)
    at process.onInternalMessage (node:internal/cluster/utils:49:5)
    at process.emit (node:events:536:35)
    at emit (node:internal/child_process:949:14)
    at process.processTicksAndRejections (node:internal/process/task_queues:91:21) {
  errno: -4091,
  code: 'EADDRINUSE',
  syscall: 'bind',
  address: null,
  port: 5000
}
2025-04-13T17:55:13: Server is shutting down with code 1
2025-04-13T17:55:15: Database connected
2025-04-13T17:55:15: WebSocket server initialized
2025-04-13T17:55:15: Server error: Error: bind EADDRINUSE null:5000
    at listenOnPrimaryHandle (node:net:1993:18)
    at shared (node:internal/cluster/child:157:3)
    at Worker.<anonymous> (node:internal/cluster/child:110:7)
    at process.onInternalMessage (node:internal/cluster/utils:49:5)
    at process.emit (node:events:536:35)
    at emit (node:internal/child_process:949:14)
    at process.processTicksAndRejections (node:internal/process/task_queues:91:21) {
  errno: -4091,
  code: 'EADDRINUSE',
  syscall: 'bind',
  address: null,
  port: 5000
}
Error: bind EADDRINUSE null:5000
    at listenOnPrimaryHandle (node:net:1993:18)
    at shared (node:internal/cluster/child:157:3)
    at Worker.<anonymous> (node:internal/cluster/child:110:7)
    at process.onInternalMessage (node:internal/cluster/utils:49:5)
    at process.emit (node:events:536:35)
    at emit (node:internal/child_process:949:14)
    at process.processTicksAndRejections (node:internal/process/task_queues:91:21)
2025-04-13T17:55:15: Uncaught Exception: Error: bind EADDRINUSE null:5000
    at listenOnPrimaryHandle (node:net:1993:18)
    at shared (node:internal/cluster/child:157:3)
    at Worker.<anonymous> (node:internal/cluster/child:110:7)
    at process.onInternalMessage (node:internal/cluster/utils:49:5)
    at process.emit (node:events:536:35)
    at emit (node:internal/child_process:949:14)
    at process.processTicksAndRejections (node:internal/process/task_queues:91:21) {
  errno: -4091,
  code: 'EADDRINUSE',
  syscall: 'bind',
  address: null,
  port: 5000
}
2025-04-13T17:55:16: Server is shutting down with code 1
2025-04-13T17:55:19: Database connected
2025-04-13T17:55:19: WebSocket server initialized
2025-04-13T17:55:19: Server error: Error: bind EADDRINUSE null:5000
    at listenOnPrimaryHandle (node:net:1993:18)
    at shared (node:internal/cluster/child:157:3)
    at Worker.<anonymous> (node:internal/cluster/child:110:7)
    at process.onInternalMessage (node:internal/cluster/utils:49:5)
    at process.emit (node:events:536:35)
    at emit (node:internal/child_process:949:14)
    at process.processTicksAndRejections (node:internal/process/task_queues:91:21) {
  errno: -4091,
  code: 'EADDRINUSE',
  syscall: 'bind',
  address: null,
  port: 5000
}
Error: bind EADDRINUSE null:5000
    at listenOnPrimaryHandle (node:net:1993:18)
    at shared (node:internal/cluster/child:157:3)
    at Worker.<anonymous> (node:internal/cluster/child:110:7)
    at process.onInternalMessage (node:internal/cluster/utils:49:5)
    at process.emit (node:events:536:35)
    at emit (node:internal/child_process:949:14)
    at process.processTicksAndRejections (node:internal/process/task_queues:91:21)
2025-04-13T17:55:19: Uncaught Exception: Error: bind EADDRINUSE null:5000
    at listenOnPrimaryHandle (node:net:1993:18)
    at shared (node:internal/cluster/child:157:3)
    at Worker.<anonymous> (node:internal/cluster/child:110:7)
    at process.onInternalMessage (node:internal/cluster/utils:49:5)
    at process.emit (node:events:536:35)
    at emit (node:internal/child_process:949:14)
    at process.processTicksAndRejections (node:internal/process/task_queues:91:21) {
  errno: -4091,
  code: 'EADDRINUSE',
  syscall: 'bind',
  address: null,
  port: 5000
}
2025-04-13T17:55:20: Server is shutting down with code 1
2025-04-13T17:55:23: Database connected
2025-04-13T17:55:23: WebSocket server initialized
2025-04-13T17:55:23: Server error: Error: bind EADDRINUSE null:5000
    at listenOnPrimaryHandle (node:net:1993:18)
    at shared (node:internal/cluster/child:157:3)
    at Worker.<anonymous> (node:internal/cluster/child:110:7)
    at process.onInternalMessage (node:internal/cluster/utils:49:5)
    at process.emit (node:events:536:35)
    at emit (node:internal/child_process:949:14)
    at process.processTicksAndRejections (node:internal/process/task_queues:91:21) {
  errno: -4091,
  code: 'EADDRINUSE',
  syscall: 'bind',
  address: null,
  port: 5000
}
Error: bind EADDRINUSE null:5000
    at listenOnPrimaryHandle (node:net:1993:18)
    at shared (node:internal/cluster/child:157:3)
    at Worker.<anonymous> (node:internal/cluster/child:110:7)
    at process.onInternalMessage (node:internal/cluster/utils:49:5)
    at process.emit (node:events:536:35)
    at emit (node:internal/child_process:949:14)
    at process.processTicksAndRejections (node:internal/process/task_queues:91:21)
2025-04-13T17:55:23: Uncaught Exception: Error: bind EADDRINUSE null:5000
    at listenOnPrimaryHandle (node:net:1993:18)
    at shared (node:internal/cluster/child:157:3)
    at Worker.<anonymous> (node:internal/cluster/child:110:7)
    at process.onInternalMessage (node:internal/cluster/utils:49:5)
    at process.emit (node:events:536:35)
    at emit (node:internal/child_process:949:14)
    at process.processTicksAndRejections (node:internal/process/task_queues:91:21) {
  errno: -4091,
  code: 'EADDRINUSE',
  syscall: 'bind',
  address: null,
  port: 5000
}
2025-04-13T17:55:24: Server is shutting down with code 1
2025-04-13T17:55:26: Database connected
2025-04-13T17:55:26: WebSocket server initialized
2025-04-13T17:55:26: Server error: Error: bind EADDRINUSE null:5000
    at listenOnPrimaryHandle (node:net:1993:18)
    at shared (node:internal/cluster/child:157:3)
    at Worker.<anonymous> (node:internal/cluster/child:110:7)
    at process.onInternalMessage (node:internal/cluster/utils:49:5)
    at process.emit (node:events:536:35)
    at emit (node:internal/child_process:949:14)
    at process.processTicksAndRejections (node:internal/process/task_queues:91:21) {
  errno: -4091,
  code: 'EADDRINUSE',
  syscall: 'bind',
  address: null,
  port: 5000
}
Error: bind EADDRINUSE null:5000
    at listenOnPrimaryHandle (node:net:1993:18)
    at shared (node:internal/cluster/child:157:3)
    at Worker.<anonymous> (node:internal/cluster/child:110:7)
    at process.onInternalMessage (node:internal/cluster/utils:49:5)
    at process.emit (node:events:536:35)
    at emit (node:internal/child_process:949:14)
    at process.processTicksAndRejections (node:internal/process/task_queues:91:21)
2025-04-13T17:55:26: Uncaught Exception: Error: bind EADDRINUSE null:5000
    at listenOnPrimaryHandle (node:net:1993:18)
    at shared (node:internal/cluster/child:157:3)
    at Worker.<anonymous> (node:internal/cluster/child:110:7)
    at process.onInternalMessage (node:internal/cluster/utils:49:5)
    at process.emit (node:events:536:35)
    at emit (node:internal/child_process:949:14)
    at process.processTicksAndRejections (node:internal/process/task_queues:91:21) {
  errno: -4091,
  code: 'EADDRINUSE',
  syscall: 'bind',
  address: null,
  port: 5000
}
2025-04-13T17:55:27: Server is shutting down with code 1
2025-04-13T17:55:31: Database connected
2025-04-13T17:55:31: WebSocket server initialized
2025-04-13T17:55:31: Server error: Error: bind EADDRINUSE null:5000
    at listenOnPrimaryHandle (node:net:1993:18)
    at shared (node:internal/cluster/child:157:3)
    at Worker.<anonymous> (node:internal/cluster/child:110:7)
    at process.onInternalMessage (node:internal/cluster/utils:49:5)
    at process.emit (node:events:536:35)
    at emit (node:internal/child_process:949:14)
    at process.processTicksAndRejections (node:internal/process/task_queues:91:21) {
  errno: -4091,
  code: 'EADDRINUSE',
  syscall: 'bind',
  address: null,
  port: 5000
}
Error: bind EADDRINUSE null:5000
    at listenOnPrimaryHandle (node:net:1993:18)
    at shared (node:internal/cluster/child:157:3)
    at Worker.<anonymous> (node:internal/cluster/child:110:7)
    at process.onInternalMessage (node:internal/cluster/utils:49:5)
    at process.emit (node:events:536:35)
    at emit (node:internal/child_process:949:14)
    at process.processTicksAndRejections (node:internal/process/task_queues:91:21)
2025-04-13T17:55:31: Uncaught Exception: Error: bind EADDRINUSE null:5000
    at listenOnPrimaryHandle (node:net:1993:18)
    at shared (node:internal/cluster/child:157:3)
    at Worker.<anonymous> (node:internal/cluster/child:110:7)
    at process.onInternalMessage (node:internal/cluster/utils:49:5)
    at process.emit (node:events:536:35)
    at emit (node:internal/child_process:949:14)
    at process.processTicksAndRejections (node:internal/process/task_queues:91:21) {
  errno: -4091,
  code: 'EADDRINUSE',
  syscall: 'bind',
  address: null,
  port: 5000
}
2025-04-13T17:55:32: Server is shutting down with code 1
2025-04-13T17:55:34: Database connected
2025-04-13T17:55:34: WebSocket server initialized
2025-04-13T17:55:34: Server error: Error: bind EADDRINUSE null:5000
    at listenOnPrimaryHandle (node:net:1993:18)
    at shared (node:internal/cluster/child:157:3)
    at Worker.<anonymous> (node:internal/cluster/child:110:7)
    at process.onInternalMessage (node:internal/cluster/utils:49:5)
    at process.emit (node:events:536:35)
    at emit (node:internal/child_process:949:14)
    at process.processTicksAndRejections (node:internal/process/task_queues:91:21) {
  errno: -4091,
  code: 'EADDRINUSE',
  syscall: 'bind',
  address: null,
  port: 5000
}
Error: bind EADDRINUSE null:5000
    at listenOnPrimaryHandle (node:net:1993:18)
    at shared (node:internal/cluster/child:157:3)
    at Worker.<anonymous> (node:internal/cluster/child:110:7)
    at process.onInternalMessage (node:internal/cluster/utils:49:5)
    at process.emit (node:events:536:35)
    at emit (node:internal/child_process:949:14)
    at process.processTicksAndRejections (node:internal/process/task_queues:91:21)
2025-04-13T17:55:34: Uncaught Exception: Error: bind EADDRINUSE null:5000
    at listenOnPrimaryHandle (node:net:1993:18)
    at shared (node:internal/cluster/child:157:3)
    at Worker.<anonymous> (node:internal/cluster/child:110:7)
    at process.onInternalMessage (node:internal/cluster/utils:49:5)
    at process.emit (node:events:536:35)
    at emit (node:internal/child_process:949:14)
    at process.processTicksAndRejections (node:internal/process/task_queues:91:21) {
  errno: -4091,
  code: 'EADDRINUSE',
  syscall: 'bind',
  address: null,
  port: 5000
}
2025-04-13T17:55:35: Server is shutting down with code 1
2025-04-13T17:55:38: Database connected
2025-04-13T17:55:38: WebSocket server initialized
2025-04-13T17:55:38: Server error: Error: bind EADDRINUSE null:5000
    at listenOnPrimaryHandle (node:net:1993:18)
    at shared (node:internal/cluster/child:157:3)
    at Worker.<anonymous> (node:internal/cluster/child:110:7)
    at process.onInternalMessage (node:internal/cluster/utils:49:5)
    at process.emit (node:events:536:35)
    at emit (node:internal/child_process:949:14)
    at process.processTicksAndRejections (node:internal/process/task_queues:91:21) {
  errno: -4091,
  code: 'EADDRINUSE',
  syscall: 'bind',
  address: null,
  port: 5000
}
Error: bind EADDRINUSE null:5000
    at listenOnPrimaryHandle (node:net:1993:18)
    at shared (node:internal/cluster/child:157:3)
    at Worker.<anonymous> (node:internal/cluster/child:110:7)
    at process.onInternalMessage (node:internal/cluster/utils:49:5)
    at process.emit (node:events:536:35)
    at emit (node:internal/child_process:949:14)
    at process.processTicksAndRejections (node:internal/process/task_queues:91:21)
2025-04-13T17:55:38: Uncaught Exception: Error: bind EADDRINUSE null:5000
    at listenOnPrimaryHandle (node:net:1993:18)
    at shared (node:internal/cluster/child:157:3)
    at Worker.<anonymous> (node:internal/cluster/child:110:7)
    at process.onInternalMessage (node:internal/cluster/utils:49:5)
    at process.emit (node:events:536:35)
    at emit (node:internal/child_process:949:14)
    at process.processTicksAndRejections (node:internal/process/task_queues:91:21) {
  errno: -4091,
  code: 'EADDRINUSE',
  syscall: 'bind',
  address: null,
  port: 5000
}
2025-04-13T17:55:39: Server is shutting down with code 1
2025-04-13T17:55:43: Database connected
2025-04-13T17:55:43: WebSocket server initialized
2025-04-13T17:55:43: Server error: Error: bind EADDRINUSE null:5000
    at listenOnPrimaryHandle (node:net:1993:18)
    at shared (node:internal/cluster/child:157:3)
    at Worker.<anonymous> (node:internal/cluster/child:110:7)
    at process.onInternalMessage (node:internal/cluster/utils:49:5)
    at process.emit (node:events:536:35)
    at emit (node:internal/child_process:949:14)
    at process.processTicksAndRejections (node:internal/process/task_queues:91:21) {
  errno: -4091,
  code: 'EADDRINUSE',
  syscall: 'bind',
  address: null,
  port: 5000
}
Error: bind EADDRINUSE null:5000
    at listenOnPrimaryHandle (node:net:1993:18)
    at shared (node:internal/cluster/child:157:3)
    at Worker.<anonymous> (node:internal/cluster/child:110:7)
    at process.onInternalMessage (node:internal/cluster/utils:49:5)
    at process.emit (node:events:536:35)
    at emit (node:internal/child_process:949:14)
    at process.processTicksAndRejections (node:internal/process/task_queues:91:21)
2025-04-13T17:55:43: Uncaught Exception: Error: bind EADDRINUSE null:5000
    at listenOnPrimaryHandle (node:net:1993:18)
    at shared (node:internal/cluster/child:157:3)
    at Worker.<anonymous> (node:internal/cluster/child:110:7)
    at process.onInternalMessage (node:internal/cluster/utils:49:5)
    at process.emit (node:events:536:35)
    at emit (node:internal/child_process:949:14)
    at process.processTicksAndRejections (node:internal/process/task_queues:91:21) {
  errno: -4091,
  code: 'EADDRINUSE',
  syscall: 'bind',
  address: null,
  port: 5000
}
2025-04-13T17:55:44: Server is shutting down with code 1
2025-04-13T17:55:47: Database connected
2025-04-13T17:55:47: WebSocket server initialized
2025-04-13T17:55:47: Server error: Error: bind EADDRINUSE null:5000
    at listenOnPrimaryHandle (node:net:1993:18)
    at shared (node:internal/cluster/child:157:3)
    at Worker.<anonymous> (node:internal/cluster/child:110:7)
    at process.onInternalMessage (node:internal/cluster/utils:49:5)
    at process.emit (node:events:536:35)
    at emit (node:internal/child_process:949:14)
    at process.processTicksAndRejections (node:internal/process/task_queues:91:21) {
  errno: -4091,
  code: 'EADDRINUSE',
  syscall: 'bind',
  address: null,
  port: 5000
}
Error: bind EADDRINUSE null:5000
    at listenOnPrimaryHandle (node:net:1993:18)
    at shared (node:internal/cluster/child:157:3)
    at Worker.<anonymous> (node:internal/cluster/child:110:7)
    at process.onInternalMessage (node:internal/cluster/utils:49:5)
    at process.emit (node:events:536:35)
    at emit (node:internal/child_process:949:14)
    at process.processTicksAndRejections (node:internal/process/task_queues:91:21)
2025-04-13T17:55:47: Uncaught Exception: Error: bind EADDRINUSE null:5000
    at listenOnPrimaryHandle (node:net:1993:18)
    at shared (node:internal/cluster/child:157:3)
    at Worker.<anonymous> (node:internal/cluster/child:110:7)
    at process.onInternalMessage (node:internal/cluster/utils:49:5)
    at process.emit (node:events:536:35)
    at emit (node:internal/child_process:949:14)
    at process.processTicksAndRejections (node:internal/process/task_queues:91:21) {
  errno: -4091,
  code: 'EADDRINUSE',
  syscall: 'bind',
  address: null,
  port: 5000
}
2025-04-13T17:55:48: Server is shutting down with code 1
2025-04-13T17:55:51: Database connected
2025-04-13T17:55:51: WebSocket server initialized
2025-04-13T17:55:51: Server error: Error: bind EADDRINUSE null:5000
    at listenOnPrimaryHandle (node:net:1993:18)
    at shared (node:internal/cluster/child:157:3)
    at Worker.<anonymous> (node:internal/cluster/child:110:7)
    at process.onInternalMessage (node:internal/cluster/utils:49:5)
    at process.emit (node:events:536:35)
    at emit (node:internal/child_process:949:14)
    at process.processTicksAndRejections (node:internal/process/task_queues:91:21) {
  errno: -4091,
  code: 'EADDRINUSE',
  syscall: 'bind',
  address: null,
  port: 5000
}
Error: bind EADDRINUSE null:5000
    at listenOnPrimaryHandle (node:net:1993:18)
    at shared (node:internal/cluster/child:157:3)
    at Worker.<anonymous> (node:internal/cluster/child:110:7)
    at process.onInternalMessage (node:internal/cluster/utils:49:5)
    at process.emit (node:events:536:35)
    at emit (node:internal/child_process:949:14)
    at process.processTicksAndRejections (node:internal/process/task_queues:91:21)
2025-04-13T17:55:51: Uncaught Exception: Error: bind EADDRINUSE null:5000
    at listenOnPrimaryHandle (node:net:1993:18)
    at shared (node:internal/cluster/child:157:3)
    at Worker.<anonymous> (node:internal/cluster/child:110:7)
    at process.onInternalMessage (node:internal/cluster/utils:49:5)
    at process.emit (node:events:536:35)
    at emit (node:internal/child_process:949:14)
    at process.processTicksAndRejections (node:internal/process/task_queues:91:21) {
  errno: -4091,
  code: 'EADDRINUSE',
  syscall: 'bind',
  address: null,
  port: 5000
}
2025-04-13T17:55:52: Server is shutting down with code 1
2025-04-13T17:55:54: Database connected
2025-04-13T17:55:54: WebSocket server initialized
2025-04-13T17:55:54: Server error: Error: bind EADDRINUSE null:5000
    at listenOnPrimaryHandle (node:net:1993:18)
    at shared (node:internal/cluster/child:157:3)
    at Worker.<anonymous> (node:internal/cluster/child:110:7)
    at process.onInternalMessage (node:internal/cluster/utils:49:5)
    at process.emit (node:events:536:35)
    at emit (node:internal/child_process:949:14)
    at process.processTicksAndRejections (node:internal/process/task_queues:91:21) {
  errno: -4091,
  code: 'EADDRINUSE',
  syscall: 'bind',
  address: null,
  port: 5000
}
Error: bind EADDRINUSE null:5000
    at listenOnPrimaryHandle (node:net:1993:18)
    at shared (node:internal/cluster/child:157:3)
    at Worker.<anonymous> (node:internal/cluster/child:110:7)
    at process.onInternalMessage (node:internal/cluster/utils:49:5)
    at process.emit (node:events:536:35)
    at emit (node:internal/child_process:949:14)
    at process.processTicksAndRejections (node:internal/process/task_queues:91:21)
2025-04-13T17:55:54: Uncaught Exception: Error: bind EADDRINUSE null:5000
    at listenOnPrimaryHandle (node:net:1993:18)
    at shared (node:internal/cluster/child:157:3)
    at Worker.<anonymous> (node:internal/cluster/child:110:7)
    at process.onInternalMessage (node:internal/cluster/utils:49:5)
    at process.emit (node:events:536:35)
    at emit (node:internal/child_process:949:14)
    at process.processTicksAndRejections (node:internal/process/task_queues:91:21) {
  errno: -4091,
  code: 'EADDRINUSE',
  syscall: 'bind',
  address: null,
  port: 5000
}
2025-04-13T17:55:55: Server is shutting down with code 1
2025-04-13T17:55:58: Database connected
2025-04-13T17:55:58: WebSocket server initialized
2025-04-13T17:55:58: Server error: Error: bind EADDRINUSE null:5000
    at listenOnPrimaryHandle (node:net:1993:18)
    at shared (node:internal/cluster/child:157:3)
    at Worker.<anonymous> (node:internal/cluster/child:110:7)
    at process.onInternalMessage (node:internal/cluster/utils:49:5)
    at process.emit (node:events:536:35)
    at emit (node:internal/child_process:949:14)
    at process.processTicksAndRejections (node:internal/process/task_queues:91:21) {
  errno: -4091,
  code: 'EADDRINUSE',
  syscall: 'bind',
  address: null,
  port: 5000
}
Error: bind EADDRINUSE null:5000
    at listenOnPrimaryHandle (node:net:1993:18)
    at shared (node:internal/cluster/child:157:3)
    at Worker.<anonymous> (node:internal/cluster/child:110:7)
    at process.onInternalMessage (node:internal/cluster/utils:49:5)
    at process.emit (node:events:536:35)
    at emit (node:internal/child_process:949:14)
    at process.processTicksAndRejections (node:internal/process/task_queues:91:21)
2025-04-13T17:55:58: Uncaught Exception: Error: bind EADDRINUSE null:5000
    at listenOnPrimaryHandle (node:net:1993:18)
    at shared (node:internal/cluster/child:157:3)
    at Worker.<anonymous> (node:internal/cluster/child:110:7)
    at process.onInternalMessage (node:internal/cluster/utils:49:5)
    at process.emit (node:events:536:35)
    at emit (node:internal/child_process:949:14)
    at process.processTicksAndRejections (node:internal/process/task_queues:91:21) {
  errno: -4091,
  code: 'EADDRINUSE',
  syscall: 'bind',
  address: null,
  port: 5000
}
2025-04-13T17:55:59: Server is shutting down with code 1
2025-04-13T17:56:01: Database connected
2025-04-13T17:56:01: WebSocket server initialized
2025-04-13T17:56:01: Server error: Error: bind EADDRINUSE null:5000
    at listenOnPrimaryHandle (node:net:1993:18)
    at shared (node:internal/cluster/child:157:3)
    at Worker.<anonymous> (node:internal/cluster/child:110:7)
    at process.onInternalMessage (node:internal/cluster/utils:49:5)
    at process.emit (node:events:536:35)
    at emit (node:internal/child_process:949:14)
    at process.processTicksAndRejections (node:internal/process/task_queues:91:21) {
  errno: -4091,
  code: 'EADDRINUSE',
  syscall: 'bind',
  address: null,
  port: 5000
}
Error: bind EADDRINUSE null:5000
    at listenOnPrimaryHandle (node:net:1993:18)
    at shared (node:internal/cluster/child:157:3)
    at Worker.<anonymous> (node:internal/cluster/child:110:7)
    at process.onInternalMessage (node:internal/cluster/utils:49:5)
    at process.emit (node:events:536:35)
    at emit (node:internal/child_process:949:14)
    at process.processTicksAndRejections (node:internal/process/task_queues:91:21)
2025-04-13T17:56:01: Uncaught Exception: Error: bind EADDRINUSE null:5000
    at listenOnPrimaryHandle (node:net:1993:18)
    at shared (node:internal/cluster/child:157:3)
    at Worker.<anonymous> (node:internal/cluster/child:110:7)
    at process.onInternalMessage (node:internal/cluster/utils:49:5)
    at process.emit (node:events:536:35)
    at emit (node:internal/child_process:949:14)
    at process.processTicksAndRejections (node:internal/process/task_queues:91:21) {
  errno: -4091,
  code: 'EADDRINUSE',
  syscall: 'bind',
  address: null,
  port: 5000
}
2025-04-13T17:56:02: Server is shutting down with code 1
2025-04-13T17:56:05: Database connected
2025-04-13T17:56:05: WebSocket server initialized
2025-04-13T17:56:05: Server error: Error: bind EADDRINUSE null:5000
    at listenOnPrimaryHandle (node:net:1993:18)
    at shared (node:internal/cluster/child:157:3)
    at Worker.<anonymous> (node:internal/cluster/child:110:7)
    at process.onInternalMessage (node:internal/cluster/utils:49:5)
    at process.emit (node:events:536:35)
    at emit (node:internal/child_process:949:14)
    at process.processTicksAndRejections (node:internal/process/task_queues:91:21) {
  errno: -4091,
  code: 'EADDRINUSE',
  syscall: 'bind',
  address: null,
  port: 5000
}
Error: bind EADDRINUSE null:5000
    at listenOnPrimaryHandle (node:net:1993:18)
    at shared (node:internal/cluster/child:157:3)
    at Worker.<anonymous> (node:internal/cluster/child:110:7)
    at process.onInternalMessage (node:internal/cluster/utils:49:5)
    at process.emit (node:events:536:35)
    at emit (node:internal/child_process:949:14)
    at process.processTicksAndRejections (node:internal/process/task_queues:91:21)
2025-04-13T17:56:05: Uncaught Exception: Error: bind EADDRINUSE null:5000
    at listenOnPrimaryHandle (node:net:1993:18)
    at shared (node:internal/cluster/child:157:3)
    at Worker.<anonymous> (node:internal/cluster/child:110:7)
    at process.onInternalMessage (node:internal/cluster/utils:49:5)
    at process.emit (node:events:536:35)
    at emit (node:internal/child_process:949:14)
    at process.processTicksAndRejections (node:internal/process/task_queues:91:21) {
  errno: -4091,
  code: 'EADDRINUSE',
  syscall: 'bind',
  address: null,
  port: 5000
}
2025-04-13T17:56:06: Server is shutting down with code 1
2025-04-13T17:56:08: Database connected
2025-04-13T17:56:08: WebSocket server initialized
2025-04-13T17:56:08: Server error: Error: bind EADDRINUSE null:5000
    at listenOnPrimaryHandle (node:net:1993:18)
    at shared (node:internal/cluster/child:157:3)
    at Worker.<anonymous> (node:internal/cluster/child:110:7)
    at process.onInternalMessage (node:internal/cluster/utils:49:5)
    at process.emit (node:events:536:35)
    at emit (node:internal/child_process:949:14)
    at process.processTicksAndRejections (node:internal/process/task_queues:91:21) {
  errno: -4091,
  code: 'EADDRINUSE',
  syscall: 'bind',
  address: null,
  port: 5000
}
Error: bind EADDRINUSE null:5000
    at listenOnPrimaryHandle (node:net:1993:18)
    at shared (node:internal/cluster/child:157:3)
    at Worker.<anonymous> (node:internal/cluster/child:110:7)
    at process.onInternalMessage (node:internal/cluster/utils:49:5)
    at process.emit (node:events:536:35)
    at emit (node:internal/child_process:949:14)
    at process.processTicksAndRejections (node:internal/process/task_queues:91:21)
2025-04-13T17:56:08: Uncaught Exception: Error: bind EADDRINUSE null:5000
    at listenOnPrimaryHandle (node:net:1993:18)
    at shared (node:internal/cluster/child:157:3)
    at Worker.<anonymous> (node:internal/cluster/child:110:7)
    at process.onInternalMessage (node:internal/cluster/utils:49:5)
    at process.emit (node:events:536:35)
    at emit (node:internal/child_process:949:14)
    at process.processTicksAndRejections (node:internal/process/task_queues:91:21) {
  errno: -4091,
  code: 'EADDRINUSE',
  syscall: 'bind',
  address: null,
  port: 5000
}
2025-04-13T17:56:09: Server is shutting down with code 1
2025-04-13T17:56:12: Database connected
2025-04-13T17:56:12: WebSocket server initialized
2025-04-13T17:56:12: Server error: Error: bind EADDRINUSE null:5000
    at listenOnPrimaryHandle (node:net:1993:18)
    at shared (node:internal/cluster/child:157:3)
    at Worker.<anonymous> (node:internal/cluster/child:110:7)
    at process.onInternalMessage (node:internal/cluster/utils:49:5)
    at process.emit (node:events:536:35)
    at emit (node:internal/child_process:949:14)
    at process.processTicksAndRejections (node:internal/process/task_queues:91:21) {
  errno: -4091,
  code: 'EADDRINUSE',
  syscall: 'bind',
  address: null,
  port: 5000
}
Error: bind EADDRINUSE null:5000
    at listenOnPrimaryHandle (node:net:1993:18)
    at shared (node:internal/cluster/child:157:3)
    at Worker.<anonymous> (node:internal/cluster/child:110:7)
    at process.onInternalMessage (node:internal/cluster/utils:49:5)
    at process.emit (node:events:536:35)
    at emit (node:internal/child_process:949:14)
    at process.processTicksAndRejections (node:internal/process/task_queues:91:21)
2025-04-13T17:56:12: Uncaught Exception: Error: bind EADDRINUSE null:5000
    at listenOnPrimaryHandle (node:net:1993:18)
    at shared (node:internal/cluster/child:157:3)
    at Worker.<anonymous> (node:internal/cluster/child:110:7)
    at process.onInternalMessage (node:internal/cluster/utils:49:5)
    at process.emit (node:events:536:35)
    at emit (node:internal/child_process:949:14)
    at process.processTicksAndRejections (node:internal/process/task_queues:91:21) {
  errno: -4091,
  code: 'EADDRINUSE',
  syscall: 'bind',
  address: null,
  port: 5000
}
2025-04-13T17:56:13: Server is shutting down with code 1
2025-04-13T17:56:15: Database connected
2025-04-13T17:56:15: WebSocket server initialized
2025-04-13T17:56:15: Server error: Error: bind EADDRINUSE null:5000
    at listenOnPrimaryHandle (node:net:1993:18)
    at shared (node:internal/cluster/child:157:3)
    at Worker.<anonymous> (node:internal/cluster/child:110:7)
    at process.onInternalMessage (node:internal/cluster/utils:49:5)
    at process.emit (node:events:536:35)
    at emit (node:internal/child_process:949:14)
    at process.processTicksAndRejections (node:internal/process/task_queues:91:21) {
  errno: -4091,
  code: 'EADDRINUSE',
  syscall: 'bind',
  address: null,
  port: 5000
}
Error: bind EADDRINUSE null:5000
    at listenOnPrimaryHandle (node:net:1993:18)
    at shared (node:internal/cluster/child:157:3)
    at Worker.<anonymous> (node:internal/cluster/child:110:7)
    at process.onInternalMessage (node:internal/cluster/utils:49:5)
    at process.emit (node:events:536:35)
    at emit (node:internal/child_process:949:14)
    at process.processTicksAndRejections (node:internal/process/task_queues:91:21)
2025-04-13T17:56:15: Uncaught Exception: Error: bind EADDRINUSE null:5000
    at listenOnPrimaryHandle (node:net:1993:18)
    at shared (node:internal/cluster/child:157:3)
    at Worker.<anonymous> (node:internal/cluster/child:110:7)
    at process.onInternalMessage (node:internal/cluster/utils:49:5)
    at process.emit (node:events:536:35)
    at emit (node:internal/child_process:949:14)
    at process.processTicksAndRejections (node:internal/process/task_queues:91:21) {
  errno: -4091,
  code: 'EADDRINUSE',
  syscall: 'bind',
  address: null,
  port: 5000
}
2025-04-13T17:56:16: Server is shutting down with code 1
2025-04-13T17:56:18: Database connected
2025-04-13T17:56:18: WebSocket server initialized
2025-04-13T17:56:18: Server error: Error: bind EADDRINUSE null:5000
    at listenOnPrimaryHandle (node:net:1993:18)
    at shared (node:internal/cluster/child:157:3)
    at Worker.<anonymous> (node:internal/cluster/child:110:7)
    at process.onInternalMessage (node:internal/cluster/utils:49:5)
    at process.emit (node:events:536:35)
    at emit (node:internal/child_process:949:14)
    at process.processTicksAndRejections (node:internal/process/task_queues:91:21) {
  errno: -4091,
  code: 'EADDRINUSE',
  syscall: 'bind',
  address: null,
  port: 5000
}
Error: bind EADDRINUSE null:5000
    at listenOnPrimaryHandle (node:net:1993:18)
    at shared (node:internal/cluster/child:157:3)
    at Worker.<anonymous> (node:internal/cluster/child:110:7)
    at process.onInternalMessage (node:internal/cluster/utils:49:5)
    at process.emit (node:events:536:35)
    at emit (node:internal/child_process:949:14)
    at process.processTicksAndRejections (node:internal/process/task_queues:91:21)
2025-04-13T17:56:18: Uncaught Exception: Error: bind EADDRINUSE null:5000
    at listenOnPrimaryHandle (node:net:1993:18)
    at shared (node:internal/cluster/child:157:3)
    at Worker.<anonymous> (node:internal/cluster/child:110:7)
    at process.onInternalMessage (node:internal/cluster/utils:49:5)
    at process.emit (node:events:536:35)
    at emit (node:internal/child_process:949:14)
    at process.processTicksAndRejections (node:internal/process/task_queues:91:21) {
  errno: -4091,
  code: 'EADDRINUSE',
  syscall: 'bind',
  address: null,
  port: 5000
}
2025-04-13T17:56:19: Server is shutting down with code 1
2025-04-13T17:56:22: Database connected
2025-04-13T17:56:22: WebSocket server initialized
2025-04-13T17:56:22: Server error: Error: bind EADDRINUSE null:5000
    at listenOnPrimaryHandle (node:net:1993:18)
    at shared (node:internal/cluster/child:157:3)
    at Worker.<anonymous> (node:internal/cluster/child:110:7)
    at process.onInternalMessage (node:internal/cluster/utils:49:5)
    at process.emit (node:events:536:35)
    at emit (node:internal/child_process:949:14)
    at process.processTicksAndRejections (node:internal/process/task_queues:91:21) {
  errno: -4091,
  code: 'EADDRINUSE',
  syscall: 'bind',
  address: null,
  port: 5000
}
Error: bind EADDRINUSE null:5000
    at listenOnPrimaryHandle (node:net:1993:18)
    at shared (node:internal/cluster/child:157:3)
    at Worker.<anonymous> (node:internal/cluster/child:110:7)
    at process.onInternalMessage (node:internal/cluster/utils:49:5)
    at process.emit (node:events:536:35)
    at emit (node:internal/child_process:949:14)
    at process.processTicksAndRejections (node:internal/process/task_queues:91:21)
2025-04-13T17:56:22: Uncaught Exception: Error: bind EADDRINUSE null:5000
    at listenOnPrimaryHandle (node:net:1993:18)
    at shared (node:internal/cluster/child:157:3)
    at Worker.<anonymous> (node:internal/cluster/child:110:7)
    at process.onInternalMessage (node:internal/cluster/utils:49:5)
    at process.emit (node:events:536:35)
    at emit (node:internal/child_process:949:14)
    at process.processTicksAndRejections (node:internal/process/task_queues:91:21) {
  errno: -4091,
  code: 'EADDRINUSE',
  syscall: 'bind',
  address: null,
  port: 5000
}
2025-04-13T17:56:23: Server is shutting down with code 1
2025-04-13T17:56:25: Database connected
2025-04-13T17:56:25: WebSocket server initialized
2025-04-13T17:56:25: Server error: Error: bind EADDRINUSE null:5000
    at listenOnPrimaryHandle (node:net:1993:18)
    at shared (node:internal/cluster/child:157:3)
    at Worker.<anonymous> (node:internal/cluster/child:110:7)
    at process.onInternalMessage (node:internal/cluster/utils:49:5)
    at process.emit (node:events:536:35)
    at emit (node:internal/child_process:949:14)
    at process.processTicksAndRejections (node:internal/process/task_queues:91:21) {
  errno: -4091,
  code: 'EADDRINUSE',
  syscall: 'bind',
  address: null,
  port: 5000
}
Error: bind EADDRINUSE null:5000
    at listenOnPrimaryHandle (node:net:1993:18)
    at shared (node:internal/cluster/child:157:3)
    at Worker.<anonymous> (node:internal/cluster/child:110:7)
    at process.onInternalMessage (node:internal/cluster/utils:49:5)
    at process.emit (node:events:536:35)
    at emit (node:internal/child_process:949:14)
    at process.processTicksAndRejections (node:internal/process/task_queues:91:21)
2025-04-13T17:56:25: Uncaught Exception: Error: bind EADDRINUSE null:5000
    at listenOnPrimaryHandle (node:net:1993:18)
    at shared (node:internal/cluster/child:157:3)
    at Worker.<anonymous> (node:internal/cluster/child:110:7)
    at process.onInternalMessage (node:internal/cluster/utils:49:5)
    at process.emit (node:events:536:35)
    at emit (node:internal/child_process:949:14)
    at process.processTicksAndRejections (node:internal/process/task_queues:91:21) {
  errno: -4091,
  code: 'EADDRINUSE',
  syscall: 'bind',
  address: null,
  port: 5000
}
2025-04-13T17:56:26: Server is shutting down with code 1
2025-04-13T17:56:29: Database connected
2025-04-13T17:56:29: WebSocket server initialized
2025-04-13T17:56:29: Server error: Error: bind EADDRINUSE null:5000
    at listenOnPrimaryHandle (node:net:1993:18)
    at shared (node:internal/cluster/child:157:3)
    at Worker.<anonymous> (node:internal/cluster/child:110:7)
    at process.onInternalMessage (node:internal/cluster/utils:49:5)
    at process.emit (node:events:536:35)
    at emit (node:internal/child_process:949:14)
    at process.processTicksAndRejections (node:internal/process/task_queues:91:21) {
  errno: -4091,
  code: 'EADDRINUSE',
  syscall: 'bind',
  address: null,
  port: 5000
}
Error: bind EADDRINUSE null:5000
    at listenOnPrimaryHandle (node:net:1993:18)
    at shared (node:internal/cluster/child:157:3)
    at Worker.<anonymous> (node:internal/cluster/child:110:7)
    at process.onInternalMessage (node:internal/cluster/utils:49:5)
    at process.emit (node:events:536:35)
    at emit (node:internal/child_process:949:14)
    at process.processTicksAndRejections (node:internal/process/task_queues:91:21)
2025-04-13T17:56:29: Uncaught Exception: Error: bind EADDRINUSE null:5000
    at listenOnPrimaryHandle (node:net:1993:18)
    at shared (node:internal/cluster/child:157:3)
    at Worker.<anonymous> (node:internal/cluster/child:110:7)
    at process.onInternalMessage (node:internal/cluster/utils:49:5)
    at process.emit (node:events:536:35)
    at emit (node:internal/child_process:949:14)
    at process.processTicksAndRejections (node:internal/process/task_queues:91:21) {
  errno: -4091,
  code: 'EADDRINUSE',
  syscall: 'bind',
  address: null,
  port: 5000
}
2025-04-13T17:56:30: Server is shutting down with code 1
2025-04-13T17:56:32: Database connected
2025-04-13T17:56:32: WebSocket server initialized
2025-04-13T17:56:32: Server error: Error: bind EADDRINUSE null:5000
    at listenOnPrimaryHandle (node:net:1993:18)
    at shared (node:internal/cluster/child:157:3)
    at Worker.<anonymous> (node:internal/cluster/child:110:7)
    at process.onInternalMessage (node:internal/cluster/utils:49:5)
    at process.emit (node:events:536:35)
    at emit (node:internal/child_process:949:14)
    at process.processTicksAndRejections (node:internal/process/task_queues:91:21) {
  errno: -4091,
  code: 'EADDRINUSE',
  syscall: 'bind',
  address: null,
  port: 5000
}
Error: bind EADDRINUSE null:5000
    at listenOnPrimaryHandle (node:net:1993:18)
    at shared (node:internal/cluster/child:157:3)
    at Worker.<anonymous> (node:internal/cluster/child:110:7)
    at process.onInternalMessage (node:internal/cluster/utils:49:5)
    at process.emit (node:events:536:35)
    at emit (node:internal/child_process:949:14)
    at process.processTicksAndRejections (node:internal/process/task_queues:91:21)
2025-04-13T17:56:32: Uncaught Exception: Error: bind EADDRINUSE null:5000
    at listenOnPrimaryHandle (node:net:1993:18)
    at shared (node:internal/cluster/child:157:3)
    at Worker.<anonymous> (node:internal/cluster/child:110:7)
    at process.onInternalMessage (node:internal/cluster/utils:49:5)
    at process.emit (node:events:536:35)
    at emit (node:internal/child_process:949:14)
    at process.processTicksAndRejections (node:internal/process/task_queues:91:21) {
  errno: -4091,
  code: 'EADDRINUSE',
  syscall: 'bind',
  address: null,
  port: 5000
}
2025-04-13T17:56:33: Server is shutting down with code 1
2025-04-13T17:56:36: Database connected
2025-04-13T17:56:36: WebSocket server initialized
2025-04-13T17:56:36: Server error: Error: bind EADDRINUSE null:5000
    at listenOnPrimaryHandle (node:net:1993:18)
    at shared (node:internal/cluster/child:157:3)
    at Worker.<anonymous> (node:internal/cluster/child:110:7)
    at process.onInternalMessage (node:internal/cluster/utils:49:5)
    at process.emit (node:events:536:35)
    at emit (node:internal/child_process:949:14)
    at process.processTicksAndRejections (node:internal/process/task_queues:91:21) {
  errno: -4091,
  code: 'EADDRINUSE',
  syscall: 'bind',
  address: null,
  port: 5000
}
Error: bind EADDRINUSE null:5000
    at listenOnPrimaryHandle (node:net:1993:18)
    at shared (node:internal/cluster/child:157:3)
    at Worker.<anonymous> (node:internal/cluster/child:110:7)
    at process.onInternalMessage (node:internal/cluster/utils:49:5)
    at process.emit (node:events:536:35)
    at emit (node:internal/child_process:949:14)
    at process.processTicksAndRejections (node:internal/process/task_queues:91:21)
2025-04-13T17:56:36: Uncaught Exception: Error: bind EADDRINUSE null:5000
    at listenOnPrimaryHandle (node:net:1993:18)
    at shared (node:internal/cluster/child:157:3)
    at Worker.<anonymous> (node:internal/cluster/child:110:7)
    at process.onInternalMessage (node:internal/cluster/utils:49:5)
    at process.emit (node:events:536:35)
    at emit (node:internal/child_process:949:14)
    at process.processTicksAndRejections (node:internal/process/task_queues:91:21) {
  errno: -4091,
  code: 'EADDRINUSE',
  syscall: 'bind',
  address: null,
  port: 5000
}
2025-04-13T17:56:37: Server is shutting down with code 1
2025-04-13T17:56:39: Database connected
2025-04-13T17:56:39: WebSocket server initialized
2025-04-13T17:56:39: Server error: Error: bind EADDRINUSE null:5000
    at listenOnPrimaryHandle (node:net:1993:18)
    at shared (node:internal/cluster/child:157:3)
    at Worker.<anonymous> (node:internal/cluster/child:110:7)
    at process.onInternalMessage (node:internal/cluster/utils:49:5)
    at process.emit (node:events:536:35)
    at emit (node:internal/child_process:949:14)
    at process.processTicksAndRejections (node:internal/process/task_queues:91:21) {
  errno: -4091,
  code: 'EADDRINUSE',
  syscall: 'bind',
  address: null,
  port: 5000
}
Error: bind EADDRINUSE null:5000
    at listenOnPrimaryHandle (node:net:1993:18)
    at shared (node:internal/cluster/child:157:3)
    at Worker.<anonymous> (node:internal/cluster/child:110:7)
    at process.onInternalMessage (node:internal/cluster/utils:49:5)
    at process.emit (node:events:536:35)
    at emit (node:internal/child_process:949:14)
    at process.processTicksAndRejections (node:internal/process/task_queues:91:21)
2025-04-13T17:56:39: Uncaught Exception: Error: bind EADDRINUSE null:5000
    at listenOnPrimaryHandle (node:net:1993:18)
    at shared (node:internal/cluster/child:157:3)
    at Worker.<anonymous> (node:internal/cluster/child:110:7)
    at process.onInternalMessage (node:internal/cluster/utils:49:5)
    at process.emit (node:events:536:35)
    at emit (node:internal/child_process:949:14)
    at process.processTicksAndRejections (node:internal/process/task_queues:91:21) {
  errno: -4091,
  code: 'EADDRINUSE',
  syscall: 'bind',
  address: null,
  port: 5000
}
2025-04-13T17:56:40: Server is shutting down with code 1
2025-04-13T17:56:43: Database connected
2025-04-13T17:56:43: WebSocket server initialized
2025-04-13T17:56:43: Server error: Error: bind EADDRINUSE null:5000
    at listenOnPrimaryHandle (node:net:1993:18)
    at shared (node:internal/cluster/child:157:3)
    at Worker.<anonymous> (node:internal/cluster/child:110:7)
    at process.onInternalMessage (node:internal/cluster/utils:49:5)
    at process.emit (node:events:536:35)
    at emit (node:internal/child_process:949:14)
    at process.processTicksAndRejections (node:internal/process/task_queues:91:21) {
  errno: -4091,
  code: 'EADDRINUSE',
  syscall: 'bind',
  address: null,
  port: 5000
}
Error: bind EADDRINUSE null:5000
    at listenOnPrimaryHandle (node:net:1993:18)
    at shared (node:internal/cluster/child:157:3)
    at Worker.<anonymous> (node:internal/cluster/child:110:7)
    at process.onInternalMessage (node:internal/cluster/utils:49:5)
    at process.emit (node:events:536:35)
    at emit (node:internal/child_process:949:14)
    at process.processTicksAndRejections (node:internal/process/task_queues:91:21)
2025-04-13T17:56:43: Uncaught Exception: Error: bind EADDRINUSE null:5000
    at listenOnPrimaryHandle (node:net:1993:18)
    at shared (node:internal/cluster/child:157:3)
    at Worker.<anonymous> (node:internal/cluster/child:110:7)
    at process.onInternalMessage (node:internal/cluster/utils:49:5)
    at process.emit (node:events:536:35)
    at emit (node:internal/child_process:949:14)
    at process.processTicksAndRejections (node:internal/process/task_queues:91:21) {
  errno: -4091,
  code: 'EADDRINUSE',
  syscall: 'bind',
  address: null,
  port: 5000
}
2025-04-13T17:56:44: Server is shutting down with code 1
2025-04-13T17:56:46: Database connected
2025-04-13T17:56:46: WebSocket server initialized
2025-04-13T17:56:49: Database connected
2025-04-13T17:56:49: WebSocket server initialized
2025-04-13T17:56:51: Database connected
2025-04-13T17:56:51: WebSocket server initialized
2025-04-13T17:56:54: Database connected
2025-04-13T17:56:54: WebSocket server initialized
2025-04-13T17:56:56: Database connected
2025-04-13T17:56:56: WebSocket server initialized
2025-04-13T17:56:58: Database connected
2025-04-13T17:56:58: WebSocket server initialized
2025-04-13T17:57:01: Database connected
2025-04-13T17:57:01: WebSocket server initialized
2025-04-13T17:57:09: Database connected
2025-04-13T17:57:09: WebSocket server initialized
2025-04-13T17:57:12: Database connected
2025-04-13T17:57:12: WebSocket server initialized
2025-04-13T17:57:14: Database connected
2025-04-13T17:57:14: WebSocket server initialized
2025-04-13T17:57:16: Database connected
2025-04-13T17:57:16: WebSocket server initialized
2025-04-13T17:57:19: Database connected
2025-04-13T17:57:19: WebSocket server initialized
2025-04-13T17:57:22: Database connected
2025-04-13T17:57:22: WebSocket server initialized
2025-04-13T17:57:24: Database connected
2025-04-13T17:57:24: WebSocket server initialized
2025-04-13T17:57:27: Database connected
2025-04-13T17:57:27: WebSocket server initialized
2025-04-13T17:57:29: Database connected
2025-04-13T17:57:29: WebSocket server initialized
2025-04-13T17:57:32: Database connected
2025-04-13T17:57:32: WebSocket server initialized
2025-04-13T17:57:35: Database connected
2025-04-13T17:57:35: WebSocket server initialized
2025-04-13T17:57:37: Database connected
2025-04-13T17:57:37: WebSocket server initialized
2025-04-13T17:57:40: Database connected
2025-04-13T17:57:40: WebSocket server initialized
2025-04-13T17:57:42: Database connected
2025-04-13T17:57:42: WebSocket server initialized
2025-04-13T17:57:45: Database connected
2025-04-13T17:57:45: WebSocket server initialized
2025-04-13T17:57:47: Database connected
2025-04-13T17:57:47: WebSocket server initialized
2025-04-13T17:57:49: Database connected
2025-04-13T17:57:49: WebSocket server initialized
2025-04-13T17:57:52: Database connected
2025-04-13T17:57:52: WebSocket server initialized
2025-04-13T17:57:54: Database connected
2025-04-13T17:57:54: WebSocket server initialized
2025-04-13T17:57:57: Database connected
2025-04-13T17:57:57: WebSocket server initialized
2025-04-13T17:57:57: Server Error: bind EADDRINUSE null:5000
2025-04-13T17:58:00: Database connected
2025-04-13T17:58:00: WebSocket server initialized
2025-04-13T17:58:02: Database connected
2025-04-13T17:58:02: WebSocket server initialized
2025-04-13T17:58:05: Database connected
2025-04-13T17:58:05: WebSocket server initialized
2025-04-13T17:58:07: Database connected
2025-04-13T17:58:07: WebSocket server initialized
2025-04-13T17:58:10: Database connected
2025-04-13T17:58:10: WebSocket server initialized
2025-04-13T17:58:12: Database connected
2025-04-13T17:58:12: WebSocket server initialized
2025-04-13T17:58:15: Database connected
2025-04-13T17:58:17: Database connected
2025-04-13T17:58:17: WebSocket server initialized
2025-04-13T17:58:19: Database connected
2025-04-13T17:58:19: WebSocket server initialized
2025-04-13T17:58:22: Database connected
2025-04-13T17:58:22: WebSocket server initialized
2025-04-13T17:58:22: Server Error: bind EADDRINUSE null:5000
2025-04-13T17:58:25: Database connected
2025-04-13T17:58:25: WebSocket server initialized
2025-04-13T17:58:25: Server started on port 5000 (production)
