2025-04-13T17:51:09: Database connected
2025-04-13T17:51:09: WebSocket server initialized
2025-04-13T17:51:09: Server error: Error: bind EADDRINUSE null:5000
    at listenOnPrimaryHandle (node:net:1993:18)
    at shared (node:internal/cluster/child:157:3)
    at Worker.<anonymous> (node:internal/cluster/child:110:7)
    at process.onInternalMessage (node:internal/cluster/utils:49:5)
    at process.emit (node:events:536:35)
    at emit (node:internal/child_process:949:14)
    at process.processTicksAndRejections (node:internal/process/task_queues:91:21) {
  errno: -4091,
  code: 'EADDRINUSE',
  syscall: 'bind',
  address: null,
  port: 5000
}
Error: bind EADDRINUSE null:5000
    at listenOnPrimaryHandle (node:net:1993:18)
    at shared (node:internal/cluster/child:157:3)
    at Worker.<anonymous> (node:internal/cluster/child:110:7)
    at process.onInternalMessage (node:internal/cluster/utils:49:5)
    at process.emit (node:events:536:35)
    at emit (node:internal/child_process:949:14)
    at process.processTicksAndRejections (node:internal/process/task_queues:91:21)
2025-04-13T17:51:09: Uncaught Exception: Error: bind EADDRINUSE null:5000
    at listenOnPrimaryHandle (node:net:1993:18)
    at shared (node:internal/cluster/child:157:3)
    at Worker.<anonymous> (node:internal/cluster/child:110:7)
    at process.onInternalMessage (node:internal/cluster/utils:49:5)
    at process.emit (node:events:536:35)
    at emit (node:internal/child_process:949:14)
    at process.processTicksAndRejections (node:internal/process/task_queues:91:21) {
  errno: -4091,
  code: 'EADDRINUSE',
  syscall: 'bind',
  address: null,
  port: 5000
}
2025-04-13T17:51:10: Server is shutting down with code 1
2025-04-13T17:51:13: Database connected
2025-04-13T17:51:13: WebSocket server initialized
2025-04-13T17:51:13: Server error: Error: bind EADDRINUSE null:5000
    at listenOnPrimaryHandle (node:net:1993:18)
    at shared (node:internal/cluster/child:157:3)
    at Worker.<anonymous> (node:internal/cluster/child:110:7)
    at process.onInternalMessage (node:internal/cluster/utils:49:5)
    at process.emit (node:events:536:35)
    at emit (node:internal/child_process:949:14)
    at process.processTicksAndRejections (node:internal/process/task_queues:91:21) {
  errno: -4091,
  code: 'EADDRINUSE',
  syscall: 'bind',
  address: null,
  port: 5000
}
Error: bind EADDRINUSE null:5000
    at listenOnPrimaryHandle (node:net:1993:18)
    at shared (node:internal/cluster/child:157:3)
    at Worker.<anonymous> (node:internal/cluster/child:110:7)
    at process.onInternalMessage (node:internal/cluster/utils:49:5)
    at process.emit (node:events:536:35)
    at emit (node:internal/child_process:949:14)
    at process.processTicksAndRejections (node:internal/process/task_queues:91:21)
2025-04-13T17:51:13: Uncaught Exception: Error: bind EADDRINUSE null:5000
    at listenOnPrimaryHandle (node:net:1993:18)
    at shared (node:internal/cluster/child:157:3)
    at Worker.<anonymous> (node:internal/cluster/child:110:7)
    at process.onInternalMessage (node:internal/cluster/utils:49:5)
    at process.emit (node:events:536:35)
    at emit (node:internal/child_process:949:14)
    at process.processTicksAndRejections (node:internal/process/task_queues:91:21) {
  errno: -4091,
  code: 'EADDRINUSE',
  syscall: 'bind',
  address: null,
  port: 5000
}
2025-04-13T17:51:14: Server is shutting down with code 1
2025-04-13T17:51:16: Database connected
2025-04-13T17:51:16: WebSocket server initialized
2025-04-13T17:51:16: Server error: Error: bind EADDRINUSE null:5000
    at listenOnPrimaryHandle (node:net:1993:18)
    at shared (node:internal/cluster/child:157:3)
    at Worker.<anonymous> (node:internal/cluster/child:110:7)
    at process.onInternalMessage (node:internal/cluster/utils:49:5)
    at process.emit (node:events:536:35)
    at emit (node:internal/child_process:949:14)
    at process.processTicksAndRejections (node:internal/process/task_queues:91:21) {
  errno: -4091,
  code: 'EADDRINUSE',
  syscall: 'bind',
  address: null,
  port: 5000
}
Error: bind EADDRINUSE null:5000
    at listenOnPrimaryHandle (node:net:1993:18)
    at shared (node:internal/cluster/child:157:3)
    at Worker.<anonymous> (node:internal/cluster/child:110:7)
    at process.onInternalMessage (node:internal/cluster/utils:49:5)
    at process.emit (node:events:536:35)
    at emit (node:internal/child_process:949:14)
    at process.processTicksAndRejections (node:internal/process/task_queues:91:21)
2025-04-13T17:51:16: Uncaught Exception: Error: bind EADDRINUSE null:5000
    at listenOnPrimaryHandle (node:net:1993:18)
    at shared (node:internal/cluster/child:157:3)
    at Worker.<anonymous> (node:internal/cluster/child:110:7)
    at process.onInternalMessage (node:internal/cluster/utils:49:5)
    at process.emit (node:events:536:35)
    at emit (node:internal/child_process:949:14)
    at process.processTicksAndRejections (node:internal/process/task_queues:91:21) {
  errno: -4091,
  code: 'EADDRINUSE',
  syscall: 'bind',
  address: null,
  port: 5000
}
2025-04-13T17:51:17: Server is shutting down with code 1
2025-04-13T17:51:20: Database connected
2025-04-13T17:51:20: WebSocket server initialized
2025-04-13T17:51:20: Server error: Error: bind EADDRINUSE null:5000
    at listenOnPrimaryHandle (node:net:1993:18)
    at shared (node:internal/cluster/child:157:3)
    at Worker.<anonymous> (node:internal/cluster/child:110:7)
    at process.onInternalMessage (node:internal/cluster/utils:49:5)
    at process.emit (node:events:536:35)
    at emit (node:internal/child_process:949:14)
    at process.processTicksAndRejections (node:internal/process/task_queues:91:21) {
  errno: -4091,
  code: 'EADDRINUSE',
  syscall: 'bind',
  address: null,
  port: 5000
}
Error: bind EADDRINUSE null:5000
    at listenOnPrimaryHandle (node:net:1993:18)
    at shared (node:internal/cluster/child:157:3)
    at Worker.<anonymous> (node:internal/cluster/child:110:7)
    at process.onInternalMessage (node:internal/cluster/utils:49:5)
    at process.emit (node:events:536:35)
    at emit (node:internal/child_process:949:14)
    at process.processTicksAndRejections (node:internal/process/task_queues:91:21)
2025-04-13T17:51:20: Uncaught Exception: Error: bind EADDRINUSE null:5000
    at listenOnPrimaryHandle (node:net:1993:18)
    at shared (node:internal/cluster/child:157:3)
    at Worker.<anonymous> (node:internal/cluster/child:110:7)
    at process.onInternalMessage (node:internal/cluster/utils:49:5)
    at process.emit (node:events:536:35)
    at emit (node:internal/child_process:949:14)
    at process.processTicksAndRejections (node:internal/process/task_queues:91:21) {
  errno: -4091,
  code: 'EADDRINUSE',
  syscall: 'bind',
  address: null,
  port: 5000
}
2025-04-13T17:51:21: Server is shutting down with code 1
2025-04-13T17:51:23: Database connected
2025-04-13T17:51:23: WebSocket server initialized
2025-04-13T17:51:23: Server error: Error: bind EADDRINUSE null:5000
    at listenOnPrimaryHandle (node:net:1993:18)
    at shared (node:internal/cluster/child:157:3)
    at Worker.<anonymous> (node:internal/cluster/child:110:7)
    at process.onInternalMessage (node:internal/cluster/utils:49:5)
    at process.emit (node:events:536:35)
    at emit (node:internal/child_process:949:14)
    at process.processTicksAndRejections (node:internal/process/task_queues:91:21) {
  errno: -4091,
  code: 'EADDRINUSE',
  syscall: 'bind',
  address: null,
  port: 5000
}
Error: bind EADDRINUSE null:5000
    at listenOnPrimaryHandle (node:net:1993:18)
    at shared (node:internal/cluster/child:157:3)
    at Worker.<anonymous> (node:internal/cluster/child:110:7)
    at process.onInternalMessage (node:internal/cluster/utils:49:5)
    at process.emit (node:events:536:35)
    at emit (node:internal/child_process:949:14)
    at process.processTicksAndRejections (node:internal/process/task_queues:91:21)
2025-04-13T17:51:23: Uncaught Exception: Error: bind EADDRINUSE null:5000
    at listenOnPrimaryHandle (node:net:1993:18)
    at shared (node:internal/cluster/child:157:3)
    at Worker.<anonymous> (node:internal/cluster/child:110:7)
    at process.onInternalMessage (node:internal/cluster/utils:49:5)
    at process.emit (node:events:536:35)
    at emit (node:internal/child_process:949:14)
    at process.processTicksAndRejections (node:internal/process/task_queues:91:21) {
  errno: -4091,
  code: 'EADDRINUSE',
  syscall: 'bind',
  address: null,
  port: 5000
}
2025-04-13T17:51:24: Server is shutting down with code 1
2025-04-13T17:51:27: Database connected
2025-04-13T17:51:27: WebSocket server initialized
2025-04-13T17:51:27: Server error: Error: bind EADDRINUSE null:5000
    at listenOnPrimaryHandle (node:net:1993:18)
    at shared (node:internal/cluster/child:157:3)
    at Worker.<anonymous> (node:internal/cluster/child:110:7)
    at process.onInternalMessage (node:internal/cluster/utils:49:5)
    at process.emit (node:events:536:35)
    at emit (node:internal/child_process:949:14)
    at process.processTicksAndRejections (node:internal/process/task_queues:91:21) {
  errno: -4091,
  code: 'EADDRINUSE',
  syscall: 'bind',
  address: null,
  port: 5000
}
Error: bind EADDRINUSE null:5000
    at listenOnPrimaryHandle (node:net:1993:18)
    at shared (node:internal/cluster/child:157:3)
    at Worker.<anonymous> (node:internal/cluster/child:110:7)
    at process.onInternalMessage (node:internal/cluster/utils:49:5)
    at process.emit (node:events:536:35)
    at emit (node:internal/child_process:949:14)
    at process.processTicksAndRejections (node:internal/process/task_queues:91:21)
2025-04-13T17:51:27: Uncaught Exception: Error: bind EADDRINUSE null:5000
    at listenOnPrimaryHandle (node:net:1993:18)
    at shared (node:internal/cluster/child:157:3)
    at Worker.<anonymous> (node:internal/cluster/child:110:7)
    at process.onInternalMessage (node:internal/cluster/utils:49:5)
    at process.emit (node:events:536:35)
    at emit (node:internal/child_process:949:14)
    at process.processTicksAndRejections (node:internal/process/task_queues:91:21) {
  errno: -4091,
  code: 'EADDRINUSE',
  syscall: 'bind',
  address: null,
  port: 5000
}
2025-04-13T17:51:28: Server is shutting down with code 1
2025-04-13T17:51:30: Database connected
2025-04-13T17:51:30: WebSocket server initialized
2025-04-13T17:51:30: Server error: Error: bind EADDRINUSE null:5000
    at listenOnPrimaryHandle (node:net:1993:18)
    at shared (node:internal/cluster/child:157:3)
    at Worker.<anonymous> (node:internal/cluster/child:110:7)
    at process.onInternalMessage (node:internal/cluster/utils:49:5)
    at process.emit (node:events:536:35)
    at emit (node:internal/child_process:949:14)
    at process.processTicksAndRejections (node:internal/process/task_queues:91:21) {
  errno: -4091,
  code: 'EADDRINUSE',
  syscall: 'bind',
  address: null,
  port: 5000
}
Error: bind EADDRINUSE null:5000
    at listenOnPrimaryHandle (node:net:1993:18)
    at shared (node:internal/cluster/child:157:3)
    at Worker.<anonymous> (node:internal/cluster/child:110:7)
    at process.onInternalMessage (node:internal/cluster/utils:49:5)
    at process.emit (node:events:536:35)
    at emit (node:internal/child_process:949:14)
    at process.processTicksAndRejections (node:internal/process/task_queues:91:21)
2025-04-13T17:51:30: Uncaught Exception: Error: bind EADDRINUSE null:5000
    at listenOnPrimaryHandle (node:net:1993:18)
    at shared (node:internal/cluster/child:157:3)
    at Worker.<anonymous> (node:internal/cluster/child:110:7)
    at process.onInternalMessage (node:internal/cluster/utils:49:5)
    at process.emit (node:events:536:35)
    at emit (node:internal/child_process:949:14)
    at process.processTicksAndRejections (node:internal/process/task_queues:91:21) {
  errno: -4091,
  code: 'EADDRINUSE',
  syscall: 'bind',
  address: null,
  port: 5000
}
2025-04-13T17:51:31: Server is shutting down with code 1
2025-04-13T17:51:34: Database connected
2025-04-13T17:51:34: WebSocket server initialized
2025-04-13T17:51:34: Server error: Error: bind EADDRINUSE null:5000
    at listenOnPrimaryHandle (node:net:1993:18)
    at shared (node:internal/cluster/child:157:3)
    at Worker.<anonymous> (node:internal/cluster/child:110:7)
    at process.onInternalMessage (node:internal/cluster/utils:49:5)
    at process.emit (node:events:536:35)
    at emit (node:internal/child_process:949:14)
    at process.processTicksAndRejections (node:internal/process/task_queues:91:21) {
  errno: -4091,
  code: 'EADDRINUSE',
  syscall: 'bind',
  address: null,
  port: 5000
}
Error: bind EADDRINUSE null:5000
    at listenOnPrimaryHandle (node:net:1993:18)
    at shared (node:internal/cluster/child:157:3)
    at Worker.<anonymous> (node:internal/cluster/child:110:7)
    at process.onInternalMessage (node:internal/cluster/utils:49:5)
    at process.emit (node:events:536:35)
    at emit (node:internal/child_process:949:14)
    at process.processTicksAndRejections (node:internal/process/task_queues:91:21)
2025-04-13T17:51:34: Uncaught Exception: Error: bind EADDRINUSE null:5000
    at listenOnPrimaryHandle (node:net:1993:18)
    at shared (node:internal/cluster/child:157:3)
    at Worker.<anonymous> (node:internal/cluster/child:110:7)
    at process.onInternalMessage (node:internal/cluster/utils:49:5)
    at process.emit (node:events:536:35)
    at emit (node:internal/child_process:949:14)
    at process.processTicksAndRejections (node:internal/process/task_queues:91:21) {
  errno: -4091,
  code: 'EADDRINUSE',
  syscall: 'bind',
  address: null,
  port: 5000
}
2025-04-13T17:51:35: Server is shutting down with code 1
2025-04-13T17:51:37: Database connected
2025-04-13T17:51:37: WebSocket server initialized
2025-04-13T17:51:37: Server error: Error: bind EADDRINUSE null:5000
    at listenOnPrimaryHandle (node:net:1993:18)
    at shared (node:internal/cluster/child:157:3)
    at Worker.<anonymous> (node:internal/cluster/child:110:7)
    at process.onInternalMessage (node:internal/cluster/utils:49:5)
    at process.emit (node:events:536:35)
    at emit (node:internal/child_process:949:14)
    at process.processTicksAndRejections (node:internal/process/task_queues:91:21) {
  errno: -4091,
  code: 'EADDRINUSE',
  syscall: 'bind',
  address: null,
  port: 5000
}
Error: bind EADDRINUSE null:5000
    at listenOnPrimaryHandle (node:net:1993:18)
    at shared (node:internal/cluster/child:157:3)
    at Worker.<anonymous> (node:internal/cluster/child:110:7)
    at process.onInternalMessage (node:internal/cluster/utils:49:5)
    at process.emit (node:events:536:35)
    at emit (node:internal/child_process:949:14)
    at process.processTicksAndRejections (node:internal/process/task_queues:91:21)
2025-04-13T17:51:37: Uncaught Exception: Error: bind EADDRINUSE null:5000
    at listenOnPrimaryHandle (node:net:1993:18)
    at shared (node:internal/cluster/child:157:3)
    at Worker.<anonymous> (node:internal/cluster/child:110:7)
    at process.onInternalMessage (node:internal/cluster/utils:49:5)
    at process.emit (node:events:536:35)
    at emit (node:internal/child_process:949:14)
    at process.processTicksAndRejections (node:internal/process/task_queues:91:21) {
  errno: -4091,
  code: 'EADDRINUSE',
  syscall: 'bind',
  address: null,
  port: 5000
}
2025-04-13T17:51:38: Server is shutting down with code 1
2025-04-13T17:51:41: Database connected
2025-04-13T17:51:41: WebSocket server initialized
2025-04-13T17:51:41: Server error: Error: bind EADDRINUSE null:5000
    at listenOnPrimaryHandle (node:net:1993:18)
    at shared (node:internal/cluster/child:157:3)
    at Worker.<anonymous> (node:internal/cluster/child:110:7)
    at process.onInternalMessage (node:internal/cluster/utils:49:5)
    at process.emit (node:events:536:35)
    at emit (node:internal/child_process:949:14)
    at process.processTicksAndRejections (node:internal/process/task_queues:91:21) {
  errno: -4091,
  code: 'EADDRINUSE',
  syscall: 'bind',
  address: null,
  port: 5000
}
Error: bind EADDRINUSE null:5000
    at listenOnPrimaryHandle (node:net:1993:18)
    at shared (node:internal/cluster/child:157:3)
    at Worker.<anonymous> (node:internal/cluster/child:110:7)
    at process.onInternalMessage (node:internal/cluster/utils:49:5)
    at process.emit (node:events:536:35)
    at emit (node:internal/child_process:949:14)
    at process.processTicksAndRejections (node:internal/process/task_queues:91:21)
2025-04-13T17:51:41: Uncaught Exception: Error: bind EADDRINUSE null:5000
    at listenOnPrimaryHandle (node:net:1993:18)
    at shared (node:internal/cluster/child:157:3)
    at Worker.<anonymous> (node:internal/cluster/child:110:7)
    at process.onInternalMessage (node:internal/cluster/utils:49:5)
    at process.emit (node:events:536:35)
    at emit (node:internal/child_process:949:14)
    at process.processTicksAndRejections (node:internal/process/task_queues:91:21) {
  errno: -4091,
  code: 'EADDRINUSE',
  syscall: 'bind',
  address: null,
  port: 5000
}
2025-04-13T17:51:42: Server is shutting down with code 1
2025-04-13T17:51:44: Database connected
2025-04-13T17:51:44: WebSocket server initialized
2025-04-13T17:51:44: Server error: Error: bind EADDRINUSE null:5000
    at listenOnPrimaryHandle (node:net:1993:18)
    at shared (node:internal/cluster/child:157:3)
    at Worker.<anonymous> (node:internal/cluster/child:110:7)
    at process.onInternalMessage (node:internal/cluster/utils:49:5)
    at process.emit (node:events:536:35)
    at emit (node:internal/child_process:949:14)
    at process.processTicksAndRejections (node:internal/process/task_queues:91:21) {
  errno: -4091,
  code: 'EADDRINUSE',
  syscall: 'bind',
  address: null,
  port: 5000
}
Error: bind EADDRINUSE null:5000
    at listenOnPrimaryHandle (node:net:1993:18)
    at shared (node:internal/cluster/child:157:3)
    at Worker.<anonymous> (node:internal/cluster/child:110:7)
    at process.onInternalMessage (node:internal/cluster/utils:49:5)
    at process.emit (node:events:536:35)
    at emit (node:internal/child_process:949:14)
    at process.processTicksAndRejections (node:internal/process/task_queues:91:21)
2025-04-13T17:51:44: Uncaught Exception: Error: bind EADDRINUSE null:5000
    at listenOnPrimaryHandle (node:net:1993:18)
    at shared (node:internal/cluster/child:157:3)
    at Worker.<anonymous> (node:internal/cluster/child:110:7)
    at process.onInternalMessage (node:internal/cluster/utils:49:5)
    at process.emit (node:events:536:35)
    at emit (node:internal/child_process:949:14)
    at process.processTicksAndRejections (node:internal/process/task_queues:91:21) {
  errno: -4091,
  code: 'EADDRINUSE',
  syscall: 'bind',
  address: null,
  port: 5000
}
2025-04-13T17:51:45: Server is shutting down with code 1
2025-04-13T17:51:47: Database connected
2025-04-13T17:51:47: WebSocket server initialized
2025-04-13T17:51:47: Server error: Error: bind EADDRINUSE null:5000
    at listenOnPrimaryHandle (node:net:1993:18)
    at shared (node:internal/cluster/child:157:3)
    at Worker.<anonymous> (node:internal/cluster/child:110:7)
    at process.onInternalMessage (node:internal/cluster/utils:49:5)
    at process.emit (node:events:536:35)
    at emit (node:internal/child_process:949:14)
    at process.processTicksAndRejections (node:internal/process/task_queues:91:21) {
  errno: -4091,
  code: 'EADDRINUSE',
  syscall: 'bind',
  address: null,
  port: 5000
}
Error: bind EADDRINUSE null:5000
    at listenOnPrimaryHandle (node:net:1993:18)
    at shared (node:internal/cluster/child:157:3)
    at Worker.<anonymous> (node:internal/cluster/child:110:7)
    at process.onInternalMessage (node:internal/cluster/utils:49:5)
    at process.emit (node:events:536:35)
    at emit (node:internal/child_process:949:14)
    at process.processTicksAndRejections (node:internal/process/task_queues:91:21)
2025-04-13T17:51:47: Uncaught Exception: Error: bind EADDRINUSE null:5000
    at listenOnPrimaryHandle (node:net:1993:18)
    at shared (node:internal/cluster/child:157:3)
    at Worker.<anonymous> (node:internal/cluster/child:110:7)
    at process.onInternalMessage (node:internal/cluster/utils:49:5)
    at process.emit (node:events:536:35)
    at emit (node:internal/child_process:949:14)
    at process.processTicksAndRejections (node:internal/process/task_queues:91:21) {
  errno: -4091,
  code: 'EADDRINUSE',
  syscall: 'bind',
  address: null,
  port: 5000
}
2025-04-13T17:51:48: Server is shutting down with code 1
2025-04-13T17:51:50: Database connected
2025-04-13T17:51:50: WebSocket server initialized
2025-04-13T17:51:50: Server error: Error: bind EADDRINUSE null:5000
    at listenOnPrimaryHandle (node:net:1993:18)
    at shared (node:internal/cluster/child:157:3)
    at Worker.<anonymous> (node:internal/cluster/child:110:7)
    at process.onInternalMessage (node:internal/cluster/utils:49:5)
    at process.emit (node:events:536:35)
    at emit (node:internal/child_process:949:14)
    at process.processTicksAndRejections (node:internal/process/task_queues:91:21) {
  errno: -4091,
  code: 'EADDRINUSE',
  syscall: 'bind',
  address: null,
  port: 5000
}
Error: bind EADDRINUSE null:5000
    at listenOnPrimaryHandle (node:net:1993:18)
    at shared (node:internal/cluster/child:157:3)
    at Worker.<anonymous> (node:internal/cluster/child:110:7)
    at process.onInternalMessage (node:internal/cluster/utils:49:5)
    at process.emit (node:events:536:35)
    at emit (node:internal/child_process:949:14)
    at process.processTicksAndRejections (node:internal/process/task_queues:91:21)
2025-04-13T17:51:50: Uncaught Exception: Error: bind EADDRINUSE null:5000
    at listenOnPrimaryHandle (node:net:1993:18)
    at shared (node:internal/cluster/child:157:3)
    at Worker.<anonymous> (node:internal/cluster/child:110:7)
    at process.onInternalMessage (node:internal/cluster/utils:49:5)
    at process.emit (node:events:536:35)
    at emit (node:internal/child_process:949:14)
    at process.processTicksAndRejections (node:internal/process/task_queues:91:21) {
  errno: -4091,
  code: 'EADDRINUSE',
  syscall: 'bind',
  address: null,
  port: 5000
}
2025-04-13T17:51:51: Server is shutting down with code 1
2025-04-13T17:51:54: Database connected
2025-04-13T17:51:54: WebSocket server initialized
2025-04-13T17:51:54: Server error: Error: bind EADDRINUSE null:5000
    at listenOnPrimaryHandle (node:net:1993:18)
    at shared (node:internal/cluster/child:157:3)
    at Worker.<anonymous> (node:internal/cluster/child:110:7)
    at process.onInternalMessage (node:internal/cluster/utils:49:5)
    at process.emit (node:events:536:35)
    at emit (node:internal/child_process:949:14)
    at process.processTicksAndRejections (node:internal/process/task_queues:91:21) {
  errno: -4091,
  code: 'EADDRINUSE',
  syscall: 'bind',
  address: null,
  port: 5000
}
Error: bind EADDRINUSE null:5000
    at listenOnPrimaryHandle (node:net:1993:18)
    at shared (node:internal/cluster/child:157:3)
    at Worker.<anonymous> (node:internal/cluster/child:110:7)
    at process.onInternalMessage (node:internal/cluster/utils:49:5)
    at process.emit (node:events:536:35)
    at emit (node:internal/child_process:949:14)
    at process.processTicksAndRejections (node:internal/process/task_queues:91:21)
2025-04-13T17:51:54: Uncaught Exception: Error: bind EADDRINUSE null:5000
    at listenOnPrimaryHandle (node:net:1993:18)
    at shared (node:internal/cluster/child:157:3)
    at Worker.<anonymous> (node:internal/cluster/child:110:7)
    at process.onInternalMessage (node:internal/cluster/utils:49:5)
    at process.emit (node:events:536:35)
    at emit (node:internal/child_process:949:14)
    at process.processTicksAndRejections (node:internal/process/task_queues:91:21) {
  errno: -4091,
  code: 'EADDRINUSE',
  syscall: 'bind',
  address: null,
  port: 5000
}
2025-04-13T17:51:55: Server is shutting down with code 1
2025-04-13T17:51:57: Database connected
2025-04-13T17:51:57: WebSocket server initialized
2025-04-13T17:51:57: Server error: Error: bind EADDRINUSE null:5000
    at listenOnPrimaryHandle (node:net:1993:18)
    at shared (node:internal/cluster/child:157:3)
    at Worker.<anonymous> (node:internal/cluster/child:110:7)
    at process.onInternalMessage (node:internal/cluster/utils:49:5)
    at process.emit (node:events:536:35)
    at emit (node:internal/child_process:949:14)
    at process.processTicksAndRejections (node:internal/process/task_queues:91:21) {
  errno: -4091,
  code: 'EADDRINUSE',
  syscall: 'bind',
  address: null,
  port: 5000
}
Error: bind EADDRINUSE null:5000
    at listenOnPrimaryHandle (node:net:1993:18)
    at shared (node:internal/cluster/child:157:3)
    at Worker.<anonymous> (node:internal/cluster/child:110:7)
    at process.onInternalMessage (node:internal/cluster/utils:49:5)
    at process.emit (node:events:536:35)
    at emit (node:internal/child_process:949:14)
    at process.processTicksAndRejections (node:internal/process/task_queues:91:21)
2025-04-13T17:51:57: Uncaught Exception: Error: bind EADDRINUSE null:5000
    at listenOnPrimaryHandle (node:net:1993:18)
    at shared (node:internal/cluster/child:157:3)
    at Worker.<anonymous> (node:internal/cluster/child:110:7)
    at process.onInternalMessage (node:internal/cluster/utils:49:5)
    at process.emit (node:events:536:35)
    at emit (node:internal/child_process:949:14)
    at process.processTicksAndRejections (node:internal/process/task_queues:91:21) {
  errno: -4091,
  code: 'EADDRINUSE',
  syscall: 'bind',
  address: null,
  port: 5000
}
2025-04-13T17:51:58: Server is shutting down with code 1
2025-04-13T17:52:00: Database connected
2025-04-13T17:52:00: WebSocket server initialized
2025-04-13T17:52:00: Server error: Error: bind EADDRINUSE null:5000
    at listenOnPrimaryHandle (node:net:1993:18)
    at shared (node:internal/cluster/child:157:3)
    at Worker.<anonymous> (node:internal/cluster/child:110:7)
    at process.onInternalMessage (node:internal/cluster/utils:49:5)
    at process.emit (node:events:536:35)
    at emit (node:internal/child_process:949:14)
    at process.processTicksAndRejections (node:internal/process/task_queues:91:21) {
  errno: -4091,
  code: 'EADDRINUSE',
  syscall: 'bind',
  address: null,
  port: 5000
}
Error: bind EADDRINUSE null:5000
    at listenOnPrimaryHandle (node:net:1993:18)
    at shared (node:internal/cluster/child:157:3)
    at Worker.<anonymous> (node:internal/cluster/child:110:7)
    at process.onInternalMessage (node:internal/cluster/utils:49:5)
    at process.emit (node:events:536:35)
    at emit (node:internal/child_process:949:14)
    at process.processTicksAndRejections (node:internal/process/task_queues:91:21)
2025-04-13T17:52:00: Uncaught Exception: Error: bind EADDRINUSE null:5000
    at listenOnPrimaryHandle (node:net:1993:18)
    at shared (node:internal/cluster/child:157:3)
    at Worker.<anonymous> (node:internal/cluster/child:110:7)
    at process.onInternalMessage (node:internal/cluster/utils:49:5)
    at process.emit (node:events:536:35)
    at emit (node:internal/child_process:949:14)
    at process.processTicksAndRejections (node:internal/process/task_queues:91:21) {
  errno: -4091,
  code: 'EADDRINUSE',
  syscall: 'bind',
  address: null,
  port: 5000
}
2025-04-13T17:52:01: Server is shutting down with code 1
2025-04-13T17:52:04: Database connected
2025-04-13T17:52:04: WebSocket server initialized
2025-04-13T17:52:04: Server error: Error: bind EADDRINUSE null:5000
    at listenOnPrimaryHandle (node:net:1993:18)
    at shared (node:internal/cluster/child:157:3)
    at Worker.<anonymous> (node:internal/cluster/child:110:7)
    at process.onInternalMessage (node:internal/cluster/utils:49:5)
    at process.emit (node:events:536:35)
    at emit (node:internal/child_process:949:14)
    at process.processTicksAndRejections (node:internal/process/task_queues:91:21) {
  errno: -4091,
  code: 'EADDRINUSE',
  syscall: 'bind',
  address: null,
  port: 5000
}
Error: bind EADDRINUSE null:5000
    at listenOnPrimaryHandle (node:net:1993:18)
    at shared (node:internal/cluster/child:157:3)
    at Worker.<anonymous> (node:internal/cluster/child:110:7)
    at process.onInternalMessage (node:internal/cluster/utils:49:5)
    at process.emit (node:events:536:35)
    at emit (node:internal/child_process:949:14)
    at process.processTicksAndRejections (node:internal/process/task_queues:91:21)
2025-04-13T17:52:04: Uncaught Exception: Error: bind EADDRINUSE null:5000
    at listenOnPrimaryHandle (node:net:1993:18)
    at shared (node:internal/cluster/child:157:3)
    at Worker.<anonymous> (node:internal/cluster/child:110:7)
    at process.onInternalMessage (node:internal/cluster/utils:49:5)
    at process.emit (node:events:536:35)
    at emit (node:internal/child_process:949:14)
    at process.processTicksAndRejections (node:internal/process/task_queues:91:21) {
  errno: -4091,
  code: 'EADDRINUSE',
  syscall: 'bind',
  address: null,
  port: 5000
}
2025-04-13T17:52:05: Server is shutting down with code 1
2025-04-13T17:52:07: Database connected
2025-04-13T17:52:07: WebSocket server initialized
2025-04-13T17:52:07: Server error: Error: bind EADDRINUSE null:5000
    at listenOnPrimaryHandle (node:net:1993:18)
    at shared (node:internal/cluster/child:157:3)
    at Worker.<anonymous> (node:internal/cluster/child:110:7)
    at process.onInternalMessage (node:internal/cluster/utils:49:5)
    at process.emit (node:events:536:35)
    at emit (node:internal/child_process:949:14)
    at process.processTicksAndRejections (node:internal/process/task_queues:91:21) {
  errno: -4091,
  code: 'EADDRINUSE',
  syscall: 'bind',
  address: null,
  port: 5000
}
Error: bind EADDRINUSE null:5000
    at listenOnPrimaryHandle (node:net:1993:18)
    at shared (node:internal/cluster/child:157:3)
    at Worker.<anonymous> (node:internal/cluster/child:110:7)
    at process.onInternalMessage (node:internal/cluster/utils:49:5)
    at process.emit (node:events:536:35)
    at emit (node:internal/child_process:949:14)
    at process.processTicksAndRejections (node:internal/process/task_queues:91:21)
2025-04-13T17:52:07: Uncaught Exception: Error: bind EADDRINUSE null:5000
    at listenOnPrimaryHandle (node:net:1993:18)
    at shared (node:internal/cluster/child:157:3)
    at Worker.<anonymous> (node:internal/cluster/child:110:7)
    at process.onInternalMessage (node:internal/cluster/utils:49:5)
    at process.emit (node:events:536:35)
    at emit (node:internal/child_process:949:14)
    at process.processTicksAndRejections (node:internal/process/task_queues:91:21) {
  errno: -4091,
  code: 'EADDRINUSE',
  syscall: 'bind',
  address: null,
  port: 5000
}
2025-04-13T17:52:08: Server is shutting down with code 1
2025-04-13T17:52:10: Database connected
2025-04-13T17:52:10: WebSocket server initialized
2025-04-13T17:52:10: Server error: Error: bind EADDRINUSE null:5000
    at listenOnPrimaryHandle (node:net:1993:18)
    at shared (node:internal/cluster/child:157:3)
    at Worker.<anonymous> (node:internal/cluster/child:110:7)
    at process.onInternalMessage (node:internal/cluster/utils:49:5)
    at process.emit (node:events:536:35)
    at emit (node:internal/child_process:949:14)
    at process.processTicksAndRejections (node:internal/process/task_queues:91:21) {
  errno: -4091,
  code: 'EADDRINUSE',
  syscall: 'bind',
  address: null,
  port: 5000
}
Error: bind EADDRINUSE null:5000
    at listenOnPrimaryHandle (node:net:1993:18)
    at shared (node:internal/cluster/child:157:3)
    at Worker.<anonymous> (node:internal/cluster/child:110:7)
    at process.onInternalMessage (node:internal/cluster/utils:49:5)
    at process.emit (node:events:536:35)
    at emit (node:internal/child_process:949:14)
    at process.processTicksAndRejections (node:internal/process/task_queues:91:21)
2025-04-13T17:52:10: Uncaught Exception: Error: bind EADDRINUSE null:5000
    at listenOnPrimaryHandle (node:net:1993:18)
    at shared (node:internal/cluster/child:157:3)
    at Worker.<anonymous> (node:internal/cluster/child:110:7)
    at process.onInternalMessage (node:internal/cluster/utils:49:5)
    at process.emit (node:events:536:35)
    at emit (node:internal/child_process:949:14)
    at process.processTicksAndRejections (node:internal/process/task_queues:91:21) {
  errno: -4091,
  code: 'EADDRINUSE',
  syscall: 'bind',
  address: null,
  port: 5000
}
2025-04-13T17:52:11: Server is shutting down with code 1
2025-04-13T17:52:14: Database connected
2025-04-13T17:52:14: WebSocket server initialized
2025-04-13T17:52:14: Server error: Error: bind EADDRINUSE null:5000
    at listenOnPrimaryHandle (node:net:1993:18)
    at shared (node:internal/cluster/child:157:3)
    at Worker.<anonymous> (node:internal/cluster/child:110:7)
    at process.onInternalMessage (node:internal/cluster/utils:49:5)
    at process.emit (node:events:536:35)
    at emit (node:internal/child_process:949:14)
    at process.processTicksAndRejections (node:internal/process/task_queues:91:21) {
  errno: -4091,
  code: 'EADDRINUSE',
  syscall: 'bind',
  address: null,
  port: 5000
}
Error: bind EADDRINUSE null:5000
    at listenOnPrimaryHandle (node:net:1993:18)
    at shared (node:internal/cluster/child:157:3)
    at Worker.<anonymous> (node:internal/cluster/child:110:7)
    at process.onInternalMessage (node:internal/cluster/utils:49:5)
    at process.emit (node:events:536:35)
    at emit (node:internal/child_process:949:14)
    at process.processTicksAndRejections (node:internal/process/task_queues:91:21)
2025-04-13T17:52:14: Uncaught Exception: Error: bind EADDRINUSE null:5000
    at listenOnPrimaryHandle (node:net:1993:18)
    at shared (node:internal/cluster/child:157:3)
    at Worker.<anonymous> (node:internal/cluster/child:110:7)
    at process.onInternalMessage (node:internal/cluster/utils:49:5)
    at process.emit (node:events:536:35)
    at emit (node:internal/child_process:949:14)
    at process.processTicksAndRejections (node:internal/process/task_queues:91:21) {
  errno: -4091,
  code: 'EADDRINUSE',
  syscall: 'bind',
  address: null,
  port: 5000
}
2025-04-13T17:52:15: Server is shutting down with code 1
2025-04-13T17:52:17: Database connected
2025-04-13T17:52:17: WebSocket server initialized
2025-04-13T17:52:17: Server error: Error: bind EADDRINUSE null:5000
    at listenOnPrimaryHandle (node:net:1993:18)
    at shared (node:internal/cluster/child:157:3)
    at Worker.<anonymous> (node:internal/cluster/child:110:7)
    at process.onInternalMessage (node:internal/cluster/utils:49:5)
    at process.emit (node:events:536:35)
    at emit (node:internal/child_process:949:14)
    at process.processTicksAndRejections (node:internal/process/task_queues:91:21) {
  errno: -4091,
  code: 'EADDRINUSE',
  syscall: 'bind',
  address: null,
  port: 5000
}
Error: bind EADDRINUSE null:5000
    at listenOnPrimaryHandle (node:net:1993:18)
    at shared (node:internal/cluster/child:157:3)
    at Worker.<anonymous> (node:internal/cluster/child:110:7)
    at process.onInternalMessage (node:internal/cluster/utils:49:5)
    at process.emit (node:events:536:35)
    at emit (node:internal/child_process:949:14)
    at process.processTicksAndRejections (node:internal/process/task_queues:91:21)
2025-04-13T17:52:17: Uncaught Exception: Error: bind EADDRINUSE null:5000
    at listenOnPrimaryHandle (node:net:1993:18)
    at shared (node:internal/cluster/child:157:3)
    at Worker.<anonymous> (node:internal/cluster/child:110:7)
    at process.onInternalMessage (node:internal/cluster/utils:49:5)
    at process.emit (node:events:536:35)
    at emit (node:internal/child_process:949:14)
    at process.processTicksAndRejections (node:internal/process/task_queues:91:21) {
  errno: -4091,
  code: 'EADDRINUSE',
  syscall: 'bind',
  address: null,
  port: 5000
}
2025-04-13T17:52:18: Server is shutting down with code 1
2025-04-13T17:54:42: Database connected
2025-04-13T17:54:42: WebSocket server initialized
2025-04-13T17:54:42: Server error: Error: bind EADDRINUSE null:5000
    at listenOnPrimaryHandle (node:net:1993:18)
    at shared (node:internal/cluster/child:157:3)
    at Worker.<anonymous> (node:internal/cluster/child:110:7)
    at process.onInternalMessage (node:internal/cluster/utils:49:5)
    at process.emit (node:events:536:35)
    at emit (node:internal/child_process:949:14)
    at process.processTicksAndRejections (node:internal/process/task_queues:91:21) {
  errno: -4091,
  code: 'EADDRINUSE',
  syscall: 'bind',
  address: null,
  port: 5000
}
Error: bind EADDRINUSE null:5000
    at listenOnPrimaryHandle (node:net:1993:18)
    at shared (node:internal/cluster/child:157:3)
    at Worker.<anonymous> (node:internal/cluster/child:110:7)
    at process.onInternalMessage (node:internal/cluster/utils:49:5)
    at process.emit (node:events:536:35)
    at emit (node:internal/child_process:949:14)
    at process.processTicksAndRejections (node:internal/process/task_queues:91:21)
2025-04-13T17:54:42: Uncaught Exception: Error: bind EADDRINUSE null:5000
    at listenOnPrimaryHandle (node:net:1993:18)
    at shared (node:internal/cluster/child:157:3)
    at Worker.<anonymous> (node:internal/cluster/child:110:7)
    at process.onInternalMessage (node:internal/cluster/utils:49:5)
    at process.emit (node:events:536:35)
    at emit (node:internal/child_process:949:14)
    at process.processTicksAndRejections (node:internal/process/task_queues:91:21) {
  errno: -4091,
  code: 'EADDRINUSE',
  syscall: 'bind',
  address: null,
  port: 5000
}
2025-04-13T17:54:43: Server is shutting down with code 1
2025-04-13T17:54:48: Database connected
2025-04-13T17:54:48: WebSocket server initialized
2025-04-13T17:54:48: Server error: Error: bind EADDRINUSE null:5000
    at listenOnPrimaryHandle (node:net:1993:18)
    at shared (node:internal/cluster/child:157:3)
    at Worker.<anonymous> (node:internal/cluster/child:110:7)
    at process.onInternalMessage (node:internal/cluster/utils:49:5)
    at process.emit (node:events:536:35)
    at emit (node:internal/child_process:949:14)
    at process.processTicksAndRejections (node:internal/process/task_queues:91:21) {
  errno: -4091,
  code: 'EADDRINUSE',
  syscall: 'bind',
  address: null,
  port: 5000
}
Error: bind EADDRINUSE null:5000
    at listenOnPrimaryHandle (node:net:1993:18)
    at shared (node:internal/cluster/child:157:3)
    at Worker.<anonymous> (node:internal/cluster/child:110:7)
    at process.onInternalMessage (node:internal/cluster/utils:49:5)
    at process.emit (node:events:536:35)
    at emit (node:internal/child_process:949:14)
    at process.processTicksAndRejections (node:internal/process/task_queues:91:21)
2025-04-13T17:54:48: Uncaught Exception: Error: bind EADDRINUSE null:5000
    at listenOnPrimaryHandle (node:net:1993:18)
    at shared (node:internal/cluster/child:157:3)
    at Worker.<anonymous> (node:internal/cluster/child:110:7)
    at process.onInternalMessage (node:internal/cluster/utils:49:5)
    at process.emit (node:events:536:35)
    at emit (node:internal/child_process:949:14)
    at process.processTicksAndRejections (node:internal/process/task_queues:91:21) {
  errno: -4091,
  code: 'EADDRINUSE',
  syscall: 'bind',
  address: null,
  port: 5000
}
2025-04-13T17:54:49: Server is shutting down with code 1
2025-04-13T17:54:57: Database connected
2025-04-13T17:54:57: WebSocket server initialized
2025-04-13T17:54:57: Server error: Error: bind EADDRINUSE null:5000
    at listenOnPrimaryHandle (node:net:1993:18)
    at shared (node:internal/cluster/child:157:3)
    at Worker.<anonymous> (node:internal/cluster/child:110:7)
    at process.onInternalMessage (node:internal/cluster/utils:49:5)
    at process.emit (node:events:536:35)
    at emit (node:internal/child_process:949:14)
    at process.processTicksAndRejections (node:internal/process/task_queues:91:21) {
  errno: -4091,
  code: 'EADDRINUSE',
  syscall: 'bind',
  address: null,
  port: 5000
}
Error: bind EADDRINUSE null:5000
    at listenOnPrimaryHandle (node:net:1993:18)
    at shared (node:internal/cluster/child:157:3)
    at Worker.<anonymous> (node:internal/cluster/child:110:7)
    at process.onInternalMessage (node:internal/cluster/utils:49:5)
    at process.emit (node:events:536:35)
    at emit (node:internal/child_process:949:14)
    at process.processTicksAndRejections (node:internal/process/task_queues:91:21)
2025-04-13T17:54:57: Uncaught Exception: Error: bind EADDRINUSE null:5000
    at listenOnPrimaryHandle (node:net:1993:18)
    at shared (node:internal/cluster/child:157:3)
    at Worker.<anonymous> (node:internal/cluster/child:110:7)
    at process.onInternalMessage (node:internal/cluster/utils:49:5)
    at process.emit (node:events:536:35)
    at emit (node:internal/child_process:949:14)
    at process.processTicksAndRejections (node:internal/process/task_queues:91:21) {
  errno: -4091,
  code: 'EADDRINUSE',
  syscall: 'bind',
  address: null,
  port: 5000
}
2025-04-13T17:54:58: Server is shutting down with code 1
2025-04-13T17:55:06: Database connected
2025-04-13T17:55:06: WebSocket server initialized
2025-04-13T17:55:06: Server error: Error: bind EADDRINUSE null:5000
    at listenOnPrimaryHandle (node:net:1993:18)
    at shared (node:internal/cluster/child:157:3)
    at Worker.<anonymous> (node:internal/cluster/child:110:7)
    at process.onInternalMessage (node:internal/cluster/utils:49:5)
    at process.emit (node:events:536:35)
    at emit (node:internal/child_process:949:14)
    at process.processTicksAndRejections (node:internal/process/task_queues:91:21) {
  errno: -4091,
  code: 'EADDRINUSE',
  syscall: 'bind',
  address: null,
  port: 5000
}
Error: bind EADDRINUSE null:5000
    at listenOnPrimaryHandle (node:net:1993:18)
    at shared (node:internal/cluster/child:157:3)
    at Worker.<anonymous> (node:internal/cluster/child:110:7)
    at process.onInternalMessage (node:internal/cluster/utils:49:5)
    at process.emit (node:events:536:35)
    at emit (node:internal/child_process:949:14)
    at process.processTicksAndRejections (node:internal/process/task_queues:91:21)
2025-04-13T17:55:06: Uncaught Exception: Error: bind EADDRINUSE null:5000
    at listenOnPrimaryHandle (node:net:1993:18)
    at shared (node:internal/cluster/child:157:3)
    at Worker.<anonymous> (node:internal/cluster/child:110:7)
    at process.onInternalMessage (node:internal/cluster/utils:49:5)
    at process.emit (node:events:536:35)
    at emit (node:internal/child_process:949:14)
    at process.processTicksAndRejections (node:internal/process/task_queues:91:21) {
  errno: -4091,
  code: 'EADDRINUSE',
  syscall: 'bind',
  address: null,
  port: 5000
}
2025-04-13T17:55:07: Server is shutting down with code 1
2025-04-13T17:55:11: Database connected
2025-04-13T17:55:11: WebSocket server initialized
2025-04-13T17:55:11: Server error: Error: bind EADDRINUSE null:5000
    at listenOnPrimaryHandle (node:net:1993:18)
    at shared (node:internal/cluster/child:157:3)
    at Worker.<anonymous> (node:internal/cluster/child:110:7)
    at process.onInternalMessage (node:internal/cluster/utils:49:5)
    at process.emit (node:events:536:35)
    at emit (node:internal/child_process:949:14)
    at process.processTicksAndRejections (node:internal/process/task_queues:91:21) {
  errno: -4091,
  code: 'EADDRINUSE',
  syscall: 'bind',
  address: null,
  port: 5000
}
Error: bind EADDRINUSE null:5000
    at listenOnPrimaryHandle (node:net:1993:18)
    at shared (node:internal/cluster/child:157:3)
    at Worker.<anonymous> (node:internal/cluster/child:110:7)
    at process.onInternalMessage (node:internal/cluster/utils:49:5)
    at process.emit (node:events:536:35)
    at emit (node:internal/child_process:949:14)
    at process.processTicksAndRejections (node:internal/process/task_queues:91:21)
2025-04-13T17:55:11: Uncaught Exception: Error: bind EADDRINUSE null:5000
    at listenOnPrimaryHandle (node:net:1993:18)
    at shared (node:internal/cluster/child:157:3)
    at Worker.<anonymous> (node:internal/cluster/child:110:7)
    at process.onInternalMessage (node:internal/cluster/utils:49:5)
    at process.emit (node:events:536:35)
    at emit (node:internal/child_process:949:14)
    at process.processTicksAndRejections (node:internal/process/task_queues:91:21) {
  errno: -4091,
  code: 'EADDRINUSE',
  syscall: 'bind',
  address: null,
  port: 5000
}
2025-04-13T17:55:12: Server is shutting down with code 1
2025-04-13T17:55:15: Database connected
2025-04-13T17:55:15: WebSocket server initialized
2025-04-13T17:55:15: Server error: Error: bind EADDRINUSE null:5000
    at listenOnPrimaryHandle (node:net:1993:18)
    at shared (node:internal/cluster/child:157:3)
    at Worker.<anonymous> (node:internal/cluster/child:110:7)
    at process.onInternalMessage (node:internal/cluster/utils:49:5)
    at process.emit (node:events:536:35)
    at emit (node:internal/child_process:949:14)
    at process.processTicksAndRejections (node:internal/process/task_queues:91:21) {
  errno: -4091,
  code: 'EADDRINUSE',
  syscall: 'bind',
  address: null,
  port: 5000
}
Error: bind EADDRINUSE null:5000
    at listenOnPrimaryHandle (node:net:1993:18)
    at shared (node:internal/cluster/child:157:3)
    at Worker.<anonymous> (node:internal/cluster/child:110:7)
    at process.onInternalMessage (node:internal/cluster/utils:49:5)
    at process.emit (node:events:536:35)
    at emit (node:internal/child_process:949:14)
    at process.processTicksAndRejections (node:internal/process/task_queues:91:21)
2025-04-13T17:55:15: Uncaught Exception: Error: bind EADDRINUSE null:5000
    at listenOnPrimaryHandle (node:net:1993:18)
    at shared (node:internal/cluster/child:157:3)
    at Worker.<anonymous> (node:internal/cluster/child:110:7)
    at process.onInternalMessage (node:internal/cluster/utils:49:5)
    at process.emit (node:events:536:35)
    at emit (node:internal/child_process:949:14)
    at process.processTicksAndRejections (node:internal/process/task_queues:91:21) {
  errno: -4091,
  code: 'EADDRINUSE',
  syscall: 'bind',
  address: null,
  port: 5000
}
2025-04-13T17:55:16: Server is shutting down with code 1
2025-04-13T17:55:19: Database connected
2025-04-13T17:55:19: WebSocket server initialized
2025-04-13T17:55:19: Server error: Error: bind EADDRINUSE null:5000
    at listenOnPrimaryHandle (node:net:1993:18)
    at shared (node:internal/cluster/child:157:3)
    at Worker.<anonymous> (node:internal/cluster/child:110:7)
    at process.onInternalMessage (node:internal/cluster/utils:49:5)
    at process.emit (node:events:536:35)
    at emit (node:internal/child_process:949:14)
    at process.processTicksAndRejections (node:internal/process/task_queues:91:21) {
  errno: -4091,
  code: 'EADDRINUSE',
  syscall: 'bind',
  address: null,
  port: 5000
}
Error: bind EADDRINUSE null:5000
    at listenOnPrimaryHandle (node:net:1993:18)
    at shared (node:internal/cluster/child:157:3)
    at Worker.<anonymous> (node:internal/cluster/child:110:7)
    at process.onInternalMessage (node:internal/cluster/utils:49:5)
    at process.emit (node:events:536:35)
    at emit (node:internal/child_process:949:14)
    at process.processTicksAndRejections (node:internal/process/task_queues:91:21)
2025-04-13T17:55:19: Uncaught Exception: Error: bind EADDRINUSE null:5000
    at listenOnPrimaryHandle (node:net:1993:18)
    at shared (node:internal/cluster/child:157:3)
    at Worker.<anonymous> (node:internal/cluster/child:110:7)
    at process.onInternalMessage (node:internal/cluster/utils:49:5)
    at process.emit (node:events:536:35)
    at emit (node:internal/child_process:949:14)
    at process.processTicksAndRejections (node:internal/process/task_queues:91:21) {
  errno: -4091,
  code: 'EADDRINUSE',
  syscall: 'bind',
  address: null,
  port: 5000
}
2025-04-13T17:55:20: Server is shutting down with code 1
2025-04-13T17:55:22: Database connected
2025-04-13T17:55:22: WebSocket server initialized
2025-04-13T17:55:22: Server error: Error: bind EADDRINUSE null:5000
    at listenOnPrimaryHandle (node:net:1993:18)
    at shared (node:internal/cluster/child:157:3)
    at Worker.<anonymous> (node:internal/cluster/child:110:7)
    at process.onInternalMessage (node:internal/cluster/utils:49:5)
    at process.emit (node:events:536:35)
    at emit (node:internal/child_process:949:14)
    at process.processTicksAndRejections (node:internal/process/task_queues:91:21) {
  errno: -4091,
  code: 'EADDRINUSE',
  syscall: 'bind',
  address: null,
  port: 5000
}
Error: bind EADDRINUSE null:5000
    at listenOnPrimaryHandle (node:net:1993:18)
    at shared (node:internal/cluster/child:157:3)
    at Worker.<anonymous> (node:internal/cluster/child:110:7)
    at process.onInternalMessage (node:internal/cluster/utils:49:5)
    at process.emit (node:events:536:35)
    at emit (node:internal/child_process:949:14)
    at process.processTicksAndRejections (node:internal/process/task_queues:91:21)
2025-04-13T17:55:22: Uncaught Exception: Error: bind EADDRINUSE null:5000
    at listenOnPrimaryHandle (node:net:1993:18)
    at shared (node:internal/cluster/child:157:3)
    at Worker.<anonymous> (node:internal/cluster/child:110:7)
    at process.onInternalMessage (node:internal/cluster/utils:49:5)
    at process.emit (node:events:536:35)
    at emit (node:internal/child_process:949:14)
    at process.processTicksAndRejections (node:internal/process/task_queues:91:21) {
  errno: -4091,
  code: 'EADDRINUSE',
  syscall: 'bind',
  address: null,
  port: 5000
}
2025-04-13T17:55:23: Server is shutting down with code 1
2025-04-13T17:55:26: Database connected
2025-04-13T17:55:26: WebSocket server initialized
2025-04-13T17:55:26: Server error: Error: bind EADDRINUSE null:5000
    at listenOnPrimaryHandle (node:net:1993:18)
    at shared (node:internal/cluster/child:157:3)
    at Worker.<anonymous> (node:internal/cluster/child:110:7)
    at process.onInternalMessage (node:internal/cluster/utils:49:5)
    at process.emit (node:events:536:35)
    at emit (node:internal/child_process:949:14)
    at process.processTicksAndRejections (node:internal/process/task_queues:91:21) {
  errno: -4091,
  code: 'EADDRINUSE',
  syscall: 'bind',
  address: null,
  port: 5000
}
Error: bind EADDRINUSE null:5000
    at listenOnPrimaryHandle (node:net:1993:18)
    at shared (node:internal/cluster/child:157:3)
    at Worker.<anonymous> (node:internal/cluster/child:110:7)
    at process.onInternalMessage (node:internal/cluster/utils:49:5)
    at process.emit (node:events:536:35)
    at emit (node:internal/child_process:949:14)
    at process.processTicksAndRejections (node:internal/process/task_queues:91:21)
2025-04-13T17:55:26: Uncaught Exception: Error: bind EADDRINUSE null:5000
    at listenOnPrimaryHandle (node:net:1993:18)
    at shared (node:internal/cluster/child:157:3)
    at Worker.<anonymous> (node:internal/cluster/child:110:7)
    at process.onInternalMessage (node:internal/cluster/utils:49:5)
    at process.emit (node:events:536:35)
    at emit (node:internal/child_process:949:14)
    at process.processTicksAndRejections (node:internal/process/task_queues:91:21) {
  errno: -4091,
  code: 'EADDRINUSE',
  syscall: 'bind',
  address: null,
  port: 5000
}
2025-04-13T17:55:27: Server is shutting down with code 1
2025-04-13T17:55:30: Database connected
2025-04-13T17:55:30: WebSocket server initialized
2025-04-13T17:55:30: Server error: Error: bind EADDRINUSE null:5000
    at listenOnPrimaryHandle (node:net:1993:18)
    at shared (node:internal/cluster/child:157:3)
    at Worker.<anonymous> (node:internal/cluster/child:110:7)
    at process.onInternalMessage (node:internal/cluster/utils:49:5)
    at process.emit (node:events:536:35)
    at emit (node:internal/child_process:949:14)
    at process.processTicksAndRejections (node:internal/process/task_queues:91:21) {
  errno: -4091,
  code: 'EADDRINUSE',
  syscall: 'bind',
  address: null,
  port: 5000
}
Error: bind EADDRINUSE null:5000
    at listenOnPrimaryHandle (node:net:1993:18)
    at shared (node:internal/cluster/child:157:3)
    at Worker.<anonymous> (node:internal/cluster/child:110:7)
    at process.onInternalMessage (node:internal/cluster/utils:49:5)
    at process.emit (node:events:536:35)
    at emit (node:internal/child_process:949:14)
    at process.processTicksAndRejections (node:internal/process/task_queues:91:21)
2025-04-13T17:55:30: Uncaught Exception: Error: bind EADDRINUSE null:5000
    at listenOnPrimaryHandle (node:net:1993:18)
    at shared (node:internal/cluster/child:157:3)
    at Worker.<anonymous> (node:internal/cluster/child:110:7)
    at process.onInternalMessage (node:internal/cluster/utils:49:5)
    at process.emit (node:events:536:35)
    at emit (node:internal/child_process:949:14)
    at process.processTicksAndRejections (node:internal/process/task_queues:91:21) {
  errno: -4091,
  code: 'EADDRINUSE',
  syscall: 'bind',
  address: null,
  port: 5000
}
2025-04-13T17:55:31: Server is shutting down with code 1
2025-04-13T17:55:34: Database connected
2025-04-13T17:55:34: WebSocket server initialized
2025-04-13T17:55:34: Server error: Error: bind EADDRINUSE null:5000
    at listenOnPrimaryHandle (node:net:1993:18)
    at shared (node:internal/cluster/child:157:3)
    at Worker.<anonymous> (node:internal/cluster/child:110:7)
    at process.onInternalMessage (node:internal/cluster/utils:49:5)
    at process.emit (node:events:536:35)
    at emit (node:internal/child_process:949:14)
    at process.processTicksAndRejections (node:internal/process/task_queues:91:21) {
  errno: -4091,
  code: 'EADDRINUSE',
  syscall: 'bind',
  address: null,
  port: 5000
}
Error: bind EADDRINUSE null:5000
    at listenOnPrimaryHandle (node:net:1993:18)
    at shared (node:internal/cluster/child:157:3)
    at Worker.<anonymous> (node:internal/cluster/child:110:7)
    at process.onInternalMessage (node:internal/cluster/utils:49:5)
    at process.emit (node:events:536:35)
    at emit (node:internal/child_process:949:14)
    at process.processTicksAndRejections (node:internal/process/task_queues:91:21)
2025-04-13T17:55:34: Uncaught Exception: Error: bind EADDRINUSE null:5000
    at listenOnPrimaryHandle (node:net:1993:18)
    at shared (node:internal/cluster/child:157:3)
    at Worker.<anonymous> (node:internal/cluster/child:110:7)
    at process.onInternalMessage (node:internal/cluster/utils:49:5)
    at process.emit (node:events:536:35)
    at emit (node:internal/child_process:949:14)
    at process.processTicksAndRejections (node:internal/process/task_queues:91:21) {
  errno: -4091,
  code: 'EADDRINUSE',
  syscall: 'bind',
  address: null,
  port: 5000
}
2025-04-13T17:55:35: Server is shutting down with code 1
2025-04-13T17:55:38: Database connected
2025-04-13T17:55:38: WebSocket server initialized
2025-04-13T17:55:38: Server error: Error: bind EADDRINUSE null:5000
    at listenOnPrimaryHandle (node:net:1993:18)
    at shared (node:internal/cluster/child:157:3)
    at Worker.<anonymous> (node:internal/cluster/child:110:7)
    at process.onInternalMessage (node:internal/cluster/utils:49:5)
    at process.emit (node:events:536:35)
    at emit (node:internal/child_process:949:14)
    at process.processTicksAndRejections (node:internal/process/task_queues:91:21) {
  errno: -4091,
  code: 'EADDRINUSE',
  syscall: 'bind',
  address: null,
  port: 5000
}
Error: bind EADDRINUSE null:5000
    at listenOnPrimaryHandle (node:net:1993:18)
    at shared (node:internal/cluster/child:157:3)
    at Worker.<anonymous> (node:internal/cluster/child:110:7)
    at process.onInternalMessage (node:internal/cluster/utils:49:5)
    at process.emit (node:events:536:35)
    at emit (node:internal/child_process:949:14)
    at process.processTicksAndRejections (node:internal/process/task_queues:91:21)
2025-04-13T17:55:38: Uncaught Exception: Error: bind EADDRINUSE null:5000
    at listenOnPrimaryHandle (node:net:1993:18)
    at shared (node:internal/cluster/child:157:3)
    at Worker.<anonymous> (node:internal/cluster/child:110:7)
    at process.onInternalMessage (node:internal/cluster/utils:49:5)
    at process.emit (node:events:536:35)
    at emit (node:internal/child_process:949:14)
    at process.processTicksAndRejections (node:internal/process/task_queues:91:21) {
  errno: -4091,
  code: 'EADDRINUSE',
  syscall: 'bind',
  address: null,
  port: 5000
}
2025-04-13T17:55:39: Server is shutting down with code 1
2025-04-13T17:55:42: Database connected
2025-04-13T17:55:42: WebSocket server initialized
2025-04-13T17:55:42: Server error: Error: bind EADDRINUSE null:5000
    at listenOnPrimaryHandle (node:net:1993:18)
    at shared (node:internal/cluster/child:157:3)
    at Worker.<anonymous> (node:internal/cluster/child:110:7)
    at process.onInternalMessage (node:internal/cluster/utils:49:5)
    at process.emit (node:events:536:35)
    at emit (node:internal/child_process:949:14)
    at process.processTicksAndRejections (node:internal/process/task_queues:91:21) {
  errno: -4091,
  code: 'EADDRINUSE',
  syscall: 'bind',
  address: null,
  port: 5000
}
Error: bind EADDRINUSE null:5000
    at listenOnPrimaryHandle (node:net:1993:18)
    at shared (node:internal/cluster/child:157:3)
    at Worker.<anonymous> (node:internal/cluster/child:110:7)
    at process.onInternalMessage (node:internal/cluster/utils:49:5)
    at process.emit (node:events:536:35)
    at emit (node:internal/child_process:949:14)
    at process.processTicksAndRejections (node:internal/process/task_queues:91:21)
2025-04-13T17:55:42: Uncaught Exception: Error: bind EADDRINUSE null:5000
    at listenOnPrimaryHandle (node:net:1993:18)
    at shared (node:internal/cluster/child:157:3)
    at Worker.<anonymous> (node:internal/cluster/child:110:7)
    at process.onInternalMessage (node:internal/cluster/utils:49:5)
    at process.emit (node:events:536:35)
    at emit (node:internal/child_process:949:14)
    at process.processTicksAndRejections (node:internal/process/task_queues:91:21) {
  errno: -4091,
  code: 'EADDRINUSE',
  syscall: 'bind',
  address: null,
  port: 5000
}
2025-04-13T17:55:43: Server is shutting down with code 1
2025-04-13T17:55:45: Database connected
2025-04-13T17:55:45: WebSocket server initialized
2025-04-13T17:55:45: Server error: Error: bind EADDRINUSE null:5000
    at listenOnPrimaryHandle (node:net:1993:18)
    at shared (node:internal/cluster/child:157:3)
    at Worker.<anonymous> (node:internal/cluster/child:110:7)
    at process.onInternalMessage (node:internal/cluster/utils:49:5)
    at process.emit (node:events:536:35)
    at emit (node:internal/child_process:949:14)
    at process.processTicksAndRejections (node:internal/process/task_queues:91:21) {
  errno: -4091,
  code: 'EADDRINUSE',
  syscall: 'bind',
  address: null,
  port: 5000
}
Error: bind EADDRINUSE null:5000
    at listenOnPrimaryHandle (node:net:1993:18)
    at shared (node:internal/cluster/child:157:3)
    at Worker.<anonymous> (node:internal/cluster/child:110:7)
    at process.onInternalMessage (node:internal/cluster/utils:49:5)
    at process.emit (node:events:536:35)
    at emit (node:internal/child_process:949:14)
    at process.processTicksAndRejections (node:internal/process/task_queues:91:21)
2025-04-13T17:55:45: Uncaught Exception: Error: bind EADDRINUSE null:5000
    at listenOnPrimaryHandle (node:net:1993:18)
    at shared (node:internal/cluster/child:157:3)
    at Worker.<anonymous> (node:internal/cluster/child:110:7)
    at process.onInternalMessage (node:internal/cluster/utils:49:5)
    at process.emit (node:events:536:35)
    at emit (node:internal/child_process:949:14)
    at process.processTicksAndRejections (node:internal/process/task_queues:91:21) {
  errno: -4091,
  code: 'EADDRINUSE',
  syscall: 'bind',
  address: null,
  port: 5000
}
2025-04-13T17:55:46: Server is shutting down with code 1
2025-04-13T17:55:50: Database connected
2025-04-13T17:55:50: WebSocket server initialized
2025-04-13T17:55:50: Server error: Error: bind EADDRINUSE null:5000
    at listenOnPrimaryHandle (node:net:1993:18)
    at shared (node:internal/cluster/child:157:3)
    at Worker.<anonymous> (node:internal/cluster/child:110:7)
    at process.onInternalMessage (node:internal/cluster/utils:49:5)
    at process.emit (node:events:536:35)
    at emit (node:internal/child_process:949:14)
    at process.processTicksAndRejections (node:internal/process/task_queues:91:21) {
  errno: -4091,
  code: 'EADDRINUSE',
  syscall: 'bind',
  address: null,
  port: 5000
}
Error: bind EADDRINUSE null:5000
    at listenOnPrimaryHandle (node:net:1993:18)
    at shared (node:internal/cluster/child:157:3)
    at Worker.<anonymous> (node:internal/cluster/child:110:7)
    at process.onInternalMessage (node:internal/cluster/utils:49:5)
    at process.emit (node:events:536:35)
    at emit (node:internal/child_process:949:14)
    at process.processTicksAndRejections (node:internal/process/task_queues:91:21)
2025-04-13T17:55:50: Uncaught Exception: Error: bind EADDRINUSE null:5000
    at listenOnPrimaryHandle (node:net:1993:18)
    at shared (node:internal/cluster/child:157:3)
    at Worker.<anonymous> (node:internal/cluster/child:110:7)
    at process.onInternalMessage (node:internal/cluster/utils:49:5)
    at process.emit (node:events:536:35)
    at emit (node:internal/child_process:949:14)
    at process.processTicksAndRejections (node:internal/process/task_queues:91:21) {
  errno: -4091,
  code: 'EADDRINUSE',
  syscall: 'bind',
  address: null,
  port: 5000
}
2025-04-13T17:55:51: Server is shutting down with code 1
2025-04-13T17:55:53: Database connected
2025-04-13T17:55:53: WebSocket server initialized
2025-04-13T17:55:53: Server error: Error: bind EADDRINUSE null:5000
    at listenOnPrimaryHandle (node:net:1993:18)
    at shared (node:internal/cluster/child:157:3)
    at Worker.<anonymous> (node:internal/cluster/child:110:7)
    at process.onInternalMessage (node:internal/cluster/utils:49:5)
    at process.emit (node:events:536:35)
    at emit (node:internal/child_process:949:14)
    at process.processTicksAndRejections (node:internal/process/task_queues:91:21) {
  errno: -4091,
  code: 'EADDRINUSE',
  syscall: 'bind',
  address: null,
  port: 5000
}
Error: bind EADDRINUSE null:5000
    at listenOnPrimaryHandle (node:net:1993:18)
    at shared (node:internal/cluster/child:157:3)
    at Worker.<anonymous> (node:internal/cluster/child:110:7)
    at process.onInternalMessage (node:internal/cluster/utils:49:5)
    at process.emit (node:events:536:35)
    at emit (node:internal/child_process:949:14)
    at process.processTicksAndRejections (node:internal/process/task_queues:91:21)
2025-04-13T17:55:53: Uncaught Exception: Error: bind EADDRINUSE null:5000
    at listenOnPrimaryHandle (node:net:1993:18)
    at shared (node:internal/cluster/child:157:3)
    at Worker.<anonymous> (node:internal/cluster/child:110:7)
    at process.onInternalMessage (node:internal/cluster/utils:49:5)
    at process.emit (node:events:536:35)
    at emit (node:internal/child_process:949:14)
    at process.processTicksAndRejections (node:internal/process/task_queues:91:21) {
  errno: -4091,
  code: 'EADDRINUSE',
  syscall: 'bind',
  address: null,
  port: 5000
}
2025-04-13T17:55:54: Server is shutting down with code 1
2025-04-13T17:55:56: Database connected
2025-04-13T17:55:56: WebSocket server initialized
2025-04-13T17:55:56: Server error: Error: bind EADDRINUSE null:5000
    at listenOnPrimaryHandle (node:net:1993:18)
    at shared (node:internal/cluster/child:157:3)
    at Worker.<anonymous> (node:internal/cluster/child:110:7)
    at process.onInternalMessage (node:internal/cluster/utils:49:5)
    at process.emit (node:events:536:35)
    at emit (node:internal/child_process:949:14)
    at process.processTicksAndRejections (node:internal/process/task_queues:91:21) {
  errno: -4091,
  code: 'EADDRINUSE',
  syscall: 'bind',
  address: null,
  port: 5000
}
Error: bind EADDRINUSE null:5000
    at listenOnPrimaryHandle (node:net:1993:18)
    at shared (node:internal/cluster/child:157:3)
    at Worker.<anonymous> (node:internal/cluster/child:110:7)
    at process.onInternalMessage (node:internal/cluster/utils:49:5)
    at process.emit (node:events:536:35)
    at emit (node:internal/child_process:949:14)
    at process.processTicksAndRejections (node:internal/process/task_queues:91:21)
2025-04-13T17:55:56: Uncaught Exception: Error: bind EADDRINUSE null:5000
    at listenOnPrimaryHandle (node:net:1993:18)
    at shared (node:internal/cluster/child:157:3)
    at Worker.<anonymous> (node:internal/cluster/child:110:7)
    at process.onInternalMessage (node:internal/cluster/utils:49:5)
    at process.emit (node:events:536:35)
    at emit (node:internal/child_process:949:14)
    at process.processTicksAndRejections (node:internal/process/task_queues:91:21) {
  errno: -4091,
  code: 'EADDRINUSE',
  syscall: 'bind',
  address: null,
  port: 5000
}
2025-04-13T17:55:57: Server is shutting down with code 1
2025-04-13T17:56:00: Database connected
2025-04-13T17:56:00: WebSocket server initialized
2025-04-13T17:56:00: Server error: Error: bind EADDRINUSE null:5000
    at listenOnPrimaryHandle (node:net:1993:18)
    at shared (node:internal/cluster/child:157:3)
    at Worker.<anonymous> (node:internal/cluster/child:110:7)
    at process.onInternalMessage (node:internal/cluster/utils:49:5)
    at process.emit (node:events:536:35)
    at emit (node:internal/child_process:949:14)
    at process.processTicksAndRejections (node:internal/process/task_queues:91:21) {
  errno: -4091,
  code: 'EADDRINUSE',
  syscall: 'bind',
  address: null,
  port: 5000
}
Error: bind EADDRINUSE null:5000
    at listenOnPrimaryHandle (node:net:1993:18)
    at shared (node:internal/cluster/child:157:3)
    at Worker.<anonymous> (node:internal/cluster/child:110:7)
    at process.onInternalMessage (node:internal/cluster/utils:49:5)
    at process.emit (node:events:536:35)
    at emit (node:internal/child_process:949:14)
    at process.processTicksAndRejections (node:internal/process/task_queues:91:21)
2025-04-13T17:56:00: Uncaught Exception: Error: bind EADDRINUSE null:5000
    at listenOnPrimaryHandle (node:net:1993:18)
    at shared (node:internal/cluster/child:157:3)
    at Worker.<anonymous> (node:internal/cluster/child:110:7)
    at process.onInternalMessage (node:internal/cluster/utils:49:5)
    at process.emit (node:events:536:35)
    at emit (node:internal/child_process:949:14)
    at process.processTicksAndRejections (node:internal/process/task_queues:91:21) {
  errno: -4091,
  code: 'EADDRINUSE',
  syscall: 'bind',
  address: null,
  port: 5000
}
2025-04-13T17:56:01: Server is shutting down with code 1
2025-04-13T17:56:03: Database connected
2025-04-13T17:56:03: WebSocket server initialized
2025-04-13T17:56:03: Server error: Error: bind EADDRINUSE null:5000
    at listenOnPrimaryHandle (node:net:1993:18)
    at shared (node:internal/cluster/child:157:3)
    at Worker.<anonymous> (node:internal/cluster/child:110:7)
    at process.onInternalMessage (node:internal/cluster/utils:49:5)
    at process.emit (node:events:536:35)
    at emit (node:internal/child_process:949:14)
    at process.processTicksAndRejections (node:internal/process/task_queues:91:21) {
  errno: -4091,
  code: 'EADDRINUSE',
  syscall: 'bind',
  address: null,
  port: 5000
}
Error: bind EADDRINUSE null:5000
    at listenOnPrimaryHandle (node:net:1993:18)
    at shared (node:internal/cluster/child:157:3)
    at Worker.<anonymous> (node:internal/cluster/child:110:7)
    at process.onInternalMessage (node:internal/cluster/utils:49:5)
    at process.emit (node:events:536:35)
    at emit (node:internal/child_process:949:14)
    at process.processTicksAndRejections (node:internal/process/task_queues:91:21)
2025-04-13T17:56:03: Uncaught Exception: Error: bind EADDRINUSE null:5000
    at listenOnPrimaryHandle (node:net:1993:18)
    at shared (node:internal/cluster/child:157:3)
    at Worker.<anonymous> (node:internal/cluster/child:110:7)
    at process.onInternalMessage (node:internal/cluster/utils:49:5)
    at process.emit (node:events:536:35)
    at emit (node:internal/child_process:949:14)
    at process.processTicksAndRejections (node:internal/process/task_queues:91:21) {
  errno: -4091,
  code: 'EADDRINUSE',
  syscall: 'bind',
  address: null,
  port: 5000
}
2025-04-13T17:56:04: Server is shutting down with code 1
2025-04-13T17:56:07: Database connected
2025-04-13T17:56:07: WebSocket server initialized
2025-04-13T17:56:07: Server error: Error: bind EADDRINUSE null:5000
    at listenOnPrimaryHandle (node:net:1993:18)
    at shared (node:internal/cluster/child:157:3)
    at Worker.<anonymous> (node:internal/cluster/child:110:7)
    at process.onInternalMessage (node:internal/cluster/utils:49:5)
    at process.emit (node:events:536:35)
    at emit (node:internal/child_process:949:14)
    at process.processTicksAndRejections (node:internal/process/task_queues:91:21) {
  errno: -4091,
  code: 'EADDRINUSE',
  syscall: 'bind',
  address: null,
  port: 5000
}
Error: bind EADDRINUSE null:5000
    at listenOnPrimaryHandle (node:net:1993:18)
    at shared (node:internal/cluster/child:157:3)
    at Worker.<anonymous> (node:internal/cluster/child:110:7)
    at process.onInternalMessage (node:internal/cluster/utils:49:5)
    at process.emit (node:events:536:35)
    at emit (node:internal/child_process:949:14)
    at process.processTicksAndRejections (node:internal/process/task_queues:91:21)
2025-04-13T17:56:07: Uncaught Exception: Error: bind EADDRINUSE null:5000
    at listenOnPrimaryHandle (node:net:1993:18)
    at shared (node:internal/cluster/child:157:3)
    at Worker.<anonymous> (node:internal/cluster/child:110:7)
    at process.onInternalMessage (node:internal/cluster/utils:49:5)
    at process.emit (node:events:536:35)
    at emit (node:internal/child_process:949:14)
    at process.processTicksAndRejections (node:internal/process/task_queues:91:21) {
  errno: -4091,
  code: 'EADDRINUSE',
  syscall: 'bind',
  address: null,
  port: 5000
}
2025-04-13T17:56:08: Server is shutting down with code 1
2025-04-13T17:56:10: Database connected
2025-04-13T17:56:10: WebSocket server initialized
2025-04-13T17:56:10: Server error: Error: bind EADDRINUSE null:5000
    at listenOnPrimaryHandle (node:net:1993:18)
    at shared (node:internal/cluster/child:157:3)
    at Worker.<anonymous> (node:internal/cluster/child:110:7)
    at process.onInternalMessage (node:internal/cluster/utils:49:5)
    at process.emit (node:events:536:35)
    at emit (node:internal/child_process:949:14)
    at process.processTicksAndRejections (node:internal/process/task_queues:91:21) {
  errno: -4091,
  code: 'EADDRINUSE',
  syscall: 'bind',
  address: null,
  port: 5000
}
Error: bind EADDRINUSE null:5000
    at listenOnPrimaryHandle (node:net:1993:18)
    at shared (node:internal/cluster/child:157:3)
    at Worker.<anonymous> (node:internal/cluster/child:110:7)
    at process.onInternalMessage (node:internal/cluster/utils:49:5)
    at process.emit (node:events:536:35)
    at emit (node:internal/child_process:949:14)
    at process.processTicksAndRejections (node:internal/process/task_queues:91:21)
2025-04-13T17:56:10: Uncaught Exception: Error: bind EADDRINUSE null:5000
    at listenOnPrimaryHandle (node:net:1993:18)
    at shared (node:internal/cluster/child:157:3)
    at Worker.<anonymous> (node:internal/cluster/child:110:7)
    at process.onInternalMessage (node:internal/cluster/utils:49:5)
    at process.emit (node:events:536:35)
    at emit (node:internal/child_process:949:14)
    at process.processTicksAndRejections (node:internal/process/task_queues:91:21) {
  errno: -4091,
  code: 'EADDRINUSE',
  syscall: 'bind',
  address: null,
  port: 5000
}
2025-04-13T17:56:11: Server is shutting down with code 1
2025-04-13T17:56:13: Database connected
2025-04-13T17:56:13: WebSocket server initialized
2025-04-13T17:56:13: Server error: Error: bind EADDRINUSE null:5000
    at listenOnPrimaryHandle (node:net:1993:18)
    at shared (node:internal/cluster/child:157:3)
    at Worker.<anonymous> (node:internal/cluster/child:110:7)
    at process.onInternalMessage (node:internal/cluster/utils:49:5)
    at process.emit (node:events:536:35)
    at emit (node:internal/child_process:949:14)
    at process.processTicksAndRejections (node:internal/process/task_queues:91:21) {
  errno: -4091,
  code: 'EADDRINUSE',
  syscall: 'bind',
  address: null,
  port: 5000
}
Error: bind EADDRINUSE null:5000
    at listenOnPrimaryHandle (node:net:1993:18)
    at shared (node:internal/cluster/child:157:3)
    at Worker.<anonymous> (node:internal/cluster/child:110:7)
    at process.onInternalMessage (node:internal/cluster/utils:49:5)
    at process.emit (node:events:536:35)
    at emit (node:internal/child_process:949:14)
    at process.processTicksAndRejections (node:internal/process/task_queues:91:21)
2025-04-13T17:56:13: Uncaught Exception: Error: bind EADDRINUSE null:5000
    at listenOnPrimaryHandle (node:net:1993:18)
    at shared (node:internal/cluster/child:157:3)
    at Worker.<anonymous> (node:internal/cluster/child:110:7)
    at process.onInternalMessage (node:internal/cluster/utils:49:5)
    at process.emit (node:events:536:35)
    at emit (node:internal/child_process:949:14)
    at process.processTicksAndRejections (node:internal/process/task_queues:91:21) {
  errno: -4091,
  code: 'EADDRINUSE',
  syscall: 'bind',
  address: null,
  port: 5000
}
2025-04-13T17:56:14: Server is shutting down with code 1
2025-04-13T17:56:17: Database connected
2025-04-13T17:56:17: WebSocket server initialized
2025-04-13T17:56:17: Server error: Error: bind EADDRINUSE null:5000
    at listenOnPrimaryHandle (node:net:1993:18)
    at shared (node:internal/cluster/child:157:3)
    at Worker.<anonymous> (node:internal/cluster/child:110:7)
    at process.onInternalMessage (node:internal/cluster/utils:49:5)
    at process.emit (node:events:536:35)
    at emit (node:internal/child_process:949:14)
    at process.processTicksAndRejections (node:internal/process/task_queues:91:21) {
  errno: -4091,
  code: 'EADDRINUSE',
  syscall: 'bind',
  address: null,
  port: 5000
}
Error: bind EADDRINUSE null:5000
    at listenOnPrimaryHandle (node:net:1993:18)
    at shared (node:internal/cluster/child:157:3)
    at Worker.<anonymous> (node:internal/cluster/child:110:7)
    at process.onInternalMessage (node:internal/cluster/utils:49:5)
    at process.emit (node:events:536:35)
    at emit (node:internal/child_process:949:14)
    at process.processTicksAndRejections (node:internal/process/task_queues:91:21)
2025-04-13T17:56:17: Uncaught Exception: Error: bind EADDRINUSE null:5000
    at listenOnPrimaryHandle (node:net:1993:18)
    at shared (node:internal/cluster/child:157:3)
    at Worker.<anonymous> (node:internal/cluster/child:110:7)
    at process.onInternalMessage (node:internal/cluster/utils:49:5)
    at process.emit (node:events:536:35)
    at emit (node:internal/child_process:949:14)
    at process.processTicksAndRejections (node:internal/process/task_queues:91:21) {
  errno: -4091,
  code: 'EADDRINUSE',
  syscall: 'bind',
  address: null,
  port: 5000
}
2025-04-13T17:56:18: Server is shutting down with code 1
2025-04-13T17:56:20: Database connected
2025-04-13T17:56:20: WebSocket server initialized
2025-04-13T17:56:20: Server error: Error: bind EADDRINUSE null:5000
    at listenOnPrimaryHandle (node:net:1993:18)
    at shared (node:internal/cluster/child:157:3)
    at Worker.<anonymous> (node:internal/cluster/child:110:7)
    at process.onInternalMessage (node:internal/cluster/utils:49:5)
    at process.emit (node:events:536:35)
    at emit (node:internal/child_process:949:14)
    at process.processTicksAndRejections (node:internal/process/task_queues:91:21) {
  errno: -4091,
  code: 'EADDRINUSE',
  syscall: 'bind',
  address: null,
  port: 5000
}
Error: bind EADDRINUSE null:5000
    at listenOnPrimaryHandle (node:net:1993:18)
    at shared (node:internal/cluster/child:157:3)
    at Worker.<anonymous> (node:internal/cluster/child:110:7)
    at process.onInternalMessage (node:internal/cluster/utils:49:5)
    at process.emit (node:events:536:35)
    at emit (node:internal/child_process:949:14)
    at process.processTicksAndRejections (node:internal/process/task_queues:91:21)
2025-04-13T17:56:20: Uncaught Exception: Error: bind EADDRINUSE null:5000
    at listenOnPrimaryHandle (node:net:1993:18)
    at shared (node:internal/cluster/child:157:3)
    at Worker.<anonymous> (node:internal/cluster/child:110:7)
    at process.onInternalMessage (node:internal/cluster/utils:49:5)
    at process.emit (node:events:536:35)
    at emit (node:internal/child_process:949:14)
    at process.processTicksAndRejections (node:internal/process/task_queues:91:21) {
  errno: -4091,
  code: 'EADDRINUSE',
  syscall: 'bind',
  address: null,
  port: 5000
}
2025-04-13T17:56:21: Server is shutting down with code 1
2025-04-13T17:56:23: Database connected
2025-04-13T17:56:23: WebSocket server initialized
2025-04-13T17:56:23: Server error: Error: bind EADDRINUSE null:5000
    at listenOnPrimaryHandle (node:net:1993:18)
    at shared (node:internal/cluster/child:157:3)
    at Worker.<anonymous> (node:internal/cluster/child:110:7)
    at process.onInternalMessage (node:internal/cluster/utils:49:5)
    at process.emit (node:events:536:35)
    at emit (node:internal/child_process:949:14)
    at process.processTicksAndRejections (node:internal/process/task_queues:91:21) {
  errno: -4091,
  code: 'EADDRINUSE',
  syscall: 'bind',
  address: null,
  port: 5000
}
Error: bind EADDRINUSE null:5000
    at listenOnPrimaryHandle (node:net:1993:18)
    at shared (node:internal/cluster/child:157:3)
    at Worker.<anonymous> (node:internal/cluster/child:110:7)
    at process.onInternalMessage (node:internal/cluster/utils:49:5)
    at process.emit (node:events:536:35)
    at emit (node:internal/child_process:949:14)
    at process.processTicksAndRejections (node:internal/process/task_queues:91:21)
2025-04-13T17:56:23: Uncaught Exception: Error: bind EADDRINUSE null:5000
    at listenOnPrimaryHandle (node:net:1993:18)
    at shared (node:internal/cluster/child:157:3)
    at Worker.<anonymous> (node:internal/cluster/child:110:7)
    at process.onInternalMessage (node:internal/cluster/utils:49:5)
    at process.emit (node:events:536:35)
    at emit (node:internal/child_process:949:14)
    at process.processTicksAndRejections (node:internal/process/task_queues:91:21) {
  errno: -4091,
  code: 'EADDRINUSE',
  syscall: 'bind',
  address: null,
  port: 5000
}
2025-04-13T17:56:25: Server is shutting down with code 1
2025-04-13T17:56:27: Database connected
2025-04-13T17:56:27: WebSocket server initialized
2025-04-13T17:56:27: Server error: Error: bind EADDRINUSE null:5000
    at listenOnPrimaryHandle (node:net:1993:18)
    at shared (node:internal/cluster/child:157:3)
    at Worker.<anonymous> (node:internal/cluster/child:110:7)
    at process.onInternalMessage (node:internal/cluster/utils:49:5)
    at process.emit (node:events:536:35)
    at emit (node:internal/child_process:949:14)
    at process.processTicksAndRejections (node:internal/process/task_queues:91:21) {
  errno: -4091,
  code: 'EADDRINUSE',
  syscall: 'bind',
  address: null,
  port: 5000
}
Error: bind EADDRINUSE null:5000
    at listenOnPrimaryHandle (node:net:1993:18)
    at shared (node:internal/cluster/child:157:3)
    at Worker.<anonymous> (node:internal/cluster/child:110:7)
    at process.onInternalMessage (node:internal/cluster/utils:49:5)
    at process.emit (node:events:536:35)
    at emit (node:internal/child_process:949:14)
    at process.processTicksAndRejections (node:internal/process/task_queues:91:21)
2025-04-13T17:56:27: Uncaught Exception: Error: bind EADDRINUSE null:5000
    at listenOnPrimaryHandle (node:net:1993:18)
    at shared (node:internal/cluster/child:157:3)
    at Worker.<anonymous> (node:internal/cluster/child:110:7)
    at process.onInternalMessage (node:internal/cluster/utils:49:5)
    at process.emit (node:events:536:35)
    at emit (node:internal/child_process:949:14)
    at process.processTicksAndRejections (node:internal/process/task_queues:91:21) {
  errno: -4091,
  code: 'EADDRINUSE',
  syscall: 'bind',
  address: null,
  port: 5000
}
2025-04-13T17:56:28: Server is shutting down with code 1
2025-04-13T17:56:30: Database connected
2025-04-13T17:56:30: WebSocket server initialized
2025-04-13T17:56:30: Server error: Error: bind EADDRINUSE null:5000
    at listenOnPrimaryHandle (node:net:1993:18)
    at shared (node:internal/cluster/child:157:3)
    at Worker.<anonymous> (node:internal/cluster/child:110:7)
    at process.onInternalMessage (node:internal/cluster/utils:49:5)
    at process.emit (node:events:536:35)
    at emit (node:internal/child_process:949:14)
    at process.processTicksAndRejections (node:internal/process/task_queues:91:21) {
  errno: -4091,
  code: 'EADDRINUSE',
  syscall: 'bind',
  address: null,
  port: 5000
}
Error: bind EADDRINUSE null:5000
    at listenOnPrimaryHandle (node:net:1993:18)
    at shared (node:internal/cluster/child:157:3)
    at Worker.<anonymous> (node:internal/cluster/child:110:7)
    at process.onInternalMessage (node:internal/cluster/utils:49:5)
    at process.emit (node:events:536:35)
    at emit (node:internal/child_process:949:14)
    at process.processTicksAndRejections (node:internal/process/task_queues:91:21)
2025-04-13T17:56:30: Uncaught Exception: Error: bind EADDRINUSE null:5000
    at listenOnPrimaryHandle (node:net:1993:18)
    at shared (node:internal/cluster/child:157:3)
    at Worker.<anonymous> (node:internal/cluster/child:110:7)
    at process.onInternalMessage (node:internal/cluster/utils:49:5)
    at process.emit (node:events:536:35)
    at emit (node:internal/child_process:949:14)
    at process.processTicksAndRejections (node:internal/process/task_queues:91:21) {
  errno: -4091,
  code: 'EADDRINUSE',
  syscall: 'bind',
  address: null,
  port: 5000
}
2025-04-13T17:56:31: Server is shutting down with code 1
2025-04-13T17:56:34: Database connected
2025-04-13T17:56:34: WebSocket server initialized
2025-04-13T17:56:34: Server error: Error: bind EADDRINUSE null:5000
    at listenOnPrimaryHandle (node:net:1993:18)
    at shared (node:internal/cluster/child:157:3)
    at Worker.<anonymous> (node:internal/cluster/child:110:7)
    at process.onInternalMessage (node:internal/cluster/utils:49:5)
    at process.emit (node:events:536:35)
    at emit (node:internal/child_process:949:14)
    at process.processTicksAndRejections (node:internal/process/task_queues:91:21) {
  errno: -4091,
  code: 'EADDRINUSE',
  syscall: 'bind',
  address: null,
  port: 5000
}
Error: bind EADDRINUSE null:5000
    at listenOnPrimaryHandle (node:net:1993:18)
    at shared (node:internal/cluster/child:157:3)
    at Worker.<anonymous> (node:internal/cluster/child:110:7)
    at process.onInternalMessage (node:internal/cluster/utils:49:5)
    at process.emit (node:events:536:35)
    at emit (node:internal/child_process:949:14)
    at process.processTicksAndRejections (node:internal/process/task_queues:91:21)
2025-04-13T17:56:34: Uncaught Exception: Error: bind EADDRINUSE null:5000
    at listenOnPrimaryHandle (node:net:1993:18)
    at shared (node:internal/cluster/child:157:3)
    at Worker.<anonymous> (node:internal/cluster/child:110:7)
    at process.onInternalMessage (node:internal/cluster/utils:49:5)
    at process.emit (node:events:536:35)
    at emit (node:internal/child_process:949:14)
    at process.processTicksAndRejections (node:internal/process/task_queues:91:21) {
  errno: -4091,
  code: 'EADDRINUSE',
  syscall: 'bind',
  address: null,
  port: 5000
}
2025-04-13T17:56:35: Server is shutting down with code 1
2025-04-13T17:56:37: Database connected
2025-04-13T17:56:37: WebSocket server initialized
2025-04-13T17:56:37: Server error: Error: bind EADDRINUSE null:5000
    at listenOnPrimaryHandle (node:net:1993:18)
    at shared (node:internal/cluster/child:157:3)
    at Worker.<anonymous> (node:internal/cluster/child:110:7)
    at process.onInternalMessage (node:internal/cluster/utils:49:5)
    at process.emit (node:events:536:35)
    at emit (node:internal/child_process:949:14)
    at process.processTicksAndRejections (node:internal/process/task_queues:91:21) {
  errno: -4091,
  code: 'EADDRINUSE',
  syscall: 'bind',
  address: null,
  port: 5000
}
Error: bind EADDRINUSE null:5000
    at listenOnPrimaryHandle (node:net:1993:18)
    at shared (node:internal/cluster/child:157:3)
    at Worker.<anonymous> (node:internal/cluster/child:110:7)
    at process.onInternalMessage (node:internal/cluster/utils:49:5)
    at process.emit (node:events:536:35)
    at emit (node:internal/child_process:949:14)
    at process.processTicksAndRejections (node:internal/process/task_queues:91:21)
2025-04-13T17:56:37: Uncaught Exception: Error: bind EADDRINUSE null:5000
    at listenOnPrimaryHandle (node:net:1993:18)
    at shared (node:internal/cluster/child:157:3)
    at Worker.<anonymous> (node:internal/cluster/child:110:7)
    at process.onInternalMessage (node:internal/cluster/utils:49:5)
    at process.emit (node:events:536:35)
    at emit (node:internal/child_process:949:14)
    at process.processTicksAndRejections (node:internal/process/task_queues:91:21) {
  errno: -4091,
  code: 'EADDRINUSE',
  syscall: 'bind',
  address: null,
  port: 5000
}
2025-04-13T17:56:38: Server is shutting down with code 1
2025-04-13T17:56:40: Database connected
2025-04-13T17:56:40: WebSocket server initialized
2025-04-13T17:56:40: Server error: Error: bind EADDRINUSE null:5000
    at listenOnPrimaryHandle (node:net:1993:18)
    at shared (node:internal/cluster/child:157:3)
    at Worker.<anonymous> (node:internal/cluster/child:110:7)
    at process.onInternalMessage (node:internal/cluster/utils:49:5)
    at process.emit (node:events:536:35)
    at emit (node:internal/child_process:949:14)
    at process.processTicksAndRejections (node:internal/process/task_queues:91:21) {
  errno: -4091,
  code: 'EADDRINUSE',
  syscall: 'bind',
  address: null,
  port: 5000
}
Error: bind EADDRINUSE null:5000
    at listenOnPrimaryHandle (node:net:1993:18)
    at shared (node:internal/cluster/child:157:3)
    at Worker.<anonymous> (node:internal/cluster/child:110:7)
    at process.onInternalMessage (node:internal/cluster/utils:49:5)
    at process.emit (node:events:536:35)
    at emit (node:internal/child_process:949:14)
    at process.processTicksAndRejections (node:internal/process/task_queues:91:21)
2025-04-13T17:56:40: Uncaught Exception: Error: bind EADDRINUSE null:5000
    at listenOnPrimaryHandle (node:net:1993:18)
    at shared (node:internal/cluster/child:157:3)
    at Worker.<anonymous> (node:internal/cluster/child:110:7)
    at process.onInternalMessage (node:internal/cluster/utils:49:5)
    at process.emit (node:events:536:35)
    at emit (node:internal/child_process:949:14)
    at process.processTicksAndRejections (node:internal/process/task_queues:91:21) {
  errno: -4091,
  code: 'EADDRINUSE',
  syscall: 'bind',
  address: null,
  port: 5000
}
2025-04-13T17:56:41: Server is shutting down with code 1
2025-04-13T17:56:44: Database connected
2025-04-13T17:56:44: WebSocket server initialized
2025-04-13T17:56:44: Server error: Error: bind EADDRINUSE null:5000
    at listenOnPrimaryHandle (node:net:1993:18)
    at shared (node:internal/cluster/child:157:3)
    at Worker.<anonymous> (node:internal/cluster/child:110:7)
    at process.onInternalMessage (node:internal/cluster/utils:49:5)
    at process.emit (node:events:536:35)
    at emit (node:internal/child_process:949:14)
    at process.processTicksAndRejections (node:internal/process/task_queues:91:21) {
  errno: -4091,
  code: 'EADDRINUSE',
  syscall: 'bind',
  address: null,
  port: 5000
}
Error: bind EADDRINUSE null:5000
    at listenOnPrimaryHandle (node:net:1993:18)
    at shared (node:internal/cluster/child:157:3)
    at Worker.<anonymous> (node:internal/cluster/child:110:7)
    at process.onInternalMessage (node:internal/cluster/utils:49:5)
    at process.emit (node:events:536:35)
    at emit (node:internal/child_process:949:14)
    at process.processTicksAndRejections (node:internal/process/task_queues:91:21)
2025-04-13T17:56:44: Uncaught Exception: Error: bind EADDRINUSE null:5000
    at listenOnPrimaryHandle (node:net:1993:18)
    at shared (node:internal/cluster/child:157:3)
    at Worker.<anonymous> (node:internal/cluster/child:110:7)
    at process.onInternalMessage (node:internal/cluster/utils:49:5)
    at process.emit (node:events:536:35)
    at emit (node:internal/child_process:949:14)
    at process.processTicksAndRejections (node:internal/process/task_queues:91:21) {
  errno: -4091,
  code: 'EADDRINUSE',
  syscall: 'bind',
  address: null,
  port: 5000
}
2025-04-13T17:56:45: Server is shutting down with code 1
2025-04-13T17:56:47: Database connected
2025-04-13T17:56:47: WebSocket server initialized
2025-04-13T17:56:50: Database connected
2025-04-13T17:56:50: WebSocket server initialized
2025-04-13T17:56:53: Database connected
2025-04-13T17:56:53: WebSocket server initialized
2025-04-13T17:56:56: Database connected
2025-04-13T17:56:56: WebSocket server initialized
2025-04-13T17:56:58: Database connected
2025-04-13T17:56:58: WebSocket server initialized
2025-04-13T17:57:08: Database connected
2025-04-13T17:57:08: WebSocket server initialized
2025-04-13T17:57:11: Database connected
2025-04-13T17:57:11: WebSocket server initialized
2025-04-13T17:57:13: Database connected
2025-04-13T17:57:13: WebSocket server initialized
2025-04-13T17:57:15: Database connected
2025-04-13T17:57:15: WebSocket server initialized
2025-04-13T17:57:18: Database connected
2025-04-13T17:57:18: WebSocket server initialized
2025-04-13T17:57:20: Database connected
2025-04-13T17:57:20: WebSocket server initialized
2025-04-13T17:57:23: Database connected
2025-04-13T17:57:23: WebSocket server initialized
2025-04-13T17:57:25: Database connected
2025-04-13T17:57:25: WebSocket server initialized
2025-04-13T17:57:28: Database connected
2025-04-13T17:57:28: WebSocket server initialized
2025-04-13T17:57:30: Database connected
2025-04-13T17:57:30: WebSocket server initialized
2025-04-13T17:57:30: Server Error: bind EADDRINUSE null:5000
2025-04-13T17:57:33: Database connected
2025-04-13T17:57:33: WebSocket server initialized
2025-04-13T17:57:35: Database connected
2025-04-13T17:57:35: WebSocket server initialized
2025-04-13T17:57:38: Database connected
2025-04-13T17:57:38: WebSocket server initialized
2025-04-13T17:57:40: Database connected
2025-04-13T17:57:40: WebSocket server initialized
2025-04-13T17:57:43: Database connected
2025-04-13T17:57:43: WebSocket server initialized
2025-04-13T17:57:45: Database connected
2025-04-13T17:57:45: WebSocket server initialized
2025-04-13T17:57:48: Database connected
2025-04-13T17:57:48: WebSocket server initialized
2025-04-13T17:57:51: Database connected
2025-04-13T17:57:51: WebSocket server initialized
2025-04-13T17:57:54: Database connected
2025-04-13T17:57:54: WebSocket server initialized
2025-04-13T17:57:56: Database connected
2025-04-13T17:57:56: WebSocket server initialized
2025-04-13T17:57:59: Database connected
2025-04-13T17:57:59: WebSocket server initialized
2025-04-13T17:58:02: Database connected
2025-04-13T17:58:02: WebSocket server initialized
2025-04-13T17:58:04: Database connected
2025-04-13T17:58:04: WebSocket server initialized
2025-04-13T17:58:06: Database connected
2025-04-13T17:58:06: WebSocket server initialized
2025-04-13T17:58:08: Database connected
2025-04-13T17:58:08: WebSocket server initialized
2025-04-13T17:58:11: Database connected
2025-04-13T17:58:11: WebSocket server initialized
2025-04-13T17:58:13: Database connected
2025-04-13T17:58:13: WebSocket server initialized
2025-04-13T17:58:16: Database connected
2025-04-13T17:58:16: WebSocket server initialized
2025-04-13T17:58:18: Database connected
2025-04-13T17:58:18: WebSocket server initialized
2025-04-13T17:58:21: Database connected
2025-04-13T17:58:21: WebSocket server initialized
2025-04-13T17:58:24: Database connected
2025-04-13T17:58:24: WebSocket server initialized
2025-04-13T17:58:26: Database connected
2025-04-13T17:58:26: WebSocket server initialized
2025-04-13T17:58:26: Server started on port 5000 (production)
