2025-04-13T17:51:10: Database connected
2025-04-13T17:51:10: WebSocket server initialized
2025-04-13T17:51:11: Server is shutting down with code 1
2025-04-13T17:51:13: Database connected
2025-04-13T17:51:13: WebSocket server initialized
2025-04-13T17:51:14: Server is shutting down with code 1
2025-04-13T17:51:17: Database connected
2025-04-13T17:51:17: WebSocket server initialized
2025-04-13T17:51:18: Server is shutting down with code 1
2025-04-13T17:51:21: Database connected
2025-04-13T17:51:21: WebSocket server initialized
2025-04-13T17:51:22: Server is shutting down with code 1
2025-04-13T17:51:25: Database connected
2025-04-13T17:51:25: WebSocket server initialized
2025-04-13T17:51:26: Server is shutting down with code 1
2025-04-13T17:51:29: Database connected
2025-04-13T17:51:29: WebSocket server initialized
2025-04-13T17:51:30: Server is shutting down with code 1
2025-04-13T17:51:32: Database connected
2025-04-13T17:51:32: WebSocket server initialized
2025-04-13T17:51:33: Server is shutting down with code 1
2025-04-13T17:51:36: Database connected
2025-04-13T17:51:36: WebSocket server initialized
2025-04-13T17:51:37: Server is shutting down with code 1
2025-04-13T17:51:39: Database connected
2025-04-13T17:51:39: WebSocket server initialized
2025-04-13T17:51:40: Server is shutting down with code 1
2025-04-13T17:51:42: Database connected
2025-04-13T17:51:42: WebSocket server initialized
2025-04-13T17:51:43: Server is shutting down with code 1
2025-04-13T17:51:46: Database connected
2025-04-13T17:51:46: WebSocket server initialized
2025-04-13T17:51:47: Server is shutting down with code 1
2025-04-13T17:51:49: Database connected
2025-04-13T17:51:49: WebSocket server initialized
2025-04-13T17:51:50: Server is shutting down with code 1
2025-04-13T17:51:53: Database connected
2025-04-13T17:51:53: WebSocket server initialized
2025-04-13T17:51:54: Server is shutting down with code 1
2025-04-13T17:51:56: Database connected
2025-04-13T17:51:56: WebSocket server initialized
2025-04-13T17:51:57: Server is shutting down with code 1
2025-04-13T17:52:00: Database connected
2025-04-13T17:52:00: WebSocket server initialized
2025-04-13T17:52:01: Server is shutting down with code 1
2025-04-13T17:52:03: Database connected
2025-04-13T17:52:03: WebSocket server initialized
2025-04-13T17:52:04: Server is shutting down with code 1
2025-04-13T17:52:06: Database connected
2025-04-13T17:52:06: WebSocket server initialized
2025-04-13T17:52:07: Server is shutting down with code 1
2025-04-13T17:52:10: Database connected
2025-04-13T17:52:10: WebSocket server initialized
2025-04-13T17:52:11: Server is shutting down with code 1
2025-04-13T17:52:13: Database connected
2025-04-13T17:52:13: WebSocket server initialized
2025-04-13T17:52:14: Server is shutting down with code 1
2025-04-13T17:52:16: Database connected
2025-04-13T17:52:16: WebSocket server initialized
2025-04-13T17:52:17: Server is shutting down with code 1
2025-04-13T17:54:42: Database connected
2025-04-13T17:54:42: WebSocket server initialized
2025-04-13T17:54:43: Server is shutting down with code 1
2025-04-13T17:54:48: Database connected
2025-04-13T17:54:48: WebSocket server initialized
2025-04-13T17:54:49: Server is shutting down with code 1
2025-04-13T17:54:57: Database connected
2025-04-13T17:54:57: WebSocket server initialized
2025-04-13T17:54:58: Server is shutting down with code 1
2025-04-13T17:55:06: Database connected
2025-04-13T17:55:06: WebSocket server initialized
2025-04-13T17:55:07: Server is shutting down with code 1
2025-04-13T17:55:10: Database connected
2025-04-13T17:55:10: WebSocket server initialized
2025-04-13T17:55:11: Server is shutting down with code 1
2025-04-13T17:55:15: Database connected
2025-04-13T17:55:15: WebSocket server initialized
2025-04-13T17:55:16: Server is shutting down with code 1
2025-04-13T17:55:18: Database connected
2025-04-13T17:55:18: WebSocket server initialized
2025-04-13T17:55:19: Server is shutting down with code 1
2025-04-13T17:55:22: Database connected
2025-04-13T17:55:22: WebSocket server initialized
2025-04-13T17:55:23: Server is shutting down with code 1
2025-04-13T17:55:26: Database connected
2025-04-13T17:55:26: WebSocket server initialized
2025-04-13T17:55:27: Server is shutting down with code 1
2025-04-13T17:55:30: Database connected
2025-04-13T17:55:30: WebSocket server initialized
2025-04-13T17:55:31: Server is shutting down with code 1
2025-04-13T17:55:33: Database connected
2025-04-13T17:55:33: WebSocket server initialized
2025-04-13T17:55:34: Server is shutting down with code 1
2025-04-13T17:55:38: Database connected
2025-04-13T17:55:38: WebSocket server initialized
2025-04-13T17:55:39: Server is shutting down with code 1
2025-04-13T17:55:43: Database connected
2025-04-13T17:55:43: WebSocket server initialized
2025-04-13T17:55:44: Server is shutting down with code 1
2025-04-13T17:55:47: Database connected
2025-04-13T17:55:47: WebSocket server initialized
2025-04-13T17:55:48: Server is shutting down with code 1
2025-04-13T17:55:51: Database connected
2025-04-13T17:55:51: WebSocket server initialized
2025-04-13T17:55:52: Server is shutting down with code 1
2025-04-13T17:55:55: Database connected
2025-04-13T17:55:55: WebSocket server initialized
2025-04-13T17:55:56: Server is shutting down with code 1
2025-04-13T17:55:58: Database connected
2025-04-13T17:55:58: WebSocket server initialized
2025-04-13T17:55:59: Server is shutting down with code 1
2025-04-13T17:56:02: Database connected
2025-04-13T17:56:02: WebSocket server initialized
2025-04-13T17:56:03: Server is shutting down with code 1
2025-04-13T17:56:05: Database connected
2025-04-13T17:56:05: WebSocket server initialized
2025-04-13T17:56:06: Server is shutting down with code 1
2025-04-13T17:56:08: Database connected
2025-04-13T17:56:08: WebSocket server initialized
2025-04-13T17:56:09: Server is shutting down with code 1
2025-04-13T17:56:12: Database connected
2025-04-13T17:56:12: WebSocket server initialized
2025-04-13T17:56:13: Server is shutting down with code 1
2025-04-13T17:56:15: Database connected
2025-04-13T17:56:15: WebSocket server initialized
2025-04-13T17:56:16: Server is shutting down with code 1
2025-04-13T17:56:19: Database connected
2025-04-13T17:56:19: WebSocket server initialized
2025-04-13T17:56:20: Server is shutting down with code 1
2025-04-13T17:56:22: Database connected
2025-04-13T17:56:22: WebSocket server initialized
2025-04-13T17:56:23: Server is shutting down with code 1
2025-04-13T17:56:25: Database connected
2025-04-13T17:56:25: WebSocket server initialized
2025-04-13T17:56:26: Server is shutting down with code 1
2025-04-13T17:56:29: Database connected
2025-04-13T17:56:29: WebSocket server initialized
2025-04-13T17:56:30: Server is shutting down with code 1
2025-04-13T17:56:33: Database connected
2025-04-13T17:56:33: WebSocket server initialized
2025-04-13T17:56:34: Server is shutting down with code 1
2025-04-13T17:56:36: Database connected
2025-04-13T17:56:36: WebSocket server initialized
2025-04-13T17:56:37: Server is shutting down with code 1
2025-04-13T17:56:40: Database connected
2025-04-13T17:56:40: WebSocket server initialized
2025-04-13T17:56:41: Server is shutting down with code 1
2025-04-13T17:56:43: Database connected
2025-04-13T17:56:43: WebSocket server initialized
2025-04-13T17:56:44: Server is shutting down with code 1
2025-04-13T17:56:47: Database connected
2025-04-13T17:56:47: WebSocket server initialized
2025-04-13T17:56:50: Database connected
2025-04-13T17:56:50: WebSocket server initialized
2025-04-13T17:56:52: Database connected
2025-04-13T17:56:52: WebSocket server initialized
2025-04-13T17:56:55: Database connected
2025-04-13T17:56:55: WebSocket server initialized
2025-04-13T17:56:58: Database connected
2025-04-13T17:56:58: WebSocket server initialized
2025-04-13T17:57:00: Database connected
2025-04-13T17:57:00: WebSocket server initialized
2025-04-13T17:57:08: Database connected
2025-04-13T17:57:08: WebSocket server initialized
2025-04-13T17:57:11: Database connected
2025-04-13T17:57:11: WebSocket server initialized
2025-04-13T17:57:13: Database connected
2025-04-13T17:57:13: WebSocket server initialized
2025-04-13T17:57:16: Database connected
2025-04-13T17:57:16: WebSocket server initialized
2025-04-13T17:57:18: Database connected
2025-04-13T17:57:18: WebSocket server initialized
2025-04-13T17:57:21: Database connected
2025-04-13T17:57:21: WebSocket server initialized
2025-04-13T17:57:24: Database connected
2025-04-13T17:57:24: WebSocket server initialized
2025-04-13T17:57:26: Database connected
2025-04-13T17:57:26: WebSocket server initialized
2025-04-13T17:57:29: Database connected
2025-04-13T17:57:29: WebSocket server initialized
2025-04-13T17:57:31: Database connected
2025-04-13T17:57:31: WebSocket server initialized
2025-04-13T17:57:34: Database connected
2025-04-13T17:57:34: WebSocket server initialized
2025-04-13T17:57:36: Database connected
2025-04-13T17:57:36: WebSocket server initialized
2025-04-13T17:57:38: Database connected
2025-04-13T17:57:38: WebSocket server initialized
2025-04-13T17:57:41: Database connected
2025-04-13T17:57:41: WebSocket server initialized
2025-04-13T17:57:43: Database connected
2025-04-13T17:57:43: WebSocket server initialized
2025-04-13T17:57:46: Database connected
2025-04-13T17:57:46: WebSocket server initialized
2025-04-13T17:57:48: Database connected
2025-04-13T17:57:48: WebSocket server initialized
2025-04-13T17:57:51: Database connected
2025-04-13T17:57:51: WebSocket server initialized
2025-04-13T17:57:54: Database connected
2025-04-13T17:57:54: WebSocket server initialized
2025-04-13T17:57:57: Database connected
2025-04-13T17:57:57: WebSocket server initialized
2025-04-13T17:57:59: Database connected
2025-04-13T17:57:59: WebSocket server initialized
2025-04-13T17:58:02: Database connected
2025-04-13T17:58:02: WebSocket server initialized
2025-04-13T17:58:04: Database connected
2025-04-13T17:58:05: WebSocket server initialized
2025-04-13T17:58:07: Database connected
2025-04-13T17:58:07: WebSocket server initialized
2025-04-13T17:58:09: Database connected
2025-04-13T17:58:09: WebSocket server initialized
2025-04-13T17:58:12: Database connected
2025-04-13T17:58:12: WebSocket server initialized
2025-04-13T17:58:14: Database connected
2025-04-13T17:58:14: WebSocket server initialized
2025-04-13T17:58:16: Database connected
2025-04-13T17:58:16: WebSocket server initialized
2025-04-13T17:58:19: Database connected
2025-04-13T17:58:19: WebSocket server initialized
2025-04-13T17:58:21: Database connected
2025-04-13T17:58:21: WebSocket server initialized
2025-04-13T17:58:24: Database connected
2025-04-13T17:58:24: WebSocket server initialized
2025-04-13T17:58:26: Database connected
2025-04-13T17:58:26: WebSocket server initialized
2025-04-13T17:58:26: Server started on port 5000 (production)
2025-04-13T18:05:12: {
  name: 'Suresh Kumar',
  userId: 3,
  username: 'headMaster',
  role: 'headMaster'
}
2025-04-13T18:05:20: {
  name: 'Suresh Kumar',
  userId: 3,
  username: 'headMaster',
  role: 'headMaster'
}
2025-04-13T18:05:25: Database connected
2025-04-13T18:05:25: WebSocket server initialized
2025-04-13T18:05:25: Server started on port 5000 (production)
